TMS320C2000 Assembler PC v20.2.1 Mon Feb  8 19:02:46 2021

Copyright (c) 1996-2018 Texas Instruments Incorporated
os_dbg.asm                                                           PAGE    1

       1              ;***************************************************************
       2              ;* TMS320C2000 G3 C/C++ Codegen                               PC v20.2.1.LTS *
       3              ;* Date/Time created: Mon Feb  8 19:02:46 2021                 *
       4              ;***************************************************************
       5                      .compiler_opts --abi=coffabi --diag_wrap=off --float_support=softlib --hll_source=on --mem_model:code
       6                      .asg    XAR2, FP
       7              
       8              $C$DW$CU        .dwtag  DW_TAG_compile_unit
       9                      .dwattr $C$DW$CU, DW_AT_name("C:/ti/Workspace/PLC_certificate/Software/uCOS-II/Ports/C28x/Generic/CCS
      10                      .dwattr $C$DW$CU, DW_AT_producer("TI TMS320C2000 G3 C/C++ Codegen PC v20.2.1.LTS Copyright (c) 1996-2
      11                      .dwattr $C$DW$CU, DW_AT_TI_version(0x01)
      12                      .dwattr $C$DW$CU, DW_AT_comp_dir("C:\ti\Workspace\PLC_certificate\Examples\TI\TMDSDOCK28335\OS2\CCS\D
      13                      .global _OSDebugEn
      14 00000000               .sect   ".econst"
      15                      .align  1
      16                      .elfsym _OSDebugEn,SYM_SIZE(1)
      17 00000000       _OSDebugEn:
      18 00000000 0001          .bits           0x1,16
      19                                      ; _OSDebugEn @ 0
      20              
      21              $C$DW$1 .dwtag  DW_TAG_variable
      22                      .dwattr $C$DW$1, DW_AT_name("OSDebugEn")
      23                      .dwattr $C$DW$1, DW_AT_TI_symbol_name("_OSDebugEn")
      24                      .dwattr $C$DW$1, DW_AT_location[DW_OP_addr _OSDebugEn]
      25                      .dwattr $C$DW$1, DW_AT_type(*$C$DW$T$21)
      26                      .dwattr $C$DW$1, DW_AT_external
      27              
      28                      .global _OSEventEn
      29 00000001               .sect   ".econst"
      30                      .align  1
      31                      .elfsym _OSEventEn,SYM_SIZE(1)
      32 00000001       _OSEventEn:
      33 00000001 0001          .bits           0x1,16
      34                                      ; _OSEventEn @ 0
      35              
      36              $C$DW$2 .dwtag  DW_TAG_variable
      37                      .dwattr $C$DW$2, DW_AT_name("OSEventEn")
      38                      .dwattr $C$DW$2, DW_AT_TI_symbol_name("_OSEventEn")
      39                      .dwattr $C$DW$2, DW_AT_location[DW_OP_addr _OSEventEn]
      40                      .dwattr $C$DW$2, DW_AT_type(*$C$DW$T$21)
      41                      .dwattr $C$DW$2, DW_AT_external
      42              
      43                      .global _OSEventMax
      44 00000002               .sect   ".econst"
      45                      .align  1
      46                      .elfsym _OSEventMax,SYM_SIZE(1)
      47 00000002       _OSEventMax:
      48 00000002 000A          .bits           0xa,16
      49                                      ; _OSEventMax @ 0
      50              
      51              $C$DW$3 .dwtag  DW_TAG_variable
      52                      .dwattr $C$DW$3, DW_AT_name("OSEventMax")
      53                      .dwattr $C$DW$3, DW_AT_TI_symbol_name("_OSEventMax")
      54                      .dwattr $C$DW$3, DW_AT_location[DW_OP_addr _OSEventMax]
      55                      .dwattr $C$DW$3, DW_AT_type(*$C$DW$T$21)
TMS320C2000 Assembler PC v20.2.1 Mon Feb  8 19:02:46 2021

Copyright (c) 1996-2018 Texas Instruments Incorporated
os_dbg.asm                                                           PAGE    2

      56                      .dwattr $C$DW$3, DW_AT_external
      57              
      58                      .global _OSEventNameEn
      59 00000003               .sect   ".econst"
      60                      .align  1
      61                      .elfsym _OSEventNameEn,SYM_SIZE(1)
      62 00000003       _OSEventNameEn:
      63 00000003 0001          .bits           0x1,16
      64                                      ; _OSEventNameEn @ 0
      65              
      66              $C$DW$4 .dwtag  DW_TAG_variable
      67                      .dwattr $C$DW$4, DW_AT_name("OSEventNameEn")
      68                      .dwattr $C$DW$4, DW_AT_TI_symbol_name("_OSEventNameEn")
      69                      .dwattr $C$DW$4, DW_AT_location[DW_OP_addr _OSEventNameEn]
      70                      .dwattr $C$DW$4, DW_AT_type(*$C$DW$T$21)
      71                      .dwattr $C$DW$4, DW_AT_external
      72              
      73                      .global _OSEventSize
      74 00000004               .sect   ".econst"
      75                      .align  1
      76                      .elfsym _OSEventSize,SYM_SIZE(1)
      77 00000004       _OSEventSize:
      78 00000004 0010          .bits           0x10,16
      79                                      ; _OSEventSize @ 0
      80              
      81              $C$DW$5 .dwtag  DW_TAG_variable
      82                      .dwattr $C$DW$5, DW_AT_name("OSEventSize")
      83                      .dwattr $C$DW$5, DW_AT_TI_symbol_name("_OSEventSize")
      84                      .dwattr $C$DW$5, DW_AT_location[DW_OP_addr _OSEventSize]
      85                      .dwattr $C$DW$5, DW_AT_type(*$C$DW$T$21)
      86                      .dwattr $C$DW$5, DW_AT_external
      87              
      88                      .global _OSEventTblSize
      89 00000005               .sect   ".econst"
      90                      .align  1
      91                      .elfsym _OSEventTblSize,SYM_SIZE(1)
      92 00000005       _OSEventTblSize:
      93 00000005 00A0          .bits           0xa0,16
      94                                      ; _OSEventTblSize @ 0
      95              
      96              $C$DW$6 .dwtag  DW_TAG_variable
      97                      .dwattr $C$DW$6, DW_AT_name("OSEventTblSize")
      98                      .dwattr $C$DW$6, DW_AT_TI_symbol_name("_OSEventTblSize")
      99                      .dwattr $C$DW$6, DW_AT_location[DW_OP_addr _OSEventTblSize]
     100                      .dwattr $C$DW$6, DW_AT_type(*$C$DW$T$21)
     101                      .dwattr $C$DW$6, DW_AT_external
     102              
     103                      .global _OSEventMultiEn
     104 00000006               .sect   ".econst"
     105                      .align  1
     106                      .elfsym _OSEventMultiEn,SYM_SIZE(1)
     107 00000006       _OSEventMultiEn:
     108 00000006 0001          .bits           0x1,16
     109                                      ; _OSEventMultiEn @ 0
     110              
TMS320C2000 Assembler PC v20.2.1 Mon Feb  8 19:02:46 2021

Copyright (c) 1996-2018 Texas Instruments Incorporated
os_dbg.asm                                                           PAGE    3

     111              $C$DW$7 .dwtag  DW_TAG_variable
     112                      .dwattr $C$DW$7, DW_AT_name("OSEventMultiEn")
     113                      .dwattr $C$DW$7, DW_AT_TI_symbol_name("_OSEventMultiEn")
     114                      .dwattr $C$DW$7, DW_AT_location[DW_OP_addr _OSEventMultiEn]
     115                      .dwattr $C$DW$7, DW_AT_type(*$C$DW$T$21)
     116                      .dwattr $C$DW$7, DW_AT_external
     117              
     118                      .global _OSFlagEn
     119 00000007               .sect   ".econst"
     120                      .align  1
     121                      .elfsym _OSFlagEn,SYM_SIZE(1)
     122 00000007       _OSFlagEn:
     123 00000007 0001          .bits           0x1,16
     124                                      ; _OSFlagEn @ 0
     125              
     126              $C$DW$8 .dwtag  DW_TAG_variable
     127                      .dwattr $C$DW$8, DW_AT_name("OSFlagEn")
     128                      .dwattr $C$DW$8, DW_AT_TI_symbol_name("_OSFlagEn")
     129                      .dwattr $C$DW$8, DW_AT_location[DW_OP_addr _OSFlagEn]
     130                      .dwattr $C$DW$8, DW_AT_type(*$C$DW$T$21)
     131                      .dwattr $C$DW$8, DW_AT_external
     132              
     133                      .global _OSFlagGrpSize
     134 00000008               .sect   ".econst"
     135                      .align  1
     136                      .elfsym _OSFlagGrpSize,SYM_SIZE(1)
     137 00000008       _OSFlagGrpSize:
     138 00000008 0008          .bits           0x8,16
     139                                      ; _OSFlagGrpSize @ 0
     140              
     141              $C$DW$9 .dwtag  DW_TAG_variable
     142                      .dwattr $C$DW$9, DW_AT_name("OSFlagGrpSize")
     143                      .dwattr $C$DW$9, DW_AT_TI_symbol_name("_OSFlagGrpSize")
     144                      .dwattr $C$DW$9, DW_AT_location[DW_OP_addr _OSFlagGrpSize]
     145                      .dwattr $C$DW$9, DW_AT_type(*$C$DW$T$21)
     146                      .dwattr $C$DW$9, DW_AT_external
     147              
     148                      .global _OSFlagNodeSize
     149 00000009               .sect   ".econst"
     150                      .align  1
     151                      .elfsym _OSFlagNodeSize,SYM_SIZE(1)
     152 00000009       _OSFlagNodeSize:
     153 00000009 000A          .bits           0xa,16
     154                                      ; _OSFlagNodeSize @ 0
     155              
     156              $C$DW$10        .dwtag  DW_TAG_variable
     157                      .dwattr $C$DW$10, DW_AT_name("OSFlagNodeSize")
     158                      .dwattr $C$DW$10, DW_AT_TI_symbol_name("_OSFlagNodeSize")
     159                      .dwattr $C$DW$10, DW_AT_location[DW_OP_addr _OSFlagNodeSize]
     160                      .dwattr $C$DW$10, DW_AT_type(*$C$DW$T$21)
     161                      .dwattr $C$DW$10, DW_AT_external
     162              
     163                      .global _OSFlagWidth
     164 0000000a               .sect   ".econst"
     165                      .align  1
TMS320C2000 Assembler PC v20.2.1 Mon Feb  8 19:02:46 2021

Copyright (c) 1996-2018 Texas Instruments Incorporated
os_dbg.asm                                                           PAGE    4

     166                      .elfsym _OSFlagWidth,SYM_SIZE(1)
     167 0000000a       _OSFlagWidth:
     168 0000000a 0001          .bits           0x1,16
     169                                      ; _OSFlagWidth @ 0
     170              
     171              $C$DW$11        .dwtag  DW_TAG_variable
     172                      .dwattr $C$DW$11, DW_AT_name("OSFlagWidth")
     173                      .dwattr $C$DW$11, DW_AT_TI_symbol_name("_OSFlagWidth")
     174                      .dwattr $C$DW$11, DW_AT_location[DW_OP_addr _OSFlagWidth]
     175                      .dwattr $C$DW$11, DW_AT_type(*$C$DW$T$21)
     176                      .dwattr $C$DW$11, DW_AT_external
     177              
     178                      .global _OSFlagMax
     179 0000000b               .sect   ".econst"
     180                      .align  1
     181                      .elfsym _OSFlagMax,SYM_SIZE(1)
     182 0000000b       _OSFlagMax:
     183 0000000b 0005          .bits           0x5,16
     184                                      ; _OSFlagMax @ 0
     185              
     186              $C$DW$12        .dwtag  DW_TAG_variable
     187                      .dwattr $C$DW$12, DW_AT_name("OSFlagMax")
     188                      .dwattr $C$DW$12, DW_AT_TI_symbol_name("_OSFlagMax")
     189                      .dwattr $C$DW$12, DW_AT_location[DW_OP_addr _OSFlagMax]
     190                      .dwattr $C$DW$12, DW_AT_type(*$C$DW$T$21)
     191                      .dwattr $C$DW$12, DW_AT_external
     192              
     193                      .global _OSFlagNameEn
     194 0000000c               .sect   ".econst"
     195                      .align  1
     196                      .elfsym _OSFlagNameEn,SYM_SIZE(1)
     197 0000000c       _OSFlagNameEn:
     198 0000000c 0001          .bits           0x1,16
     199                                      ; _OSFlagNameEn @ 0
     200              
     201              $C$DW$13        .dwtag  DW_TAG_variable
     202                      .dwattr $C$DW$13, DW_AT_name("OSFlagNameEn")
     203                      .dwattr $C$DW$13, DW_AT_TI_symbol_name("_OSFlagNameEn")
     204                      .dwattr $C$DW$13, DW_AT_location[DW_OP_addr _OSFlagNameEn]
     205                      .dwattr $C$DW$13, DW_AT_type(*$C$DW$T$21)
     206                      .dwattr $C$DW$13, DW_AT_external
     207              
     208                      .global _OSLowestPrio
     209 0000000d               .sect   ".econst"
     210                      .align  1
     211                      .elfsym _OSLowestPrio,SYM_SIZE(1)
     212 0000000d       _OSLowestPrio:
     213 0000000d 003F          .bits           0x3f,16
     214                                      ; _OSLowestPrio @ 0
     215              
     216              $C$DW$14        .dwtag  DW_TAG_variable
     217                      .dwattr $C$DW$14, DW_AT_name("OSLowestPrio")
     218                      .dwattr $C$DW$14, DW_AT_TI_symbol_name("_OSLowestPrio")
     219                      .dwattr $C$DW$14, DW_AT_location[DW_OP_addr _OSLowestPrio]
     220                      .dwattr $C$DW$14, DW_AT_type(*$C$DW$T$21)
TMS320C2000 Assembler PC v20.2.1 Mon Feb  8 19:02:46 2021

Copyright (c) 1996-2018 Texas Instruments Incorporated
os_dbg.asm                                                           PAGE    5

     221                      .dwattr $C$DW$14, DW_AT_external
     222              
     223                      .global _OSMboxEn
     224 0000000e               .sect   ".econst"
     225                      .align  1
     226                      .elfsym _OSMboxEn,SYM_SIZE(1)
     227 0000000e       _OSMboxEn:
     228 0000000e 0001          .bits           0x1,16
     229                                      ; _OSMboxEn @ 0
     230              
     231              $C$DW$15        .dwtag  DW_TAG_variable
     232                      .dwattr $C$DW$15, DW_AT_name("OSMboxEn")
     233                      .dwattr $C$DW$15, DW_AT_TI_symbol_name("_OSMboxEn")
     234                      .dwattr $C$DW$15, DW_AT_location[DW_OP_addr _OSMboxEn]
     235                      .dwattr $C$DW$15, DW_AT_type(*$C$DW$T$21)
     236                      .dwattr $C$DW$15, DW_AT_external
     237              
     238                      .global _OSMemEn
     239 0000000f               .sect   ".econst"
     240                      .align  1
     241                      .elfsym _OSMemEn,SYM_SIZE(1)
     242 0000000f       _OSMemEn:
     243 0000000f 0001          .bits           0x1,16
     244                                      ; _OSMemEn @ 0
     245              
     246              $C$DW$16        .dwtag  DW_TAG_variable
     247                      .dwattr $C$DW$16, DW_AT_name("OSMemEn")
     248                      .dwattr $C$DW$16, DW_AT_TI_symbol_name("_OSMemEn")
     249                      .dwattr $C$DW$16, DW_AT_location[DW_OP_addr _OSMemEn]
     250                      .dwattr $C$DW$16, DW_AT_type(*$C$DW$T$21)
     251                      .dwattr $C$DW$16, DW_AT_external
     252              
     253                      .global _OSMemMax
     254 00000010               .sect   ".econst"
     255                      .align  1
     256                      .elfsym _OSMemMax,SYM_SIZE(1)
     257 00000010       _OSMemMax:
     258 00000010 0005          .bits           0x5,16
     259                                      ; _OSMemMax @ 0
     260              
     261              $C$DW$17        .dwtag  DW_TAG_variable
     262                      .dwattr $C$DW$17, DW_AT_name("OSMemMax")
     263                      .dwattr $C$DW$17, DW_AT_TI_symbol_name("_OSMemMax")
     264                      .dwattr $C$DW$17, DW_AT_location[DW_OP_addr _OSMemMax]
     265                      .dwattr $C$DW$17, DW_AT_type(*$C$DW$T$21)
     266                      .dwattr $C$DW$17, DW_AT_external
     267              
     268                      .global _OSMemNameEn
     269 00000011               .sect   ".econst"
     270                      .align  1
     271                      .elfsym _OSMemNameEn,SYM_SIZE(1)
     272 00000011       _OSMemNameEn:
     273 00000011 0001          .bits           0x1,16
     274                                      ; _OSMemNameEn @ 0
     275              
TMS320C2000 Assembler PC v20.2.1 Mon Feb  8 19:02:46 2021

Copyright (c) 1996-2018 Texas Instruments Incorporated
os_dbg.asm                                                           PAGE    6

     276              $C$DW$18        .dwtag  DW_TAG_variable
     277                      .dwattr $C$DW$18, DW_AT_name("OSMemNameEn")
     278                      .dwattr $C$DW$18, DW_AT_TI_symbol_name("_OSMemNameEn")
     279                      .dwattr $C$DW$18, DW_AT_location[DW_OP_addr _OSMemNameEn]
     280                      .dwattr $C$DW$18, DW_AT_type(*$C$DW$T$21)
     281                      .dwattr $C$DW$18, DW_AT_external
     282              
     283                      .global _OSMemSize
     284 00000012               .sect   ".econst"
     285                      .align  1
     286                      .elfsym _OSMemSize,SYM_SIZE(1)
     287 00000012       _OSMemSize:
     288 00000012 000C          .bits           0xc,16
     289                                      ; _OSMemSize @ 0
     290              
     291              $C$DW$19        .dwtag  DW_TAG_variable
     292                      .dwattr $C$DW$19, DW_AT_name("OSMemSize")
     293                      .dwattr $C$DW$19, DW_AT_TI_symbol_name("_OSMemSize")
     294                      .dwattr $C$DW$19, DW_AT_location[DW_OP_addr _OSMemSize]
     295                      .dwattr $C$DW$19, DW_AT_type(*$C$DW$T$21)
     296                      .dwattr $C$DW$19, DW_AT_external
     297              
     298                      .global _OSMemTblSize
     299 00000013               .sect   ".econst"
     300                      .align  1
     301                      .elfsym _OSMemTblSize,SYM_SIZE(1)
     302 00000013       _OSMemTblSize:
     303 00000013 003C          .bits           0x3c,16
     304                                      ; _OSMemTblSize @ 0
     305              
     306              $C$DW$20        .dwtag  DW_TAG_variable
     307                      .dwattr $C$DW$20, DW_AT_name("OSMemTblSize")
     308                      .dwattr $C$DW$20, DW_AT_TI_symbol_name("_OSMemTblSize")
     309                      .dwattr $C$DW$20, DW_AT_location[DW_OP_addr _OSMemTblSize]
     310                      .dwattr $C$DW$20, DW_AT_type(*$C$DW$T$21)
     311                      .dwattr $C$DW$20, DW_AT_external
     312              
     313                      .global _OSMutexEn
     314 00000014               .sect   ".econst"
     315                      .align  1
     316                      .elfsym _OSMutexEn,SYM_SIZE(1)
     317 00000014       _OSMutexEn:
     318 00000014 0001          .bits           0x1,16
     319                                      ; _OSMutexEn @ 0
     320              
     321              $C$DW$21        .dwtag  DW_TAG_variable
     322                      .dwattr $C$DW$21, DW_AT_name("OSMutexEn")
     323                      .dwattr $C$DW$21, DW_AT_TI_symbol_name("_OSMutexEn")
     324                      .dwattr $C$DW$21, DW_AT_location[DW_OP_addr _OSMutexEn]
     325                      .dwattr $C$DW$21, DW_AT_type(*$C$DW$T$21)
     326                      .dwattr $C$DW$21, DW_AT_external
     327              
     328                      .global _OSPtrSize
     329 00000015               .sect   ".econst"
     330                      .align  1
TMS320C2000 Assembler PC v20.2.1 Mon Feb  8 19:02:46 2021

Copyright (c) 1996-2018 Texas Instruments Incorporated
os_dbg.asm                                                           PAGE    7

     331                      .elfsym _OSPtrSize,SYM_SIZE(1)
     332 00000015       _OSPtrSize:
     333 00000015 0002          .bits           0x2,16
     334                                      ; _OSPtrSize @ 0
     335              
     336              $C$DW$22        .dwtag  DW_TAG_variable
     337                      .dwattr $C$DW$22, DW_AT_name("OSPtrSize")
     338                      .dwattr $C$DW$22, DW_AT_TI_symbol_name("_OSPtrSize")
     339                      .dwattr $C$DW$22, DW_AT_location[DW_OP_addr _OSPtrSize]
     340                      .dwattr $C$DW$22, DW_AT_type(*$C$DW$T$21)
     341                      .dwattr $C$DW$22, DW_AT_external
     342              
     343                      .global _OSQEn
     344 00000016               .sect   ".econst"
     345                      .align  1
     346                      .elfsym _OSQEn,SYM_SIZE(1)
     347 00000016       _OSQEn:
     348 00000016 0001          .bits           0x1,16
     349                                      ; _OSQEn @ 0
     350              
     351              $C$DW$23        .dwtag  DW_TAG_variable
     352                      .dwattr $C$DW$23, DW_AT_name("OSQEn")
     353                      .dwattr $C$DW$23, DW_AT_TI_symbol_name("_OSQEn")
     354                      .dwattr $C$DW$23, DW_AT_location[DW_OP_addr _OSQEn]
     355                      .dwattr $C$DW$23, DW_AT_type(*$C$DW$T$21)
     356                      .dwattr $C$DW$23, DW_AT_external
     357              
     358                      .global _OSQMax
     359 00000017               .sect   ".econst"
     360                      .align  1
     361                      .elfsym _OSQMax,SYM_SIZE(1)
     362 00000017       _OSQMax:
     363 00000017 0004          .bits           0x4,16
     364                                      ; _OSQMax @ 0
     365              
     366              $C$DW$24        .dwtag  DW_TAG_variable
     367                      .dwattr $C$DW$24, DW_AT_name("OSQMax")
     368                      .dwattr $C$DW$24, DW_AT_TI_symbol_name("_OSQMax")
     369                      .dwattr $C$DW$24, DW_AT_location[DW_OP_addr _OSQMax]
     370                      .dwattr $C$DW$24, DW_AT_type(*$C$DW$T$21)
     371                      .dwattr $C$DW$24, DW_AT_external
     372              
     373                      .global _OSQSize
     374 00000018               .sect   ".econst"
     375                      .align  1
     376                      .elfsym _OSQSize,SYM_SIZE(1)
     377 00000018       _OSQSize:
     378 00000018 000C          .bits           0xc,16
     379                                      ; _OSQSize @ 0
     380              
     381              $C$DW$25        .dwtag  DW_TAG_variable
     382                      .dwattr $C$DW$25, DW_AT_name("OSQSize")
     383                      .dwattr $C$DW$25, DW_AT_TI_symbol_name("_OSQSize")
     384                      .dwattr $C$DW$25, DW_AT_location[DW_OP_addr _OSQSize]
     385                      .dwattr $C$DW$25, DW_AT_type(*$C$DW$T$21)
TMS320C2000 Assembler PC v20.2.1 Mon Feb  8 19:02:46 2021

Copyright (c) 1996-2018 Texas Instruments Incorporated
os_dbg.asm                                                           PAGE    8

     386                      .dwattr $C$DW$25, DW_AT_external
     387              
     388                      .global _OSRdyTblSize
     389 00000019               .sect   ".econst"
     390                      .align  1
     391                      .elfsym _OSRdyTblSize,SYM_SIZE(1)
     392 00000019       _OSRdyTblSize:
     393 00000019 0008          .bits           0x8,16
     394                                      ; _OSRdyTblSize @ 0
     395              
     396              $C$DW$26        .dwtag  DW_TAG_variable
     397                      .dwattr $C$DW$26, DW_AT_name("OSRdyTblSize")
     398                      .dwattr $C$DW$26, DW_AT_TI_symbol_name("_OSRdyTblSize")
     399                      .dwattr $C$DW$26, DW_AT_location[DW_OP_addr _OSRdyTblSize]
     400                      .dwattr $C$DW$26, DW_AT_type(*$C$DW$T$21)
     401                      .dwattr $C$DW$26, DW_AT_external
     402              
     403                      .global _OSSemEn
     404 0000001a               .sect   ".econst"
     405                      .align  1
     406                      .elfsym _OSSemEn,SYM_SIZE(1)
     407 0000001a       _OSSemEn:
     408 0000001a 0001          .bits           0x1,16
     409                                      ; _OSSemEn @ 0
     410              
     411              $C$DW$27        .dwtag  DW_TAG_variable
     412                      .dwattr $C$DW$27, DW_AT_name("OSSemEn")
     413                      .dwattr $C$DW$27, DW_AT_TI_symbol_name("_OSSemEn")
     414                      .dwattr $C$DW$27, DW_AT_location[DW_OP_addr _OSSemEn]
     415                      .dwattr $C$DW$27, DW_AT_type(*$C$DW$T$21)
     416                      .dwattr $C$DW$27, DW_AT_external
     417              
     418                      .global _OSStkWidth
     419 0000001b               .sect   ".econst"
     420                      .align  1
     421                      .elfsym _OSStkWidth,SYM_SIZE(1)
     422 0000001b       _OSStkWidth:
     423 0000001b 0001          .bits           0x1,16
     424                                      ; _OSStkWidth @ 0
     425              
     426              $C$DW$28        .dwtag  DW_TAG_variable
     427                      .dwattr $C$DW$28, DW_AT_name("OSStkWidth")
     428                      .dwattr $C$DW$28, DW_AT_TI_symbol_name("_OSStkWidth")
     429                      .dwattr $C$DW$28, DW_AT_location[DW_OP_addr _OSStkWidth]
     430                      .dwattr $C$DW$28, DW_AT_type(*$C$DW$T$21)
     431                      .dwattr $C$DW$28, DW_AT_external
     432              
     433                      .global _OSTaskCreateEn
     434 0000001c               .sect   ".econst"
     435                      .align  1
     436                      .elfsym _OSTaskCreateEn,SYM_SIZE(1)
     437 0000001c       _OSTaskCreateEn:
     438 0000001c 0001          .bits           0x1,16
     439                                      ; _OSTaskCreateEn @ 0
     440              
TMS320C2000 Assembler PC v20.2.1 Mon Feb  8 19:02:46 2021

Copyright (c) 1996-2018 Texas Instruments Incorporated
os_dbg.asm                                                           PAGE    9

     441              $C$DW$29        .dwtag  DW_TAG_variable
     442                      .dwattr $C$DW$29, DW_AT_name("OSTaskCreateEn")
     443                      .dwattr $C$DW$29, DW_AT_TI_symbol_name("_OSTaskCreateEn")
     444                      .dwattr $C$DW$29, DW_AT_location[DW_OP_addr _OSTaskCreateEn]
     445                      .dwattr $C$DW$29, DW_AT_type(*$C$DW$T$21)
     446                      .dwattr $C$DW$29, DW_AT_external
     447              
     448                      .global _OSTaskCreateExtEn
     449 0000001d               .sect   ".econst"
     450                      .align  1
     451                      .elfsym _OSTaskCreateExtEn,SYM_SIZE(1)
     452 0000001d       _OSTaskCreateExtEn:
     453 0000001d 0001          .bits           0x1,16
     454                                      ; _OSTaskCreateExtEn @ 0
     455              
     456              $C$DW$30        .dwtag  DW_TAG_variable
     457                      .dwattr $C$DW$30, DW_AT_name("OSTaskCreateExtEn")
     458                      .dwattr $C$DW$30, DW_AT_TI_symbol_name("_OSTaskCreateExtEn")
     459                      .dwattr $C$DW$30, DW_AT_location[DW_OP_addr _OSTaskCreateExtEn]
     460                      .dwattr $C$DW$30, DW_AT_type(*$C$DW$T$21)
     461                      .dwattr $C$DW$30, DW_AT_external
     462              
     463                      .global _OSTaskDelEn
     464 0000001e               .sect   ".econst"
     465                      .align  1
     466                      .elfsym _OSTaskDelEn,SYM_SIZE(1)
     467 0000001e       _OSTaskDelEn:
     468 0000001e 0001          .bits           0x1,16
     469                                      ; _OSTaskDelEn @ 0
     470              
     471              $C$DW$31        .dwtag  DW_TAG_variable
     472                      .dwattr $C$DW$31, DW_AT_name("OSTaskDelEn")
     473                      .dwattr $C$DW$31, DW_AT_TI_symbol_name("_OSTaskDelEn")
     474                      .dwattr $C$DW$31, DW_AT_location[DW_OP_addr _OSTaskDelEn]
     475                      .dwattr $C$DW$31, DW_AT_type(*$C$DW$T$21)
     476                      .dwattr $C$DW$31, DW_AT_external
     477              
     478                      .global _OSTaskIdleStkSize
     479 0000001f               .sect   ".econst"
     480                      .align  1
     481                      .elfsym _OSTaskIdleStkSize,SYM_SIZE(1)
     482 0000001f       _OSTaskIdleStkSize:
     483 0000001f 0100          .bits           0x100,16
     484                                      ; _OSTaskIdleStkSize @ 0
     485              
     486              $C$DW$32        .dwtag  DW_TAG_variable
     487                      .dwattr $C$DW$32, DW_AT_name("OSTaskIdleStkSize")
     488                      .dwattr $C$DW$32, DW_AT_TI_symbol_name("_OSTaskIdleStkSize")
     489                      .dwattr $C$DW$32, DW_AT_location[DW_OP_addr _OSTaskIdleStkSize]
     490                      .dwattr $C$DW$32, DW_AT_type(*$C$DW$T$21)
     491                      .dwattr $C$DW$32, DW_AT_external
     492              
     493                      .global _OSTaskProfileEn
     494 00000020               .sect   ".econst"
     495                      .align  1
TMS320C2000 Assembler PC v20.2.1 Mon Feb  8 19:02:46 2021

Copyright (c) 1996-2018 Texas Instruments Incorporated
os_dbg.asm                                                           PAGE   10

     496                      .elfsym _OSTaskProfileEn,SYM_SIZE(1)
     497 00000020       _OSTaskProfileEn:
     498 00000020 0001          .bits           0x1,16
     499                                      ; _OSTaskProfileEn @ 0
     500              
     501              $C$DW$33        .dwtag  DW_TAG_variable
     502                      .dwattr $C$DW$33, DW_AT_name("OSTaskProfileEn")
     503                      .dwattr $C$DW$33, DW_AT_TI_symbol_name("_OSTaskProfileEn")
     504                      .dwattr $C$DW$33, DW_AT_location[DW_OP_addr _OSTaskProfileEn]
     505                      .dwattr $C$DW$33, DW_AT_type(*$C$DW$T$21)
     506                      .dwattr $C$DW$33, DW_AT_external
     507              
     508                      .global _OSTaskMax
     509 00000021               .sect   ".econst"
     510                      .align  1
     511                      .elfsym _OSTaskMax,SYM_SIZE(1)
     512 00000021       _OSTaskMax:
     513 00000021 0016          .bits           0x16,16
     514                                      ; _OSTaskMax @ 0
     515              
     516              $C$DW$34        .dwtag  DW_TAG_variable
     517                      .dwattr $C$DW$34, DW_AT_name("OSTaskMax")
     518                      .dwattr $C$DW$34, DW_AT_TI_symbol_name("_OSTaskMax")
     519                      .dwattr $C$DW$34, DW_AT_location[DW_OP_addr _OSTaskMax]
     520                      .dwattr $C$DW$34, DW_AT_type(*$C$DW$T$21)
     521                      .dwattr $C$DW$34, DW_AT_external
     522              
     523                      .global _OSTaskNameEn
     524 00000022               .sect   ".econst"
     525                      .align  1
     526                      .elfsym _OSTaskNameEn,SYM_SIZE(1)
     527 00000022       _OSTaskNameEn:
     528 00000022 0001          .bits           0x1,16
     529                                      ; _OSTaskNameEn @ 0
     530              
     531              $C$DW$35        .dwtag  DW_TAG_variable
     532                      .dwattr $C$DW$35, DW_AT_name("OSTaskNameEn")
     533                      .dwattr $C$DW$35, DW_AT_TI_symbol_name("_OSTaskNameEn")
     534                      .dwattr $C$DW$35, DW_AT_location[DW_OP_addr _OSTaskNameEn]
     535                      .dwattr $C$DW$35, DW_AT_type(*$C$DW$T$21)
     536                      .dwattr $C$DW$35, DW_AT_external
     537              
     538                      .global _OSTaskStatEn
     539 00000023               .sect   ".econst"
     540                      .align  1
     541                      .elfsym _OSTaskStatEn,SYM_SIZE(1)
     542 00000023       _OSTaskStatEn:
     543 00000023 0001          .bits           0x1,16
     544                                      ; _OSTaskStatEn @ 0
     545              
     546              $C$DW$36        .dwtag  DW_TAG_variable
     547                      .dwattr $C$DW$36, DW_AT_name("OSTaskStatEn")
     548                      .dwattr $C$DW$36, DW_AT_TI_symbol_name("_OSTaskStatEn")
     549                      .dwattr $C$DW$36, DW_AT_location[DW_OP_addr _OSTaskStatEn]
     550                      .dwattr $C$DW$36, DW_AT_type(*$C$DW$T$21)
TMS320C2000 Assembler PC v20.2.1 Mon Feb  8 19:02:46 2021

Copyright (c) 1996-2018 Texas Instruments Incorporated
os_dbg.asm                                                           PAGE   11

     551                      .dwattr $C$DW$36, DW_AT_external
     552              
     553                      .global _OSTaskStatStkSize
     554 00000024               .sect   ".econst"
     555                      .align  1
     556                      .elfsym _OSTaskStatStkSize,SYM_SIZE(1)
     557 00000024       _OSTaskStatStkSize:
     558 00000024 0100          .bits           0x100,16
     559                                      ; _OSTaskStatStkSize @ 0
     560              
     561              $C$DW$37        .dwtag  DW_TAG_variable
     562                      .dwattr $C$DW$37, DW_AT_name("OSTaskStatStkSize")
     563                      .dwattr $C$DW$37, DW_AT_TI_symbol_name("_OSTaskStatStkSize")
     564                      .dwattr $C$DW$37, DW_AT_location[DW_OP_addr _OSTaskStatStkSize]
     565                      .dwattr $C$DW$37, DW_AT_type(*$C$DW$T$21)
     566                      .dwattr $C$DW$37, DW_AT_external
     567              
     568                      .global _OSTaskStatStkChkEn
     569 00000025               .sect   ".econst"
     570                      .align  1
     571                      .elfsym _OSTaskStatStkChkEn,SYM_SIZE(1)
     572 00000025       _OSTaskStatStkChkEn:
     573 00000025 0001          .bits           0x1,16
     574                                      ; _OSTaskStatStkChkEn @ 0
     575              
     576              $C$DW$38        .dwtag  DW_TAG_variable
     577                      .dwattr $C$DW$38, DW_AT_name("OSTaskStatStkChkEn")
     578                      .dwattr $C$DW$38, DW_AT_TI_symbol_name("_OSTaskStatStkChkEn")
     579                      .dwattr $C$DW$38, DW_AT_location[DW_OP_addr _OSTaskStatStkChkEn]
     580                      .dwattr $C$DW$38, DW_AT_type(*$C$DW$T$21)
     581                      .dwattr $C$DW$38, DW_AT_external
     582              
     583                      .global _OSTaskSwHookEn
     584 00000026               .sect   ".econst"
     585                      .align  1
     586                      .elfsym _OSTaskSwHookEn,SYM_SIZE(1)
     587 00000026       _OSTaskSwHookEn:
     588 00000026 0001          .bits           0x1,16
     589                                      ; _OSTaskSwHookEn @ 0
     590              
     591              $C$DW$39        .dwtag  DW_TAG_variable
     592                      .dwattr $C$DW$39, DW_AT_name("OSTaskSwHookEn")
     593                      .dwattr $C$DW$39, DW_AT_TI_symbol_name("_OSTaskSwHookEn")
     594                      .dwattr $C$DW$39, DW_AT_location[DW_OP_addr _OSTaskSwHookEn]
     595                      .dwattr $C$DW$39, DW_AT_type(*$C$DW$T$21)
     596                      .dwattr $C$DW$39, DW_AT_external
     597              
     598                      .global _OSTaskRegTblSize
     599 00000027               .sect   ".econst"
     600                      .align  1
     601                      .elfsym _OSTaskRegTblSize,SYM_SIZE(1)
     602 00000027       _OSTaskRegTblSize:
     603 00000027 0001          .bits           0x1,16
     604                                      ; _OSTaskRegTblSize @ 0
     605              
TMS320C2000 Assembler PC v20.2.1 Mon Feb  8 19:02:46 2021

Copyright (c) 1996-2018 Texas Instruments Incorporated
os_dbg.asm                                                           PAGE   12

     606              $C$DW$40        .dwtag  DW_TAG_variable
     607                      .dwattr $C$DW$40, DW_AT_name("OSTaskRegTblSize")
     608                      .dwattr $C$DW$40, DW_AT_TI_symbol_name("_OSTaskRegTblSize")
     609                      .dwattr $C$DW$40, DW_AT_location[DW_OP_addr _OSTaskRegTblSize]
     610                      .dwattr $C$DW$40, DW_AT_type(*$C$DW$T$21)
     611                      .dwattr $C$DW$40, DW_AT_external
     612              
     613                      .global _OSTCBPrioTblMax
     614 00000028               .sect   ".econst"
     615                      .align  1
     616                      .elfsym _OSTCBPrioTblMax,SYM_SIZE(1)
     617 00000028       _OSTCBPrioTblMax:
     618 00000028 0040          .bits           0x40,16
     619                                      ; _OSTCBPrioTblMax @ 0
     620              
     621              $C$DW$41        .dwtag  DW_TAG_variable
     622                      .dwattr $C$DW$41, DW_AT_name("OSTCBPrioTblMax")
     623                      .dwattr $C$DW$41, DW_AT_TI_symbol_name("_OSTCBPrioTblMax")
     624                      .dwattr $C$DW$41, DW_AT_location[DW_OP_addr _OSTCBPrioTblMax]
     625                      .dwattr $C$DW$41, DW_AT_type(*$C$DW$T$21)
     626                      .dwattr $C$DW$41, DW_AT_external
     627              
     628                      .global _OSTCBSize
     629 00000029               .sect   ".econst"
     630                      .align  1
     631                      .elfsym _OSTCBSize,SYM_SIZE(1)
     632 00000029       _OSTCBSize:
     633 00000029 0030          .bits           0x30,16
     634                                      ; _OSTCBSize @ 0
     635              
     636              $C$DW$42        .dwtag  DW_TAG_variable
     637                      .dwattr $C$DW$42, DW_AT_name("OSTCBSize")
     638                      .dwattr $C$DW$42, DW_AT_TI_symbol_name("_OSTCBSize")
     639                      .dwattr $C$DW$42, DW_AT_location[DW_OP_addr _OSTCBSize]
     640                      .dwattr $C$DW$42, DW_AT_type(*$C$DW$T$21)
     641                      .dwattr $C$DW$42, DW_AT_external
     642              
     643                      .global _OSTicksPerSec
     644 0000002a               .sect   ".econst"
     645                      .align  1
     646                      .elfsym _OSTicksPerSec,SYM_SIZE(1)
     647 0000002a       _OSTicksPerSec:
     648 0000002a 03E8          .bits           0x3e8,16
     649                                      ; _OSTicksPerSec @ 0
     650              
     651              $C$DW$43        .dwtag  DW_TAG_variable
     652                      .dwattr $C$DW$43, DW_AT_name("OSTicksPerSec")
     653                      .dwattr $C$DW$43, DW_AT_TI_symbol_name("_OSTicksPerSec")
     654                      .dwattr $C$DW$43, DW_AT_location[DW_OP_addr _OSTicksPerSec]
     655                      .dwattr $C$DW$43, DW_AT_type(*$C$DW$T$21)
     656                      .dwattr $C$DW$43, DW_AT_external
     657              
     658                      .global _OSTimeTickHookEn
     659 0000002b               .sect   ".econst"
     660                      .align  1
TMS320C2000 Assembler PC v20.2.1 Mon Feb  8 19:02:46 2021

Copyright (c) 1996-2018 Texas Instruments Incorporated
os_dbg.asm                                                           PAGE   13

     661                      .elfsym _OSTimeTickHookEn,SYM_SIZE(1)
     662 0000002b       _OSTimeTickHookEn:
     663 0000002b 0001          .bits           0x1,16
     664                                      ; _OSTimeTickHookEn @ 0
     665              
     666              $C$DW$44        .dwtag  DW_TAG_variable
     667                      .dwattr $C$DW$44, DW_AT_name("OSTimeTickHookEn")
     668                      .dwattr $C$DW$44, DW_AT_TI_symbol_name("_OSTimeTickHookEn")
     669                      .dwattr $C$DW$44, DW_AT_location[DW_OP_addr _OSTimeTickHookEn]
     670                      .dwattr $C$DW$44, DW_AT_type(*$C$DW$T$21)
     671                      .dwattr $C$DW$44, DW_AT_external
     672              
     673                      .global _OSVersionNbr
     674 0000002c               .sect   ".econst"
     675                      .align  1
     676                      .elfsym _OSVersionNbr,SYM_SIZE(1)
     677 0000002c       _OSVersionNbr:
     678 0000002c 721B          .bits           0x721b,16
     679                                      ; _OSVersionNbr @ 0
     680              
     681              $C$DW$45        .dwtag  DW_TAG_variable
     682                      .dwattr $C$DW$45, DW_AT_name("OSVersionNbr")
     683                      .dwattr $C$DW$45, DW_AT_TI_symbol_name("_OSVersionNbr")
     684                      .dwattr $C$DW$45, DW_AT_location[DW_OP_addr _OSVersionNbr]
     685                      .dwattr $C$DW$45, DW_AT_type(*$C$DW$T$21)
     686                      .dwattr $C$DW$45, DW_AT_external
     687              
     688                      .global _OSTmrEn
     689 0000002d               .sect   ".econst"
     690                      .align  1
     691                      .elfsym _OSTmrEn,SYM_SIZE(1)
     692 0000002d       _OSTmrEn:
     693 0000002d 0000          .bits           0,16
     694                                      ; _OSTmrEn @ 0
     695              
     696              $C$DW$46        .dwtag  DW_TAG_variable
     697                      .dwattr $C$DW$46, DW_AT_name("OSTmrEn")
     698                      .dwattr $C$DW$46, DW_AT_TI_symbol_name("_OSTmrEn")
     699                      .dwattr $C$DW$46, DW_AT_location[DW_OP_addr _OSTmrEn]
     700                      .dwattr $C$DW$46, DW_AT_type(*$C$DW$T$21)
     701                      .dwattr $C$DW$46, DW_AT_external
     702              
     703                      .global _OSTmrCfgMax
     704 0000002e               .sect   ".econst"
     705                      .align  1
     706                      .elfsym _OSTmrCfgMax,SYM_SIZE(1)
     707 0000002e       _OSTmrCfgMax:
     708 0000002e 0010          .bits           0x10,16
     709                                      ; _OSTmrCfgMax @ 0
     710              
     711              $C$DW$47        .dwtag  DW_TAG_variable
     712                      .dwattr $C$DW$47, DW_AT_name("OSTmrCfgMax")
     713                      .dwattr $C$DW$47, DW_AT_TI_symbol_name("_OSTmrCfgMax")
     714                      .dwattr $C$DW$47, DW_AT_location[DW_OP_addr _OSTmrCfgMax]
     715                      .dwattr $C$DW$47, DW_AT_type(*$C$DW$T$21)
TMS320C2000 Assembler PC v20.2.1 Mon Feb  8 19:02:46 2021

Copyright (c) 1996-2018 Texas Instruments Incorporated
os_dbg.asm                                                           PAGE   14

     716                      .dwattr $C$DW$47, DW_AT_external
     717              
     718                      .global _OSTmrCfgNameEn
     719 0000002f               .sect   ".econst"
     720                      .align  1
     721                      .elfsym _OSTmrCfgNameEn,SYM_SIZE(1)
     722 0000002f       _OSTmrCfgNameEn:
     723 0000002f 0001          .bits           0x1,16
     724                                      ; _OSTmrCfgNameEn @ 0
     725              
     726              $C$DW$48        .dwtag  DW_TAG_variable
     727                      .dwattr $C$DW$48, DW_AT_name("OSTmrCfgNameEn")
     728                      .dwattr $C$DW$48, DW_AT_TI_symbol_name("_OSTmrCfgNameEn")
     729                      .dwattr $C$DW$48, DW_AT_location[DW_OP_addr _OSTmrCfgNameEn]
     730                      .dwattr $C$DW$48, DW_AT_type(*$C$DW$T$21)
     731                      .dwattr $C$DW$48, DW_AT_external
     732              
     733                      .global _OSTmrCfgWheelSize
     734 00000030               .sect   ".econst"
     735                      .align  1
     736                      .elfsym _OSTmrCfgWheelSize,SYM_SIZE(1)
     737 00000030       _OSTmrCfgWheelSize:
     738 00000030 0007          .bits           0x7,16
     739                                      ; _OSTmrCfgWheelSize @ 0
     740              
     741              $C$DW$49        .dwtag  DW_TAG_variable
     742                      .dwattr $C$DW$49, DW_AT_name("OSTmrCfgWheelSize")
     743                      .dwattr $C$DW$49, DW_AT_TI_symbol_name("_OSTmrCfgWheelSize")
     744                      .dwattr $C$DW$49, DW_AT_location[DW_OP_addr _OSTmrCfgWheelSize]
     745                      .dwattr $C$DW$49, DW_AT_type(*$C$DW$T$21)
     746                      .dwattr $C$DW$49, DW_AT_external
     747              
     748                      .global _OSTmrCfgTicksPerSec
     749 00000031               .sect   ".econst"
     750                      .align  1
     751                      .elfsym _OSTmrCfgTicksPerSec,SYM_SIZE(1)
     752 00000031       _OSTmrCfgTicksPerSec:
     753 00000031 000A          .bits           0xa,16
     754                                      ; _OSTmrCfgTicksPerSec @ 0
     755              
     756              $C$DW$50        .dwtag  DW_TAG_variable
     757                      .dwattr $C$DW$50, DW_AT_name("OSTmrCfgTicksPerSec")
     758                      .dwattr $C$DW$50, DW_AT_TI_symbol_name("_OSTmrCfgTicksPerSec")
     759                      .dwattr $C$DW$50, DW_AT_location[DW_OP_addr _OSTmrCfgTicksPerSec]
     760                      .dwattr $C$DW$50, DW_AT_type(*$C$DW$T$21)
     761                      .dwattr $C$DW$50, DW_AT_external
     762              
     763                      .global _OSTmrSize
     764 00000032               .sect   ".econst"
     765                      .align  1
     766                      .elfsym _OSTmrSize,SYM_SIZE(1)
     767 00000032       _OSTmrSize:
     768 00000032 0000          .bits           0,16
     769                                      ; _OSTmrSize @ 0
     770              
TMS320C2000 Assembler PC v20.2.1 Mon Feb  8 19:02:46 2021

Copyright (c) 1996-2018 Texas Instruments Incorporated
os_dbg.asm                                                           PAGE   15

     771              $C$DW$51        .dwtag  DW_TAG_variable
     772                      .dwattr $C$DW$51, DW_AT_name("OSTmrSize")
     773                      .dwattr $C$DW$51, DW_AT_TI_symbol_name("_OSTmrSize")
     774                      .dwattr $C$DW$51, DW_AT_location[DW_OP_addr _OSTmrSize]
     775                      .dwattr $C$DW$51, DW_AT_type(*$C$DW$T$21)
     776                      .dwattr $C$DW$51, DW_AT_external
     777              
     778                      .global _OSTmrTblSize
     779 00000033               .sect   ".econst"
     780                      .align  1
     781                      .elfsym _OSTmrTblSize,SYM_SIZE(1)
     782 00000033       _OSTmrTblSize:
     783 00000033 0000          .bits           0,16
     784                                      ; _OSTmrTblSize @ 0
     785              
     786              $C$DW$52        .dwtag  DW_TAG_variable
     787                      .dwattr $C$DW$52, DW_AT_name("OSTmrTblSize")
     788                      .dwattr $C$DW$52, DW_AT_TI_symbol_name("_OSTmrTblSize")
     789                      .dwattr $C$DW$52, DW_AT_location[DW_OP_addr _OSTmrTblSize]
     790                      .dwattr $C$DW$52, DW_AT_type(*$C$DW$T$21)
     791                      .dwattr $C$DW$52, DW_AT_external
     792              
     793                      .global _OSTmrWheelSize
     794 00000034               .sect   ".econst"
     795                      .align  1
     796                      .elfsym _OSTmrWheelSize,SYM_SIZE(1)
     797 00000034       _OSTmrWheelSize:
     798 00000034 0000          .bits           0,16
     799                                      ; _OSTmrWheelSize @ 0
     800              
     801              $C$DW$53        .dwtag  DW_TAG_variable
     802                      .dwattr $C$DW$53, DW_AT_name("OSTmrWheelSize")
     803                      .dwattr $C$DW$53, DW_AT_TI_symbol_name("_OSTmrWheelSize")
     804                      .dwattr $C$DW$53, DW_AT_location[DW_OP_addr _OSTmrWheelSize]
     805                      .dwattr $C$DW$53, DW_AT_type(*$C$DW$T$21)
     806                      .dwattr $C$DW$53, DW_AT_external
     807              
     808                      .global _OSTmrWheelTblSize
     809 00000035               .sect   ".econst"
     810                      .align  1
     811                      .elfsym _OSTmrWheelTblSize,SYM_SIZE(1)
     812 00000035       _OSTmrWheelTblSize:
     813 00000035 0000          .bits           0,16
     814                                      ; _OSTmrWheelTblSize @ 0
     815              
     816              $C$DW$54        .dwtag  DW_TAG_variable
     817                      .dwattr $C$DW$54, DW_AT_name("OSTmrWheelTblSize")
     818                      .dwattr $C$DW$54, DW_AT_TI_symbol_name("_OSTmrWheelTblSize")
     819                      .dwattr $C$DW$54, DW_AT_location[DW_OP_addr _OSTmrWheelTblSize]
     820                      .dwattr $C$DW$54, DW_AT_type(*$C$DW$T$21)
     821                      .dwattr $C$DW$54, DW_AT_external
     822              
     823                      .global _OSDataSize
     824 00000036               .sect   ".econst"
     825                      .align  1
TMS320C2000 Assembler PC v20.2.1 Mon Feb  8 19:02:46 2021

Copyright (c) 1996-2018 Texas Instruments Incorporated
os_dbg.asm                                                           PAGE   16

     826                      .elfsym _OSDataSize,SYM_SIZE(1)
     827 00000036       _OSDataSize:
     828 00000036 0800          .bits           0x800,16
     829                                      ; _OSDataSize @ 0
     830              
     831              $C$DW$55        .dwtag  DW_TAG_variable
     832                      .dwattr $C$DW$55, DW_AT_name("OSDataSize")
     833                      .dwattr $C$DW$55, DW_AT_TI_symbol_name("_OSDataSize")
     834                      .dwattr $C$DW$55, DW_AT_location[DW_OP_addr _OSDataSize]
     835                      .dwattr $C$DW$55, DW_AT_type(*$C$DW$T$21)
     836                      .dwattr $C$DW$55, DW_AT_external
     837              
     838                      .global _OSEndiannessTest
     839 00000037               .sect   ".econst"
     840                      .align  2
     841                      .elfsym _OSEndiannessTest,SYM_SIZE(2)
     842 00000038       _OSEndiannessTest:
     843 00000038 5678          .bits           0x12345678,32
         00000039 1234 
     844                                      ; _OSEndiannessTest @ 0
     845              
     846              $C$DW$56        .dwtag  DW_TAG_variable
     847                      .dwattr $C$DW$56, DW_AT_name("OSEndiannessTest")
     848                      .dwattr $C$DW$56, DW_AT_TI_symbol_name("_OSEndiannessTest")
     849                      .dwattr $C$DW$56, DW_AT_location[DW_OP_addr _OSEndiannessTest]
     850                      .dwattr $C$DW$56, DW_AT_type(*$C$DW$T$24)
     851                      .dwattr $C$DW$56, DW_AT_external
     852              
     853              ;       C:\ti\ccs1011\ccs\tools\compiler\ti-cgt-c2000_20.2.1.LTS\bin\ac2000.exe -@C:\\Users\\LEEKEO~1\\AppDat
     854 00000000               .sect   ".text"
     855                      .clink
     856                      .global _OSDebugInit
     857              
     858              $C$DW$57        .dwtag  DW_TAG_subprogram
     859                      .dwattr $C$DW$57, DW_AT_name("OSDebugInit")
     860                      .dwattr $C$DW$57, DW_AT_low_pc(_OSDebugInit)
     861                      .dwattr $C$DW$57, DW_AT_high_pc(0x00)
     862                      .dwattr $C$DW$57, DW_AT_TI_symbol_name("_OSDebugInit")
     863                      .dwattr $C$DW$57, DW_AT_external
     864                      .dwattr $C$DW$57, DW_AT_TI_begin_file("C:/ti/Workspace/PLC_certificate/Software/uCOS-II/Ports/C28x/Ge
     865                      .dwattr $C$DW$57, DW_AT_TI_begin_line(0xe5)
     866                      .dwattr $C$DW$57, DW_AT_TI_begin_column(0x07)
     867                      .dwattr $C$DW$57, DW_AT_TI_max_frame_size(-4)
     868                      .dwpsn  file "C:/ti/Workspace/PLC_certificate/Software/uCOS-II/Ports/C28x/Generic/CCS/os_dbg.c",line 
     869              
     870                      .dwfde $C$DW$CIE, _OSDebugInit
     871              
     872              ;***************************************************************
     873              ;* FNAME: _OSDebugInit                  FR SIZE:   2           *
     874              ;*                                                             *
     875              ;* FUNCTION ENVIRONMENT                                        *
     876              ;*                                                             *
     877              ;* FUNCTION PROPERTIES                                         *
     878              ;*                            0 Parameter,  2 Auto,  0 SOE     *
     879              ;***************************************************************
TMS320C2000 Assembler PC v20.2.1 Mon Feb  8 19:02:46 2021

Copyright (c) 1996-2018 Texas Instruments Incorporated
os_dbg.asm                                                           PAGE   17

     880              
     881 00000000       _OSDebugInit:
     882                      .dwcfi  cfa_offset, -2
     883                      .dwcfi  save_reg_to_mem, 26, 0
     884 00000000 FE02          ADDB      SP,#2                 ; [CPU_ARAU] 
     885                      .dwcfi  cfa_offset, -4
     886              $C$DW$58        .dwtag  DW_TAG_variable
     887                      .dwattr $C$DW$58, DW_AT_name("ptemp")
     888                      .dwattr $C$DW$58, DW_AT_TI_symbol_name("_ptemp")
     889                      .dwattr $C$DW$58, DW_AT_type(*$C$DW$T$3)
     890                      .dwattr $C$DW$58, DW_AT_location[DW_OP_breg20 -2]
     891              
     892                      .dwpsn  file "C:/ti/Workspace/PLC_certificate/Software/uCOS-II/Ports/C28x/Generic/CCS/os_dbg.c",line 
     893 00000001 8F00+         MOVL      XAR4,#_OSDebugEn      ; [CPU_ARAU] |234| 
         00000002 0000 
     894 00000003 A842          MOVL      *-SP[2],XAR4          ; [CPU_ALU] |234| 
     895                      .dwpsn  file "C:/ti/Workspace/PLC_certificate/Software/uCOS-II/Ports/C28x/Generic/CCS/os_dbg.c",line 
     896 00000004 8F00+         MOVL      XAR4,#_OSEndiannessTest ; [CPU_ARAU] |236| 
         00000005 0038 
     897 00000006 A842          MOVL      *-SP[2],XAR4          ; [CPU_ALU] |236| 
     898                      .dwpsn  file "C:/ti/Workspace/PLC_certificate/Software/uCOS-II/Ports/C28x/Generic/CCS/os_dbg.c",line 
     899 00000007 8F00+         MOVL      XAR4,#_OSEventMax     ; [CPU_ARAU] |238| 
         00000008 0002 
     900 00000009 A842          MOVL      *-SP[2],XAR4          ; [CPU_ALU] |238| 
     901                      .dwpsn  file "C:/ti/Workspace/PLC_certificate/Software/uCOS-II/Ports/C28x/Generic/CCS/os_dbg.c",line 
     902 0000000a 8F00+         MOVL      XAR4,#_OSEventNameEn  ; [CPU_ARAU] |239| 
         0000000b 0003 
     903 0000000c A842          MOVL      *-SP[2],XAR4          ; [CPU_ALU] |239| 
     904                      .dwpsn  file "C:/ti/Workspace/PLC_certificate/Software/uCOS-II/Ports/C28x/Generic/CCS/os_dbg.c",line 
     905 0000000d 8F00+         MOVL      XAR4,#_OSEventEn      ; [CPU_ARAU] |240| 
         0000000e 0001 
     906 0000000f A842          MOVL      *-SP[2],XAR4          ; [CPU_ALU] |240| 
     907                      .dwpsn  file "C:/ti/Workspace/PLC_certificate/Software/uCOS-II/Ports/C28x/Generic/CCS/os_dbg.c",line 
     908 00000010 8F00+         MOVL      XAR4,#_OSEventSize    ; [CPU_ARAU] |241| 
         00000011 0004 
     909 00000012 A842          MOVL      *-SP[2],XAR4          ; [CPU_ALU] |241| 
     910                      .dwpsn  file "C:/ti/Workspace/PLC_certificate/Software/uCOS-II/Ports/C28x/Generic/CCS/os_dbg.c",line 
     911 00000013 8F00+         MOVL      XAR4,#_OSEventTblSize ; [CPU_ARAU] |242| 
         00000014 0005 
     912 00000015 A842          MOVL      *-SP[2],XAR4          ; [CPU_ALU] |242| 
     913                      .dwpsn  file "C:/ti/Workspace/PLC_certificate/Software/uCOS-II/Ports/C28x/Generic/CCS/os_dbg.c",line 
     914 00000016 8F00+         MOVL      XAR4,#_OSEventMultiEn ; [CPU_ARAU] |243| 
         00000017 0006 
     915 00000018 A842          MOVL      *-SP[2],XAR4          ; [CPU_ALU] |243| 
     916                      .dwpsn  file "C:/ti/Workspace/PLC_certificate/Software/uCOS-II/Ports/C28x/Generic/CCS/os_dbg.c",line 
     917 00000019 8F00+         MOVL      XAR4,#_OSFlagEn       ; [CPU_ARAU] |245| 
         0000001a 0007 
     918 0000001b A842          MOVL      *-SP[2],XAR4          ; [CPU_ALU] |245| 
     919                      .dwpsn  file "C:/ti/Workspace/PLC_certificate/Software/uCOS-II/Ports/C28x/Generic/CCS/os_dbg.c",line 
     920 0000001c 8F00+         MOVL      XAR4,#_OSFlagGrpSize  ; [CPU_ARAU] |246| 
         0000001d 0008 
     921 0000001e A842          MOVL      *-SP[2],XAR4          ; [CPU_ALU] |246| 
     922                      .dwpsn  file "C:/ti/Workspace/PLC_certificate/Software/uCOS-II/Ports/C28x/Generic/CCS/os_dbg.c",line 
     923 0000001f 8F00+         MOVL      XAR4,#_OSFlagNodeSize ; [CPU_ARAU] |247| 
         00000020 0009 
TMS320C2000 Assembler PC v20.2.1 Mon Feb  8 19:02:46 2021

Copyright (c) 1996-2018 Texas Instruments Incorporated
os_dbg.asm                                                           PAGE   18

     924 00000021 A842          MOVL      *-SP[2],XAR4          ; [CPU_ALU] |247| 
     925                      .dwpsn  file "C:/ti/Workspace/PLC_certificate/Software/uCOS-II/Ports/C28x/Generic/CCS/os_dbg.c",line 
     926 00000022 8F00+         MOVL      XAR4,#_OSFlagWidth    ; [CPU_ARAU] |248| 
         00000023 000A 
     927 00000024 A842          MOVL      *-SP[2],XAR4          ; [CPU_ALU] |248| 
     928                      .dwpsn  file "C:/ti/Workspace/PLC_certificate/Software/uCOS-II/Ports/C28x/Generic/CCS/os_dbg.c",line 
     929 00000025 8F00+         MOVL      XAR4,#_OSFlagMax      ; [CPU_ARAU] |249| 
         00000026 000B 
     930 00000027 A842          MOVL      *-SP[2],XAR4          ; [CPU_ALU] |249| 
     931                      .dwpsn  file "C:/ti/Workspace/PLC_certificate/Software/uCOS-II/Ports/C28x/Generic/CCS/os_dbg.c",line 
     932 00000028 8F00+         MOVL      XAR4,#_OSFlagNameEn   ; [CPU_ARAU] |250| 
         00000029 000C 
     933 0000002a A842          MOVL      *-SP[2],XAR4          ; [CPU_ALU] |250| 
     934                      .dwpsn  file "C:/ti/Workspace/PLC_certificate/Software/uCOS-II/Ports/C28x/Generic/CCS/os_dbg.c",line 
     935 0000002b 8F00+         MOVL      XAR4,#_OSLowestPrio   ; [CPU_ARAU] |252| 
         0000002c 000D 
     936 0000002d A842          MOVL      *-SP[2],XAR4          ; [CPU_ALU] |252| 
     937                      .dwpsn  file "C:/ti/Workspace/PLC_certificate/Software/uCOS-II/Ports/C28x/Generic/CCS/os_dbg.c",line 
     938 0000002e 8F00+         MOVL      XAR4,#_OSMboxEn       ; [CPU_ARAU] |254| 
         0000002f 000E 
     939 00000030 A842          MOVL      *-SP[2],XAR4          ; [CPU_ALU] |254| 
     940                      .dwpsn  file "C:/ti/Workspace/PLC_certificate/Software/uCOS-II/Ports/C28x/Generic/CCS/os_dbg.c",line 
     941 00000031 8F00+         MOVL      XAR4,#_OSMemEn        ; [CPU_ARAU] |256| 
         00000032 000F 
     942 00000033 A842          MOVL      *-SP[2],XAR4          ; [CPU_ALU] |256| 
     943                      .dwpsn  file "C:/ti/Workspace/PLC_certificate/Software/uCOS-II/Ports/C28x/Generic/CCS/os_dbg.c",line 
     944 00000034 8F00+         MOVL      XAR4,#_OSMemMax       ; [CPU_ARAU] |257| 
         00000035 0010 
     945 00000036 A842          MOVL      *-SP[2],XAR4          ; [CPU_ALU] |257| 
     946                      .dwpsn  file "C:/ti/Workspace/PLC_certificate/Software/uCOS-II/Ports/C28x/Generic/CCS/os_dbg.c",line 
     947 00000037 8F00+         MOVL      XAR4,#_OSMemNameEn    ; [CPU_ARAU] |258| 
         00000038 0011 
     948 00000039 A842          MOVL      *-SP[2],XAR4          ; [CPU_ALU] |258| 
     949                      .dwpsn  file "C:/ti/Workspace/PLC_certificate/Software/uCOS-II/Ports/C28x/Generic/CCS/os_dbg.c",line 
     950 0000003a 8F00+         MOVL      XAR4,#_OSMemSize      ; [CPU_ARAU] |259| 
         0000003b 0012 
     951 0000003c A842          MOVL      *-SP[2],XAR4          ; [CPU_ALU] |259| 
     952                      .dwpsn  file "C:/ti/Workspace/PLC_certificate/Software/uCOS-II/Ports/C28x/Generic/CCS/os_dbg.c",line 
     953 0000003d 8F00+         MOVL      XAR4,#_OSMemTblSize   ; [CPU_ARAU] |260| 
         0000003e 0013 
     954 0000003f A842          MOVL      *-SP[2],XAR4          ; [CPU_ALU] |260| 
     955                      .dwpsn  file "C:/ti/Workspace/PLC_certificate/Software/uCOS-II/Ports/C28x/Generic/CCS/os_dbg.c",line 
     956 00000040 8F00+         MOVL      XAR4,#_OSMutexEn      ; [CPU_ARAU] |262| 
         00000041 0014 
     957 00000042 A842          MOVL      *-SP[2],XAR4          ; [CPU_ALU] |262| 
     958                      .dwpsn  file "C:/ti/Workspace/PLC_certificate/Software/uCOS-II/Ports/C28x/Generic/CCS/os_dbg.c",line 
     959 00000043 8F00+         MOVL      XAR4,#_OSPtrSize      ; [CPU_ARAU] |264| 
         00000044 0015 
     960 00000045 A842          MOVL      *-SP[2],XAR4          ; [CPU_ALU] |264| 
     961                      .dwpsn  file "C:/ti/Workspace/PLC_certificate/Software/uCOS-II/Ports/C28x/Generic/CCS/os_dbg.c",line 
     962 00000046 8F00+         MOVL      XAR4,#_OSQEn          ; [CPU_ARAU] |266| 
         00000047 0016 
     963 00000048 A842          MOVL      *-SP[2],XAR4          ; [CPU_ALU] |266| 
     964                      .dwpsn  file "C:/ti/Workspace/PLC_certificate/Software/uCOS-II/Ports/C28x/Generic/CCS/os_dbg.c",line 
     965 00000049 8F00+         MOVL      XAR4,#_OSQMax         ; [CPU_ARAU] |267| 
TMS320C2000 Assembler PC v20.2.1 Mon Feb  8 19:02:46 2021

Copyright (c) 1996-2018 Texas Instruments Incorporated
os_dbg.asm                                                           PAGE   19

         0000004a 0017 
     966 0000004b A842          MOVL      *-SP[2],XAR4          ; [CPU_ALU] |267| 
     967                      .dwpsn  file "C:/ti/Workspace/PLC_certificate/Software/uCOS-II/Ports/C28x/Generic/CCS/os_dbg.c",line 
     968 0000004c 8F00+         MOVL      XAR4,#_OSQSize        ; [CPU_ARAU] |268| 
         0000004d 0018 
     969 0000004e A842          MOVL      *-SP[2],XAR4          ; [CPU_ALU] |268| 
     970                      .dwpsn  file "C:/ti/Workspace/PLC_certificate/Software/uCOS-II/Ports/C28x/Generic/CCS/os_dbg.c",line 
     971 0000004f 8F00+         MOVL      XAR4,#_OSRdyTblSize   ; [CPU_ARAU] |270| 
         00000050 0019 
     972 00000051 A842          MOVL      *-SP[2],XAR4          ; [CPU_ALU] |270| 
     973                      .dwpsn  file "C:/ti/Workspace/PLC_certificate/Software/uCOS-II/Ports/C28x/Generic/CCS/os_dbg.c",line 
     974 00000052 8F00+         MOVL      XAR4,#_OSSemEn        ; [CPU_ARAU] |272| 
         00000053 001A 
     975 00000054 A842          MOVL      *-SP[2],XAR4          ; [CPU_ALU] |272| 
     976                      .dwpsn  file "C:/ti/Workspace/PLC_certificate/Software/uCOS-II/Ports/C28x/Generic/CCS/os_dbg.c",line 
     977 00000055 8F00+         MOVL      XAR4,#_OSStkWidth     ; [CPU_ARAU] |274| 
         00000056 001B 
     978 00000057 A842          MOVL      *-SP[2],XAR4          ; [CPU_ALU] |274| 
     979                      .dwpsn  file "C:/ti/Workspace/PLC_certificate/Software/uCOS-II/Ports/C28x/Generic/CCS/os_dbg.c",line 
     980 00000058 8F00+         MOVL      XAR4,#_OSTaskCreateEn ; [CPU_ARAU] |276| 
         00000059 001C 
     981 0000005a A842          MOVL      *-SP[2],XAR4          ; [CPU_ALU] |276| 
     982                      .dwpsn  file "C:/ti/Workspace/PLC_certificate/Software/uCOS-II/Ports/C28x/Generic/CCS/os_dbg.c",line 
     983 0000005b 8F00+         MOVL      XAR4,#_OSTaskCreateExtEn ; [CPU_ARAU] |277| 
         0000005c 001D 
     984 0000005d A842          MOVL      *-SP[2],XAR4          ; [CPU_ALU] |277| 
     985                      .dwpsn  file "C:/ti/Workspace/PLC_certificate/Software/uCOS-II/Ports/C28x/Generic/CCS/os_dbg.c",line 
     986 0000005e 8F00+         MOVL      XAR4,#_OSTaskDelEn    ; [CPU_ARAU] |278| 
         0000005f 001E 
     987 00000060 A842          MOVL      *-SP[2],XAR4          ; [CPU_ALU] |278| 
     988                      .dwpsn  file "C:/ti/Workspace/PLC_certificate/Software/uCOS-II/Ports/C28x/Generic/CCS/os_dbg.c",line 
     989 00000061 8F00+         MOVL      XAR4,#_OSTaskIdleStkSize ; [CPU_ARAU] |279| 
         00000062 001F 
     990 00000063 A842          MOVL      *-SP[2],XAR4          ; [CPU_ALU] |279| 
     991                      .dwpsn  file "C:/ti/Workspace/PLC_certificate/Software/uCOS-II/Ports/C28x/Generic/CCS/os_dbg.c",line 
     992 00000064 8F00+         MOVL      XAR4,#_OSTaskProfileEn ; [CPU_ARAU] |280| 
         00000065 0020 
     993 00000066 A842          MOVL      *-SP[2],XAR4          ; [CPU_ALU] |280| 
     994                      .dwpsn  file "C:/ti/Workspace/PLC_certificate/Software/uCOS-II/Ports/C28x/Generic/CCS/os_dbg.c",line 
     995 00000067 8F00+         MOVL      XAR4,#_OSTaskMax      ; [CPU_ARAU] |281| 
         00000068 0021 
     996 00000069 A842          MOVL      *-SP[2],XAR4          ; [CPU_ALU] |281| 
     997                      .dwpsn  file "C:/ti/Workspace/PLC_certificate/Software/uCOS-II/Ports/C28x/Generic/CCS/os_dbg.c",line 
     998 0000006a 8F00+         MOVL      XAR4,#_OSTaskNameEn   ; [CPU_ARAU] |282| 
         0000006b 0022 
     999 0000006c A842          MOVL      *-SP[2],XAR4          ; [CPU_ALU] |282| 
    1000                      .dwpsn  file "C:/ti/Workspace/PLC_certificate/Software/uCOS-II/Ports/C28x/Generic/CCS/os_dbg.c",line 
    1001 0000006d 8F00+         MOVL      XAR4,#_OSTaskStatEn   ; [CPU_ARAU] |283| 
         0000006e 0023 
    1002 0000006f A842          MOVL      *-SP[2],XAR4          ; [CPU_ALU] |283| 
    1003                      .dwpsn  file "C:/ti/Workspace/PLC_certificate/Software/uCOS-II/Ports/C28x/Generic/CCS/os_dbg.c",line 
    1004 00000070 8F00+         MOVL      XAR4,#_OSTaskStatStkSize ; [CPU_ARAU] |284| 
         00000071 0024 
    1005 00000072 A842          MOVL      *-SP[2],XAR4          ; [CPU_ALU] |284| 
    1006                      .dwpsn  file "C:/ti/Workspace/PLC_certificate/Software/uCOS-II/Ports/C28x/Generic/CCS/os_dbg.c",line 
TMS320C2000 Assembler PC v20.2.1 Mon Feb  8 19:02:46 2021

Copyright (c) 1996-2018 Texas Instruments Incorporated
os_dbg.asm                                                           PAGE   20

    1007 00000073 8F00+         MOVL      XAR4,#_OSTaskStatStkChkEn ; [CPU_ARAU] |285| 
         00000074 0025 
    1008 00000075 A842          MOVL      *-SP[2],XAR4          ; [CPU_ALU] |285| 
    1009                      .dwpsn  file "C:/ti/Workspace/PLC_certificate/Software/uCOS-II/Ports/C28x/Generic/CCS/os_dbg.c",line 
    1010 00000076 8F00+         MOVL      XAR4,#_OSTaskSwHookEn ; [CPU_ARAU] |286| 
         00000077 0026 
    1011 00000078 A842          MOVL      *-SP[2],XAR4          ; [CPU_ALU] |286| 
    1012                      .dwpsn  file "C:/ti/Workspace/PLC_certificate/Software/uCOS-II/Ports/C28x/Generic/CCS/os_dbg.c",line 
    1013 00000079 8F00+         MOVL      XAR4,#_OSTCBPrioTblMax ; [CPU_ARAU] |288| 
         0000007a 0028 
    1014 0000007b A842          MOVL      *-SP[2],XAR4          ; [CPU_ALU] |288| 
    1015                      .dwpsn  file "C:/ti/Workspace/PLC_certificate/Software/uCOS-II/Ports/C28x/Generic/CCS/os_dbg.c",line 
    1016 0000007c 8F00+         MOVL      XAR4,#_OSTCBSize      ; [CPU_ARAU] |289| 
         0000007d 0029 
    1017 0000007e A842          MOVL      *-SP[2],XAR4          ; [CPU_ALU] |289| 
    1018                      .dwpsn  file "C:/ti/Workspace/PLC_certificate/Software/uCOS-II/Ports/C28x/Generic/CCS/os_dbg.c",line 
    1019 0000007f 8F00+         MOVL      XAR4,#_OSTicksPerSec  ; [CPU_ARAU] |291| 
         00000080 002A 
    1020 00000081 A842          MOVL      *-SP[2],XAR4          ; [CPU_ALU] |291| 
    1021                      .dwpsn  file "C:/ti/Workspace/PLC_certificate/Software/uCOS-II/Ports/C28x/Generic/CCS/os_dbg.c",line 
    1022 00000082 8F00+         MOVL      XAR4,#_OSTimeTickHookEn ; [CPU_ARAU] |292| 
         00000083 002B 
    1023 00000084 A842          MOVL      *-SP[2],XAR4          ; [CPU_ALU] |292| 
    1024                      .dwpsn  file "C:/ti/Workspace/PLC_certificate/Software/uCOS-II/Ports/C28x/Generic/CCS/os_dbg.c",line 
    1025 00000085 8F00+         MOVL      XAR4,#_OSVersionNbr   ; [CPU_ARAU] |310| 
         00000086 002C 
    1026 00000087 A842          MOVL      *-SP[2],XAR4          ; [CPU_ALU] |310| 
    1027                      .dwpsn  file "C:/ti/Workspace/PLC_certificate/Software/uCOS-II/Ports/C28x/Generic/CCS/os_dbg.c",line 
    1028 00000088 8F00+         MOVL      XAR4,#_OSDataSize     ; [CPU_ARAU] |312| 
         00000089 0036 
    1029 0000008a A842          MOVL      *-SP[2],XAR4          ; [CPU_ALU] |312| 
    1030                      .dwpsn  file "C:/ti/Workspace/PLC_certificate/Software/uCOS-II/Ports/C28x/Generic/CCS/os_dbg.c",line 
    1031                      .dwpsn  file "C:/ti/Workspace/PLC_certificate/Software/uCOS-II/Ports/C28x/Generic/CCS/os_dbg.c",line 
    1032 0000008b FE82          SUBB      SP,#2                 ; [CPU_ARAU] 
    1033                      .dwcfi  cfa_offset, -2
    1034              $C$DW$59        .dwtag  DW_TAG_TI_branch
    1035                      .dwattr $C$DW$59, DW_AT_low_pc(0x00)
    1036                      .dwattr $C$DW$59, DW_AT_TI_return
    1037              
    1038 0000008c 0006          LRETR     ; [CPU_ALU] 
    1039                      ; return occurs ; [] 
    1040                      .dwattr $C$DW$57, DW_AT_TI_end_file("C:/ti/Workspace/PLC_certificate/Software/uCOS-II/Ports/C28x/Gene
    1041                      .dwattr $C$DW$57, DW_AT_TI_end_line(0x13b)
    1042                      .dwattr $C$DW$57, DW_AT_TI_end_column(0x01)
    1043                      .dwendentry
    1044                      .dwendtag $C$DW$57
    1045              
    1046              
    1047              ;***************************************************************
    1048              ;* TYPE INFORMATION                                            *
    1049              ;***************************************************************
    1050              $C$DW$T$2       .dwtag  DW_TAG_unspecified_type
    1051                      .dwattr $C$DW$T$2, DW_AT_name("void")
    1052              
    1053              $C$DW$T$3       .dwtag  DW_TAG_pointer_type
TMS320C2000 Assembler PC v20.2.1 Mon Feb  8 19:02:46 2021

Copyright (c) 1996-2018 Texas Instruments Incorporated
os_dbg.asm                                                           PAGE   21

    1054                      .dwattr $C$DW$T$3, DW_AT_type(*$C$DW$T$2)
    1055                      .dwattr $C$DW$T$3, DW_AT_address_class(0x20)
    1056              
    1057              $C$DW$T$4       .dwtag  DW_TAG_base_type
    1058                      .dwattr $C$DW$T$4, DW_AT_encoding(DW_ATE_boolean)
    1059                      .dwattr $C$DW$T$4, DW_AT_name("bool")
    1060                      .dwattr $C$DW$T$4, DW_AT_byte_size(0x01)
    1061              
    1062              $C$DW$T$5       .dwtag  DW_TAG_base_type
    1063                      .dwattr $C$DW$T$5, DW_AT_encoding(DW_ATE_signed_char)
    1064                      .dwattr $C$DW$T$5, DW_AT_name("signed char")
    1065                      .dwattr $C$DW$T$5, DW_AT_byte_size(0x01)
    1066              
    1067              $C$DW$T$6       .dwtag  DW_TAG_base_type
    1068                      .dwattr $C$DW$T$6, DW_AT_encoding(DW_ATE_unsigned_char)
    1069                      .dwattr $C$DW$T$6, DW_AT_name("unsigned char")
    1070                      .dwattr $C$DW$T$6, DW_AT_byte_size(0x01)
    1071              
    1072              $C$DW$T$7       .dwtag  DW_TAG_base_type
    1073                      .dwattr $C$DW$T$7, DW_AT_encoding(DW_ATE_signed_char)
    1074                      .dwattr $C$DW$T$7, DW_AT_name("wchar_t")
    1075                      .dwattr $C$DW$T$7, DW_AT_byte_size(0x01)
    1076              
    1077              $C$DW$T$8       .dwtag  DW_TAG_base_type
    1078                      .dwattr $C$DW$T$8, DW_AT_encoding(DW_ATE_signed)
    1079                      .dwattr $C$DW$T$8, DW_AT_name("short")
    1080                      .dwattr $C$DW$T$8, DW_AT_byte_size(0x01)
    1081              
    1082              $C$DW$T$9       .dwtag  DW_TAG_base_type
    1083                      .dwattr $C$DW$T$9, DW_AT_encoding(DW_ATE_unsigned)
    1084                      .dwattr $C$DW$T$9, DW_AT_name("unsigned short")
    1085                      .dwattr $C$DW$T$9, DW_AT_byte_size(0x01)
    1086              
    1087              $C$DW$T$20      .dwtag  DW_TAG_typedef
    1088                      .dwattr $C$DW$T$20, DW_AT_name("INT16U")
    1089                      .dwattr $C$DW$T$20, DW_AT_type(*$C$DW$T$9)
    1090                      .dwattr $C$DW$T$20, DW_AT_language(DW_LANG_C)
    1091              
    1092              $C$DW$60        .dwtag  DW_TAG_TI_far_type
    1093                      .dwattr $C$DW$60, DW_AT_type(*$C$DW$T$20)
    1094              
    1095              $C$DW$61        .dwtag  DW_TAG_const_type
    1096                      .dwattr $C$DW$61, DW_AT_type(*$C$DW$60)
    1097              
    1098              $C$DW$T$21      .dwtag  DW_TAG_volatile_type
    1099                      .dwattr $C$DW$T$21, DW_AT_type(*$C$DW$61)
    1100              
    1101              $C$DW$T$10      .dwtag  DW_TAG_base_type
    1102                      .dwattr $C$DW$T$10, DW_AT_encoding(DW_ATE_signed)
    1103                      .dwattr $C$DW$T$10, DW_AT_name("int")
    1104                      .dwattr $C$DW$T$10, DW_AT_byte_size(0x01)
    1105              
    1106              $C$DW$T$11      .dwtag  DW_TAG_base_type
    1107                      .dwattr $C$DW$T$11, DW_AT_encoding(DW_ATE_unsigned)
    1108                      .dwattr $C$DW$T$11, DW_AT_name("unsigned int")
TMS320C2000 Assembler PC v20.2.1 Mon Feb  8 19:02:46 2021

Copyright (c) 1996-2018 Texas Instruments Incorporated
os_dbg.asm                                                           PAGE   22

    1109                      .dwattr $C$DW$T$11, DW_AT_byte_size(0x01)
    1110              
    1111              $C$DW$T$12      .dwtag  DW_TAG_base_type
    1112                      .dwattr $C$DW$T$12, DW_AT_encoding(DW_ATE_signed)
    1113                      .dwattr $C$DW$T$12, DW_AT_name("long")
    1114                      .dwattr $C$DW$T$12, DW_AT_byte_size(0x02)
    1115              
    1116              $C$DW$T$13      .dwtag  DW_TAG_base_type
    1117                      .dwattr $C$DW$T$13, DW_AT_encoding(DW_ATE_unsigned)
    1118                      .dwattr $C$DW$T$13, DW_AT_name("unsigned long")
    1119                      .dwattr $C$DW$T$13, DW_AT_byte_size(0x02)
    1120              
    1121              $C$DW$T$23      .dwtag  DW_TAG_typedef
    1122                      .dwattr $C$DW$T$23, DW_AT_name("INT32U")
    1123                      .dwattr $C$DW$T$23, DW_AT_type(*$C$DW$T$13)
    1124                      .dwattr $C$DW$T$23, DW_AT_language(DW_LANG_C)
    1125              
    1126              $C$DW$62        .dwtag  DW_TAG_TI_far_type
    1127                      .dwattr $C$DW$62, DW_AT_type(*$C$DW$T$23)
    1128              
    1129              $C$DW$63        .dwtag  DW_TAG_const_type
    1130                      .dwattr $C$DW$63, DW_AT_type(*$C$DW$62)
    1131              
    1132              $C$DW$T$24      .dwtag  DW_TAG_volatile_type
    1133                      .dwattr $C$DW$T$24, DW_AT_type(*$C$DW$63)
    1134              
    1135              $C$DW$T$14      .dwtag  DW_TAG_base_type
    1136                      .dwattr $C$DW$T$14, DW_AT_encoding(DW_ATE_signed)
    1137                      .dwattr $C$DW$T$14, DW_AT_name("long long")
    1138                      .dwattr $C$DW$T$14, DW_AT_byte_size(0x04)
    1139              
    1140              $C$DW$T$15      .dwtag  DW_TAG_base_type
    1141                      .dwattr $C$DW$T$15, DW_AT_encoding(DW_ATE_unsigned)
    1142                      .dwattr $C$DW$T$15, DW_AT_name("unsigned long long")
    1143                      .dwattr $C$DW$T$15, DW_AT_byte_size(0x04)
    1144              
    1145              $C$DW$T$16      .dwtag  DW_TAG_base_type
    1146                      .dwattr $C$DW$T$16, DW_AT_encoding(DW_ATE_float)
    1147                      .dwattr $C$DW$T$16, DW_AT_name("float")
    1148                      .dwattr $C$DW$T$16, DW_AT_byte_size(0x02)
    1149              
    1150              $C$DW$T$17      .dwtag  DW_TAG_base_type
    1151                      .dwattr $C$DW$T$17, DW_AT_encoding(DW_ATE_float)
    1152                      .dwattr $C$DW$T$17, DW_AT_name("double")
    1153                      .dwattr $C$DW$T$17, DW_AT_byte_size(0x02)
    1154              
    1155              $C$DW$T$18      .dwtag  DW_TAG_base_type
    1156                      .dwattr $C$DW$T$18, DW_AT_encoding(DW_ATE_float)
    1157                      .dwattr $C$DW$T$18, DW_AT_name("long double")
    1158                      .dwattr $C$DW$T$18, DW_AT_byte_size(0x04)
    1159              
    1160                      .dwattr $C$DW$CU, DW_AT_language(DW_LANG_C)
    1161              
    1162              ;***************************************************************
    1163              ;* DWARF CIE ENTRIES                                           *
TMS320C2000 Assembler PC v20.2.1 Mon Feb  8 19:02:46 2021

Copyright (c) 1996-2018 Texas Instruments Incorporated
os_dbg.asm                                                           PAGE   23

    1164              ;***************************************************************
    1165              
    1166              $C$DW$CIE       .dwcie 26
    1167                      .dwcfi  cfa_register, 20
    1168                      .dwcfi  cfa_offset, 0
    1169                      .dwcfi  same_value, 28
    1170                      .dwcfi  same_value, 6
    1171                      .dwcfi  same_value, 7
    1172                      .dwcfi  same_value, 8
    1173                      .dwcfi  same_value, 9
    1174                      .dwcfi  same_value, 10
    1175                      .dwcfi  same_value, 11
    1176                      .dwendentry
    1177              
    1178              ;***************************************************************
    1179              ;* DWARF REGISTER MAP                                          *
    1180              ;***************************************************************
    1181              
    1182              $C$DW$64        .dwtag  DW_TAG_TI_assign_register
    1183                      .dwattr $C$DW$64, DW_AT_name("AL")
    1184                      .dwattr $C$DW$64, DW_AT_location[DW_OP_reg0]
    1185              
    1186              $C$DW$65        .dwtag  DW_TAG_TI_assign_register
    1187                      .dwattr $C$DW$65, DW_AT_name("AH")
    1188                      .dwattr $C$DW$65, DW_AT_location[DW_OP_reg1]
    1189              
    1190              $C$DW$66        .dwtag  DW_TAG_TI_assign_register
    1191                      .dwattr $C$DW$66, DW_AT_name("PL")
    1192                      .dwattr $C$DW$66, DW_AT_location[DW_OP_reg2]
    1193              
    1194              $C$DW$67        .dwtag  DW_TAG_TI_assign_register
    1195                      .dwattr $C$DW$67, DW_AT_name("PH")
    1196                      .dwattr $C$DW$67, DW_AT_location[DW_OP_reg3]
    1197              
    1198              $C$DW$68        .dwtag  DW_TAG_TI_assign_register
    1199                      .dwattr $C$DW$68, DW_AT_name("SP")
    1200                      .dwattr $C$DW$68, DW_AT_location[DW_OP_reg20]
    1201              
    1202              $C$DW$69        .dwtag  DW_TAG_TI_assign_register
    1203                      .dwattr $C$DW$69, DW_AT_name("XT")
    1204                      .dwattr $C$DW$69, DW_AT_location[DW_OP_reg21]
    1205              
    1206              $C$DW$70        .dwtag  DW_TAG_TI_assign_register
    1207                      .dwattr $C$DW$70, DW_AT_name("T")
    1208                      .dwattr $C$DW$70, DW_AT_location[DW_OP_reg22]
    1209              
    1210              $C$DW$71        .dwtag  DW_TAG_TI_assign_register
    1211                      .dwattr $C$DW$71, DW_AT_name("ST0")
    1212                      .dwattr $C$DW$71, DW_AT_location[DW_OP_reg23]
    1213              
    1214              $C$DW$72        .dwtag  DW_TAG_TI_assign_register
    1215                      .dwattr $C$DW$72, DW_AT_name("ST1")
    1216                      .dwattr $C$DW$72, DW_AT_location[DW_OP_reg24]
    1217              
    1218              $C$DW$73        .dwtag  DW_TAG_TI_assign_register
TMS320C2000 Assembler PC v20.2.1 Mon Feb  8 19:02:46 2021

Copyright (c) 1996-2018 Texas Instruments Incorporated
os_dbg.asm                                                           PAGE   24

    1219                      .dwattr $C$DW$73, DW_AT_name("PC")
    1220                      .dwattr $C$DW$73, DW_AT_location[DW_OP_reg25]
    1221              
    1222              $C$DW$74        .dwtag  DW_TAG_TI_assign_register
    1223                      .dwattr $C$DW$74, DW_AT_name("RPC")
    1224                      .dwattr $C$DW$74, DW_AT_location[DW_OP_reg26]
    1225              
    1226              $C$DW$75        .dwtag  DW_TAG_TI_assign_register
    1227                      .dwattr $C$DW$75, DW_AT_name("FP")
    1228                      .dwattr $C$DW$75, DW_AT_location[DW_OP_reg28]
    1229              
    1230              $C$DW$76        .dwtag  DW_TAG_TI_assign_register
    1231                      .dwattr $C$DW$76, DW_AT_name("DP")
    1232                      .dwattr $C$DW$76, DW_AT_location[DW_OP_reg29]
    1233              
    1234              $C$DW$77        .dwtag  DW_TAG_TI_assign_register
    1235                      .dwattr $C$DW$77, DW_AT_name("SXM")
    1236                      .dwattr $C$DW$77, DW_AT_location[DW_OP_reg30]
    1237              
    1238              $C$DW$78        .dwtag  DW_TAG_TI_assign_register
    1239                      .dwattr $C$DW$78, DW_AT_name("PM")
    1240                      .dwattr $C$DW$78, DW_AT_location[DW_OP_reg31]
    1241              
    1242              $C$DW$79        .dwtag  DW_TAG_TI_assign_register
    1243                      .dwattr $C$DW$79, DW_AT_name("OVM")
    1244                      .dwattr $C$DW$79, DW_AT_location[DW_OP_regx 0x20]
    1245              
    1246              $C$DW$80        .dwtag  DW_TAG_TI_assign_register
    1247                      .dwattr $C$DW$80, DW_AT_name("PAGE0")
    1248                      .dwattr $C$DW$80, DW_AT_location[DW_OP_regx 0x21]
    1249              
    1250              $C$DW$81        .dwtag  DW_TAG_TI_assign_register
    1251                      .dwattr $C$DW$81, DW_AT_name("AMODE")
    1252                      .dwattr $C$DW$81, DW_AT_location[DW_OP_regx 0x22]
    1253              
    1254              $C$DW$82        .dwtag  DW_TAG_TI_assign_register
    1255                      .dwattr $C$DW$82, DW_AT_name("EALLOW")
    1256                      .dwattr $C$DW$82, DW_AT_location[DW_OP_regx 0x4e]
    1257              
    1258              $C$DW$83        .dwtag  DW_TAG_TI_assign_register
    1259                      .dwattr $C$DW$83, DW_AT_name("INTM")
    1260                      .dwattr $C$DW$83, DW_AT_location[DW_OP_regx 0x23]
    1261              
    1262              $C$DW$84        .dwtag  DW_TAG_TI_assign_register
    1263                      .dwattr $C$DW$84, DW_AT_name("IFR")
    1264                      .dwattr $C$DW$84, DW_AT_location[DW_OP_regx 0x24]
    1265              
    1266              $C$DW$85        .dwtag  DW_TAG_TI_assign_register
    1267                      .dwattr $C$DW$85, DW_AT_name("IER")
    1268                      .dwattr $C$DW$85, DW_AT_location[DW_OP_regx 0x25]
    1269              
    1270              $C$DW$86        .dwtag  DW_TAG_TI_assign_register
    1271                      .dwattr $C$DW$86, DW_AT_name("V")
    1272                      .dwattr $C$DW$86, DW_AT_location[DW_OP_regx 0x26]
    1273              
TMS320C2000 Assembler PC v20.2.1 Mon Feb  8 19:02:46 2021

Copyright (c) 1996-2018 Texas Instruments Incorporated
os_dbg.asm                                                           PAGE   25

    1274              $C$DW$87        .dwtag  DW_TAG_TI_assign_register
    1275                      .dwattr $C$DW$87, DW_AT_name("PSEUDOH")
    1276                      .dwattr $C$DW$87, DW_AT_location[DW_OP_regx 0x4c]
    1277              
    1278              $C$DW$88        .dwtag  DW_TAG_TI_assign_register
    1279                      .dwattr $C$DW$88, DW_AT_name("VOL")
    1280                      .dwattr $C$DW$88, DW_AT_location[DW_OP_regx 0x4d]
    1281              
    1282              $C$DW$89        .dwtag  DW_TAG_TI_assign_register
    1283                      .dwattr $C$DW$89, DW_AT_name("AR0")
    1284                      .dwattr $C$DW$89, DW_AT_location[DW_OP_reg4]
    1285              
    1286              $C$DW$90        .dwtag  DW_TAG_TI_assign_register
    1287                      .dwattr $C$DW$90, DW_AT_name("XAR0")
    1288                      .dwattr $C$DW$90, DW_AT_location[DW_OP_reg5]
    1289              
    1290              $C$DW$91        .dwtag  DW_TAG_TI_assign_register
    1291                      .dwattr $C$DW$91, DW_AT_name("AR1")
    1292                      .dwattr $C$DW$91, DW_AT_location[DW_OP_reg6]
    1293              
    1294              $C$DW$92        .dwtag  DW_TAG_TI_assign_register
    1295                      .dwattr $C$DW$92, DW_AT_name("XAR1")
    1296                      .dwattr $C$DW$92, DW_AT_location[DW_OP_reg7]
    1297              
    1298              $C$DW$93        .dwtag  DW_TAG_TI_assign_register
    1299                      .dwattr $C$DW$93, DW_AT_name("AR2")
    1300                      .dwattr $C$DW$93, DW_AT_location[DW_OP_reg8]
    1301              
    1302              $C$DW$94        .dwtag  DW_TAG_TI_assign_register
    1303                      .dwattr $C$DW$94, DW_AT_name("XAR2")
    1304                      .dwattr $C$DW$94, DW_AT_location[DW_OP_reg9]
    1305              
    1306              $C$DW$95        .dwtag  DW_TAG_TI_assign_register
    1307                      .dwattr $C$DW$95, DW_AT_name("AR3")
    1308                      .dwattr $C$DW$95, DW_AT_location[DW_OP_reg10]
    1309              
    1310              $C$DW$96        .dwtag  DW_TAG_TI_assign_register
    1311                      .dwattr $C$DW$96, DW_AT_name("XAR3")
    1312                      .dwattr $C$DW$96, DW_AT_location[DW_OP_reg11]
    1313              
    1314              $C$DW$97        .dwtag  DW_TAG_TI_assign_register
    1315                      .dwattr $C$DW$97, DW_AT_name("AR4")
    1316                      .dwattr $C$DW$97, DW_AT_location[DW_OP_reg12]
    1317              
    1318              $C$DW$98        .dwtag  DW_TAG_TI_assign_register
    1319                      .dwattr $C$DW$98, DW_AT_name("XAR4")
    1320                      .dwattr $C$DW$98, DW_AT_location[DW_OP_reg13]
    1321              
    1322              $C$DW$99        .dwtag  DW_TAG_TI_assign_register
    1323                      .dwattr $C$DW$99, DW_AT_name("AR5")
    1324                      .dwattr $C$DW$99, DW_AT_location[DW_OP_reg14]
    1325              
    1326              $C$DW$100       .dwtag  DW_TAG_TI_assign_register
    1327                      .dwattr $C$DW$100, DW_AT_name("XAR5")
    1328                      .dwattr $C$DW$100, DW_AT_location[DW_OP_reg15]
TMS320C2000 Assembler PC v20.2.1 Mon Feb  8 19:02:46 2021

Copyright (c) 1996-2018 Texas Instruments Incorporated
os_dbg.asm                                                           PAGE   26

    1329              
    1330              $C$DW$101       .dwtag  DW_TAG_TI_assign_register
    1331                      .dwattr $C$DW$101, DW_AT_name("AR6")
    1332                      .dwattr $C$DW$101, DW_AT_location[DW_OP_reg16]
    1333              
    1334              $C$DW$102       .dwtag  DW_TAG_TI_assign_register
    1335                      .dwattr $C$DW$102, DW_AT_name("XAR6")
    1336                      .dwattr $C$DW$102, DW_AT_location[DW_OP_reg17]
    1337              
    1338              $C$DW$103       .dwtag  DW_TAG_TI_assign_register
    1339                      .dwattr $C$DW$103, DW_AT_name("AR7")
    1340                      .dwattr $C$DW$103, DW_AT_location[DW_OP_reg18]
    1341              
    1342              $C$DW$104       .dwtag  DW_TAG_TI_assign_register
    1343                      .dwattr $C$DW$104, DW_AT_name("XAR7")
    1344                      .dwattr $C$DW$104, DW_AT_location[DW_OP_reg19]
    1345              
    1346                      .dwendtag $C$DW$CU
    1347              

No Assembly Errors, No Assembly Warnings
