TMS320C2000 Assembler PC v20.2.1 Tue Feb 16 00:15:54 2021

Copyright (c) 1996-2018 Texas Instruments Incorporated
bsp.asm                                                              PAGE    1

       1              ;***************************************************************
       2              ;* TMS320C2000 G3 C/C++ Codegen                               PC v20.2.1.LTS *
       3              ;* Date/Time created: Tue Feb 16 00:15:54 2021                 *
       4              ;***************************************************************
       5                      .compiler_opts --abi=coffabi --diag_wrap=off --float_support=softlib --hll_source=on --mem_model:code
       6                      .asg    XAR2, FP
       7              
       8              $C$DW$CU        .dwtag  DW_TAG_compile_unit
       9                      .dwattr $C$DW$CU, DW_AT_name("C:/ti/Workspace/PLC_certificate/Examples/TI/TMDSDOCK28335/BSP/bsp.c")
      10                      .dwattr $C$DW$CU, DW_AT_producer("TI TMS320C2000 G3 C/C++ Codegen PC v20.2.1.LTS Copyright (c) 1996-2
      11                      .dwattr $C$DW$CU, DW_AT_TI_version(0x01)
      12                      .dwattr $C$DW$CU, DW_AT_comp_dir("C:\ti\Workspace\PLC_certificate\Examples\TI\TMDSDOCK28335\OS2\CCS\D
      13              
      14              $C$DW$1 .dwtag  DW_TAG_subprogram
      15                      .dwattr $C$DW$1, DW_AT_name("CPU_IntDis")
      16                      .dwattr $C$DW$1, DW_AT_TI_symbol_name("_CPU_IntDis")
      17                      .dwattr $C$DW$1, DW_AT_declaration
      18                      .dwattr $C$DW$1, DW_AT_external
      19                      .dwendtag $C$DW$1
      20              
      21              
      22              $C$DW$2 .dwtag  DW_TAG_subprogram
      23                      .dwattr $C$DW$2, DW_AT_name("CPU_IntEn")
      24                      .dwattr $C$DW$2, DW_AT_TI_symbol_name("_CPU_IntEn")
      25                      .dwattr $C$DW$2, DW_AT_declaration
      26                      .dwattr $C$DW$2, DW_AT_external
      27                      .dwendtag $C$DW$2
      28              
      29              
      30              $C$DW$3 .dwtag  DW_TAG_subprogram
      31                      .dwattr $C$DW$3, DW_AT_name("BSP_OS_TIMER2_TickInit")
      32                      .dwattr $C$DW$3, DW_AT_TI_symbol_name("_BSP_OS_TIMER2_TickInit")
      33                      .dwattr $C$DW$3, DW_AT_declaration
      34                      .dwattr $C$DW$3, DW_AT_external
      35              $C$DW$4 .dwtag  DW_TAG_formal_parameter
      36                      .dwattr $C$DW$4, DW_AT_type(*$C$DW$T$28)
      37              
      38                      .dwendtag $C$DW$3
      39              
      40              
      41              $C$DW$5 .dwtag  DW_TAG_subprogram
      42                      .dwattr $C$DW$5, DW_AT_name("BSP_IntVectSet")
      43                      .dwattr $C$DW$5, DW_AT_TI_symbol_name("_BSP_IntVectSet")
      44                      .dwattr $C$DW$5, DW_AT_declaration
      45                      .dwattr $C$DW$5, DW_AT_external
      46              $C$DW$6 .dwtag  DW_TAG_formal_parameter
      47                      .dwattr $C$DW$6, DW_AT_type(*$C$DW$T$23)
      48              
      49              $C$DW$7 .dwtag  DW_TAG_formal_parameter
      50                      .dwattr $C$DW$7, DW_AT_type(*$C$DW$T$21)
      51              
      52                      .dwendtag $C$DW$5
      53              
      54              
      55              $C$DW$8 .dwtag  DW_TAG_subprogram
TMS320C2000 Assembler PC v20.2.1 Tue Feb 16 00:15:54 2021

Copyright (c) 1996-2018 Texas Instruments Incorporated
bsp.asm                                                              PAGE    2

      56                      .dwattr $C$DW$8, DW_AT_name("BSP_IntHandlerDummy")
      57                      .dwattr $C$DW$8, DW_AT_TI_symbol_name("_BSP_IntHandlerDummy")
      58                      .dwattr $C$DW$8, DW_AT_declaration
      59                      .dwattr $C$DW$8, DW_AT_external
      60                      .dwendtag $C$DW$8
      61              
      62              
      63              $C$DW$9 .dwtag  DW_TAG_subprogram
      64                      .dwattr $C$DW$9, DW_AT_name("BSP_OS_TIMER2_TickHandler")
      65                      .dwattr $C$DW$9, DW_AT_TI_symbol_name("_BSP_OS_TIMER2_TickHandler")
      66                      .dwattr $C$DW$9, DW_AT_declaration
      67                      .dwattr $C$DW$9, DW_AT_external
      68                      .dwendtag $C$DW$9
      69              
      70              
      71              $C$DW$10        .dwtag  DW_TAG_subprogram
      72                      .dwattr $C$DW$10, DW_AT_name("OS_CPU_RTOSINT_Handler")
      73                      .dwattr $C$DW$10, DW_AT_TI_symbol_name("_OS_CPU_RTOSINT_Handler")
      74                      .dwattr $C$DW$10, DW_AT_declaration
      75                      .dwattr $C$DW$10, DW_AT_external
      76                      .dwendtag $C$DW$10
      77              
      78              
      79              $C$DW$11        .dwtag  DW_TAG_subprogram
      80                      .dwattr $C$DW$11, DW_AT_name("BSP_SCIA_RX")
      81                      .dwattr $C$DW$11, DW_AT_TI_symbol_name("_BSP_SCIA_RX")
      82                      .dwattr $C$DW$11, DW_AT_declaration
      83                      .dwattr $C$DW$11, DW_AT_external
      84                      .dwendtag $C$DW$11
      85              
      86              
      87              $C$DW$12        .dwtag  DW_TAG_subprogram
      88                      .dwattr $C$DW$12, DW_AT_name("BSP_SCIA_TX")
      89                      .dwattr $C$DW$12, DW_AT_TI_symbol_name("_BSP_SCIA_TX")
      90                      .dwattr $C$DW$12, DW_AT_declaration
      91                      .dwattr $C$DW$12, DW_AT_external
      92                      .dwendtag $C$DW$12
      93              
      94              
      95              $C$DW$13        .dwtag  DW_TAG_subprogram
      96                      .dwattr $C$DW$13, DW_AT_name("BSP_IntEn")
      97                      .dwattr $C$DW$13, DW_AT_TI_symbol_name("_BSP_IntEn")
      98                      .dwattr $C$DW$13, DW_AT_declaration
      99                      .dwattr $C$DW$13, DW_AT_external
     100              $C$DW$14        .dwtag  DW_TAG_formal_parameter
     101                      .dwattr $C$DW$14, DW_AT_type(*$C$DW$T$23)
     102              
     103                      .dwendtag $C$DW$13
     104              
     105              ;       C:\ti\ccs1011\ccs\tools\compiler\ti-cgt-c2000_20.2.1.LTS\bin\ac2000.exe -@C:\\Users\\LEEKEO~1\\AppDat
     106 00000000               .sect   ".text"
     107                      .clink
     108                      .global _BSP_Init
     109              
     110              $C$DW$15        .dwtag  DW_TAG_subprogram
TMS320C2000 Assembler PC v20.2.1 Tue Feb 16 00:15:54 2021

Copyright (c) 1996-2018 Texas Instruments Incorporated
bsp.asm                                                              PAGE    3

     111                      .dwattr $C$DW$15, DW_AT_name("BSP_Init")
     112                      .dwattr $C$DW$15, DW_AT_low_pc(_BSP_Init)
     113                      .dwattr $C$DW$15, DW_AT_high_pc(0x00)
     114                      .dwattr $C$DW$15, DW_AT_TI_symbol_name("_BSP_Init")
     115                      .dwattr $C$DW$15, DW_AT_external
     116                      .dwattr $C$DW$15, DW_AT_TI_begin_file("C:/ti/Workspace/PLC_certificate/Examples/TI/TMDSDOCK28335/BSP/
     117                      .dwattr $C$DW$15, DW_AT_TI_begin_line(0x88)
     118                      .dwattr $C$DW$15, DW_AT_TI_begin_column(0x07)
     119                      .dwattr $C$DW$15, DW_AT_TI_max_frame_size(-2)
     120                      .dwpsn  file "C:/ti/Workspace/PLC_certificate/Examples/TI/TMDSDOCK28335/BSP/bsp.c",line 137,column 1,
     121              
     122                      .dwfde $C$DW$CIE, _BSP_Init
     123              
     124              ;***************************************************************
     125              ;* FNAME: _BSP_Init                     FR SIZE:   0           *
     126              ;*                                                             *
     127              ;* FUNCTION ENVIRONMENT                                        *
     128              ;*                                                             *
     129              ;* FUNCTION PROPERTIES                                         *
     130              ;*                            0 Parameter,  0 Auto,  0 SOE     *
     131              ;***************************************************************
     132              
     133 00000000       _BSP_Init:
     134                      .dwcfi  cfa_offset, -2
     135                      .dwcfi  save_reg_to_mem, 26, 0
     136                      .dwpsn  file "C:/ti/Workspace/PLC_certificate/Examples/TI/TMDSDOCK28335/BSP/bsp.c",line 139,column 5,
     137 00000000 7622   EALLOW
     138                      .dwpsn  file "C:/ti/Workspace/PLC_certificate/Examples/TI/TMDSDOCK28335/BSP/bsp.c",line 141,column 5,
     139 00000001 FF69          SPM       #0                    ; [CPU_ALU] 
     140              $C$DW$16        .dwtag  DW_TAG_TI_branch
     141                      .dwattr $C$DW$16, DW_AT_low_pc(0x00)
     142                      .dwattr $C$DW$16, DW_AT_name("_CPU_IntDis")
     143                      .dwattr $C$DW$16, DW_AT_TI_call
     144              
     145 00000002 7640!         LCR       #_CPU_IntDis          ; [CPU_ALU] |141| 
         00000003 0000 
     146                      ; call occurs [#_CPU_IntDis] ; [] |141| 
     147                      .dwpsn  file "C:/ti/Workspace/PLC_certificate/Examples/TI/TMDSDOCK28335/BSP/bsp.c",line 143,column 5,
     148 00000004 2920   CLRC DBGM
     149                      .dwpsn  file "C:/ti/Workspace/PLC_certificate/Examples/TI/TMDSDOCK28335/BSP/bsp.c",line 145,column 5,
     150 00000005 FF69          SPM       #0                    ; [CPU_ALU] 
     151              $C$DW$17        .dwtag  DW_TAG_TI_branch
     152                      .dwattr $C$DW$17, DW_AT_low_pc(0x00)
     153                      .dwattr $C$DW$17, DW_AT_name("_BSP_Int_Init")
     154                      .dwattr $C$DW$17, DW_AT_TI_call
     155              
     156 00000006 7640'         LCR       #_BSP_Int_Init        ; [CPU_ALU] |145| 
         00000007 0029 
     157                      ; call occurs [#_BSP_Int_Init] ; [] |145| 
     158                      .dwpsn  file "C:/ti/Workspace/PLC_certificate/Examples/TI/TMDSDOCK28335/BSP/bsp.c",line 147,column 5,
     159              $C$DW$18        .dwtag  DW_TAG_TI_branch
     160                      .dwattr $C$DW$18, DW_AT_low_pc(0x00)
     161                      .dwattr $C$DW$18, DW_AT_name("_BSP_PLL_Init")
     162                      .dwattr $C$DW$18, DW_AT_TI_call
     163              
TMS320C2000 Assembler PC v20.2.1 Tue Feb 16 00:15:54 2021

Copyright (c) 1996-2018 Texas Instruments Incorporated
bsp.asm                                                              PAGE    4

     164 00000008 7640'         LCR       #_BSP_PLL_Init        ; [CPU_ALU] |147| 
         00000009 006B 
     165                      ; call occurs [#_BSP_PLL_Init] ; [] |147| 
     166                      .dwpsn  file "C:/ti/Workspace/PLC_certificate/Examples/TI/TMDSDOCK28335/BSP/bsp.c",line 149,column 5,
     167              $C$DW$19        .dwtag  DW_TAG_TI_branch
     168                      .dwattr $C$DW$19, DW_AT_low_pc(0x00)
     169                      .dwattr $C$DW$19, DW_AT_name("_BSP_LED_Init")
     170                      .dwattr $C$DW$19, DW_AT_TI_call
     171              
     172 0000000a 7640'         LCR       #_BSP_LED_Init        ; [CPU_ALU] |149| 
         0000000b 0052 
     173                      ; call occurs [#_BSP_LED_Init] ; [] |149| 
     174                      .dwpsn  file "C:/ti/Workspace/PLC_certificate/Examples/TI/TMDSDOCK28335/BSP/bsp.c",line 151,column 5,
     175              $C$DW$20        .dwtag  DW_TAG_TI_branch
     176                      .dwattr $C$DW$20, DW_AT_low_pc(0x00)
     177                      .dwattr $C$DW$20, DW_AT_name("_BSP_SCIA_Init")
     178                      .dwattr $C$DW$20, DW_AT_TI_call
     179              
     180 0000000c 7640'         LCR       #_BSP_SCIA_Init       ; [CPU_ALU] |151| 
         0000000d 0098 
     181                      ; call occurs [#_BSP_SCIA_Init] ; [] |151| 
     182                      .dwpsn  file "C:/ti/Workspace/PLC_certificate/Examples/TI/TMDSDOCK28335/BSP/bsp.c",line 153,column 5,
     183              $C$DW$21        .dwtag  DW_TAG_TI_branch
     184                      .dwattr $C$DW$21, DW_AT_low_pc(0x00)
     185                      .dwattr $C$DW$21, DW_AT_name("_CPU_IntEn")
     186                      .dwattr $C$DW$21, DW_AT_TI_call
     187              
     188 0000000e 7640!         LCR       #_CPU_IntEn           ; [CPU_ALU] |153| 
         0000000f 0000 
     189                      ; call occurs [#_CPU_IntEn] ; [] |153| 
     190                      .dwpsn  file "C:/ti/Workspace/PLC_certificate/Examples/TI/TMDSDOCK28335/BSP/bsp.c",line 155,column 5,
     191 00000010 761A   EDIS
     192                      .dwpsn  file "C:/ti/Workspace/PLC_certificate/Examples/TI/TMDSDOCK28335/BSP/bsp.c",line 156,column 1,
     193 00000011 FF69          SPM       #0                    ; [CPU_ALU] 
     194              $C$DW$22        .dwtag  DW_TAG_TI_branch
     195                      .dwattr $C$DW$22, DW_AT_low_pc(0x00)
     196                      .dwattr $C$DW$22, DW_AT_TI_return
     197              
     198 00000012 0006          LRETR     ; [CPU_ALU] 
     199                      ; return occurs ; [] 
     200                      .dwattr $C$DW$15, DW_AT_TI_end_file("C:/ti/Workspace/PLC_certificate/Examples/TI/TMDSDOCK28335/BSP/bs
     201                      .dwattr $C$DW$15, DW_AT_TI_end_line(0x9c)
     202                      .dwattr $C$DW$15, DW_AT_TI_end_column(0x01)
     203                      .dwendentry
     204                      .dwendtag $C$DW$15
     205              
     206 00000013               .sect   ".text"
     207                      .clink
     208                      .global _BSP_Tick_Init
     209              
     210              $C$DW$23        .dwtag  DW_TAG_subprogram
     211                      .dwattr $C$DW$23, DW_AT_name("BSP_Tick_Init")
     212                      .dwattr $C$DW$23, DW_AT_low_pc(_BSP_Tick_Init)
     213                      .dwattr $C$DW$23, DW_AT_high_pc(0x00)
     214                      .dwattr $C$DW$23, DW_AT_TI_symbol_name("_BSP_Tick_Init")
TMS320C2000 Assembler PC v20.2.1 Tue Feb 16 00:15:54 2021

Copyright (c) 1996-2018 Texas Instruments Incorporated
bsp.asm                                                              PAGE    5

     215                      .dwattr $C$DW$23, DW_AT_external
     216                      .dwattr $C$DW$23, DW_AT_TI_begin_file("C:/ti/Workspace/PLC_certificate/Examples/TI/TMDSDOCK28335/BSP/
     217                      .dwattr $C$DW$23, DW_AT_TI_begin_line(0xaf)
     218                      .dwattr $C$DW$23, DW_AT_TI_begin_column(0x06)
     219                      .dwattr $C$DW$23, DW_AT_TI_max_frame_size(-6)
     220                      .dwpsn  file "C:/ti/Workspace/PLC_certificate/Examples/TI/TMDSDOCK28335/BSP/bsp.c",line 176,column 1,
     221              
     222                      .dwfde $C$DW$CIE, _BSP_Tick_Init
     223              
     224              ;***************************************************************
     225              ;* FNAME: _BSP_Tick_Init                FR SIZE:   4           *
     226              ;*                                                             *
     227              ;* FUNCTION ENVIRONMENT                                        *
     228              ;*                                                             *
     229              ;* FUNCTION PROPERTIES                                         *
     230              ;*                            0 Parameter,  4 Auto,  0 SOE     *
     231              ;***************************************************************
     232              
     233 00000013       _BSP_Tick_Init:
     234                      .dwcfi  cfa_offset, -2
     235                      .dwcfi  save_reg_to_mem, 26, 0
     236 00000013 FE04          ADDB      SP,#4                 ; [CPU_ARAU] 
     237                      .dwcfi  cfa_offset, -6
     238              $C$DW$24        .dwtag  DW_TAG_variable
     239                      .dwattr $C$DW$24, DW_AT_name("cpu_clk_freq")
     240                      .dwattr $C$DW$24, DW_AT_TI_symbol_name("_cpu_clk_freq")
     241                      .dwattr $C$DW$24, DW_AT_type(*$C$DW$T$28)
     242                      .dwattr $C$DW$24, DW_AT_location[DW_OP_breg20 -2]
     243              
     244              $C$DW$25        .dwtag  DW_TAG_variable
     245                      .dwattr $C$DW$25, DW_AT_name("cnts")
     246                      .dwattr $C$DW$25, DW_AT_TI_symbol_name("_cnts")
     247                      .dwattr $C$DW$25, DW_AT_type(*$C$DW$T$28)
     248                      .dwattr $C$DW$25, DW_AT_location[DW_OP_breg20 -4]
     249              
     250                      .dwpsn  file "C:/ti/Workspace/PLC_certificate/Examples/TI/TMDSDOCK28335/BSP/bsp.c",line 186,column 5,
     251              $C$DW$26        .dwtag  DW_TAG_TI_branch
     252                      .dwattr $C$DW$26, DW_AT_low_pc(0x00)
     253                      .dwattr $C$DW$26, DW_AT_name("_BSP_CPU_ClkFreq")
     254                      .dwattr $C$DW$26, DW_AT_TI_call
     255              
     256 00000014 7640'         LCR       #_BSP_CPU_ClkFreq     ; [CPU_ALU] |186| 
         00000015 0024 
     257                      ; call occurs [#_BSP_CPU_ClkFreq] ; [] |186| 
     258 00000016 1E42          MOVL      *-SP[2],ACC           ; [CPU_ALU] |186| 
     259                      .dwpsn  file "C:/ti/Workspace/PLC_certificate/Examples/TI/TMDSDOCK28335/BSP/bsp.c",line 191,column 5,
     260 00000017 8F00          MOVL      XAR4,#1000            ; [CPU_ARAU] |191| 
         00000018 03E8 
     261 00000019 0200          MOVB      ACC,#0                ; [CPU_ALU] |191| 
     262 0000001a A342          MOVL      P,*-SP[2]             ; [CPU_ALU] |191| 
     263 0000001b F61F          RPT       #31
     264 0000001c 5617  ||     SUBCUL    ACC,XAR4              ; [CPU_ALU] |191| 
         0000001d 00A4 
     265 0000001e A944          MOVL      *-SP[4],P             ; [CPU_ALU] |191| 
     266                      .dwpsn  file "C:/ti/Workspace/PLC_certificate/Examples/TI/TMDSDOCK28335/BSP/bsp.c",line 193,column 5,
TMS320C2000 Assembler PC v20.2.1 Tue Feb 16 00:15:54 2021

Copyright (c) 1996-2018 Texas Instruments Incorporated
bsp.asm                                                              PAGE    6

     267 0000001f 0644          MOVL      ACC,*-SP[4]           ; [CPU_ALU] |193| 
     268              $C$DW$27        .dwtag  DW_TAG_TI_branch
     269                      .dwattr $C$DW$27, DW_AT_low_pc(0x00)
     270                      .dwattr $C$DW$27, DW_AT_name("_BSP_OS_TIMER2_TickInit")
     271                      .dwattr $C$DW$27, DW_AT_TI_call
     272              
     273 00000020 7640!         LCR       #_BSP_OS_TIMER2_TickInit ; [CPU_ALU] |193| 
         00000021 0000 
     274                      ; call occurs [#_BSP_OS_TIMER2_TickInit] ; [] |193| 
     275                      .dwpsn  file "C:/ti/Workspace/PLC_certificate/Examples/TI/TMDSDOCK28335/BSP/bsp.c",line 195,column 1,
     276 00000022 FE84          SUBB      SP,#4                 ; [CPU_ARAU] 
     277                      .dwcfi  cfa_offset, -2
     278              $C$DW$28        .dwtag  DW_TAG_TI_branch
     279                      .dwattr $C$DW$28, DW_AT_low_pc(0x00)
     280                      .dwattr $C$DW$28, DW_AT_TI_return
     281              
     282 00000023 0006          LRETR     ; [CPU_ALU] 
     283                      ; return occurs ; [] 
     284                      .dwattr $C$DW$23, DW_AT_TI_end_file("C:/ti/Workspace/PLC_certificate/Examples/TI/TMDSDOCK28335/BSP/bs
     285                      .dwattr $C$DW$23, DW_AT_TI_end_line(0xc3)
     286                      .dwattr $C$DW$23, DW_AT_TI_end_column(0x01)
     287                      .dwendentry
     288                      .dwendtag $C$DW$23
     289              
     290 00000024               .sect   ".text"
     291                      .clink
     292                      .global _BSP_CPU_ClkFreq
     293              
     294              $C$DW$29        .dwtag  DW_TAG_subprogram
     295                      .dwattr $C$DW$29, DW_AT_name("BSP_CPU_ClkFreq")
     296                      .dwattr $C$DW$29, DW_AT_low_pc(_BSP_CPU_ClkFreq)
     297                      .dwattr $C$DW$29, DW_AT_high_pc(0x00)
     298                      .dwattr $C$DW$29, DW_AT_TI_symbol_name("_BSP_CPU_ClkFreq")
     299                      .dwattr $C$DW$29, DW_AT_external
     300                      .dwattr $C$DW$29, DW_AT_type(*$C$DW$T$28)
     301                      .dwattr $C$DW$29, DW_AT_TI_begin_file("C:/ti/Workspace/PLC_certificate/Examples/TI/TMDSDOCK28335/BSP/
     302                      .dwattr $C$DW$29, DW_AT_TI_begin_line(0xd6)
     303                      .dwattr $C$DW$29, DW_AT_TI_begin_column(0x0d)
     304                      .dwattr $C$DW$29, DW_AT_TI_max_frame_size(-2)
     305                      .dwpsn  file "C:/ti/Workspace/PLC_certificate/Examples/TI/TMDSDOCK28335/BSP/bsp.c",line 215,column 1,
     306              
     307                      .dwfde $C$DW$CIE, _BSP_CPU_ClkFreq
     308              
     309              ;***************************************************************
     310              ;* FNAME: _BSP_CPU_ClkFreq              FR SIZE:   0           *
     311              ;*                                                             *
     312              ;* FUNCTION ENVIRONMENT                                        *
     313              ;*                                                             *
     314              ;* FUNCTION PROPERTIES                                         *
     315              ;*                            0 Parameter,  0 Auto,  0 SOE     *
     316              ;***************************************************************
     317              
     318 00000024       _BSP_CPU_ClkFreq:
     319                      .dwcfi  cfa_offset, -2
     320                      .dwcfi  save_reg_to_mem, 26, 0
TMS320C2000 Assembler PC v20.2.1 Tue Feb 16 00:15:54 2021

Copyright (c) 1996-2018 Texas Instruments Incorporated
bsp.asm                                                              PAGE    7

     321                      .dwpsn  file "C:/ti/Workspace/PLC_certificate/Examples/TI/TMDSDOCK28335/BSP/bsp.c",line 216,column 3,
     322 00000024 28A9          MOV       AL,#53632             ; [CPU_ALU] |216| 
         00000025 D180 
     323 00000026 28A8          MOV       AH,#2288              ; [CPU_ALU] |216| 
         00000027 08F0 
     324                      .dwpsn  file "C:/ti/Workspace/PLC_certificate/Examples/TI/TMDSDOCK28335/BSP/bsp.c",line 217,column 1,
     325              $C$DW$30        .dwtag  DW_TAG_TI_branch
     326                      .dwattr $C$DW$30, DW_AT_low_pc(0x00)
     327                      .dwattr $C$DW$30, DW_AT_TI_return
     328              
     329 00000028 0006          LRETR     ; [CPU_ALU] 
     330                      ; return occurs ; [] 
     331                      .dwattr $C$DW$29, DW_AT_TI_end_file("C:/ti/Workspace/PLC_certificate/Examples/TI/TMDSDOCK28335/BSP/bs
     332                      .dwattr $C$DW$29, DW_AT_TI_end_line(0xd9)
     333                      .dwattr $C$DW$29, DW_AT_TI_end_column(0x01)
     334                      .dwendentry
     335                      .dwendtag $C$DW$29
     336              
     337 00000029               .sect   ".text"
     338                      .clink
     339              
     340              $C$DW$31        .dwtag  DW_TAG_subprogram
     341                      .dwattr $C$DW$31, DW_AT_name("BSP_Int_Init")
     342                      .dwattr $C$DW$31, DW_AT_low_pc(_BSP_Int_Init)
     343                      .dwattr $C$DW$31, DW_AT_high_pc(0x00)
     344                      .dwattr $C$DW$31, DW_AT_TI_symbol_name("_BSP_Int_Init")
     345                      .dwattr $C$DW$31, DW_AT_TI_begin_file("C:/ti/Workspace/PLC_certificate/Examples/TI/TMDSDOCK28335/BSP/
     346                      .dwattr $C$DW$31, DW_AT_TI_begin_line(0xec)
     347                      .dwattr $C$DW$31, DW_AT_TI_begin_column(0x07)
     348                      .dwattr $C$DW$31, DW_AT_TI_max_frame_size(-4)
     349                      .dwpsn  file "C:/ti/Workspace/PLC_certificate/Examples/TI/TMDSDOCK28335/BSP/bsp.c",line 237,column 1,
     350              
     351                      .dwfde $C$DW$CIE, _BSP_Int_Init
     352              
     353              ;***************************************************************
     354              ;* FNAME: _BSP_Int_Init                 FR SIZE:   2           *
     355              ;*                                                             *
     356              ;* FUNCTION ENVIRONMENT                                        *
     357              ;*                                                             *
     358              ;* FUNCTION PROPERTIES                                         *
     359              ;*                            0 Parameter,  1 Auto,  0 SOE     *
     360              ;***************************************************************
     361              
     362 00000029       _BSP_Int_Init:
     363                      .dwcfi  cfa_offset, -2
     364                      .dwcfi  save_reg_to_mem, 26, 0
     365 00000029 FE02          ADDB      SP,#2                 ; [CPU_ARAU] 
     366                      .dwcfi  cfa_offset, -4
     367              $C$DW$32        .dwtag  DW_TAG_variable
     368                      .dwattr $C$DW$32, DW_AT_name("intid")
     369                      .dwattr $C$DW$32, DW_AT_TI_symbol_name("_intid")
     370                      .dwattr $C$DW$32, DW_AT_type(*$C$DW$T$23)
     371                      .dwattr $C$DW$32, DW_AT_location[DW_OP_breg20 -1]
     372              
     373                      .dwpsn  file "C:/ti/Workspace/PLC_certificate/Examples/TI/TMDSDOCK28335/BSP/bsp.c",line 241,column 5,
TMS320C2000 Assembler PC v20.2.1 Tue Feb 16 00:15:54 2021

Copyright (c) 1996-2018 Texas Instruments Incorporated
bsp.asm                                                              PAGE    8

     374 0000002a F5A9          MOV       AL,*(0:0x0ce0)        ; [CPU_ALU] |241| 
         0000002b 0CE0 
     375 0000002c 5001          ORB       AL,#0x01              ; [CPU_ALU] |241| 
     376 0000002d F4A9          MOV       *(0:0x0ce0),AL        ; [CPU_ALU] |241| 
         0000002e 0CE0 
     377                      .dwpsn  file "C:/ti/Workspace/PLC_certificate/Examples/TI/TMDSDOCK28335/BSP/bsp.c",line 244,column 10
     378 0000002f 56BF          MOVB      *-SP[1],#1,UNC        ; [CPU_ALU] |244| 
         00000030 0141 
     379                      .dwpsn  file "C:/ti/Workspace/PLC_certificate/Examples/TI/TMDSDOCK28335/BSP/bsp.c",line 244,column 21
     380 00000031 9241          MOV       AL,*-SP[1]            ; [CPU_ALU] |244| 
     381 00000032 5280          CMPB      AL,#128               ; [CPU_ALU] |244| 
     382 00000033 6709          B         $C$L2,HIS             ; [CPU_ALU] |244| 
     383                      ; branchcc occurs ; [] |244| 
     384 00000034       $C$L1:    
     385                      .dwpsn  file "C:/ti/Workspace/PLC_certificate/Examples/TI/TMDSDOCK28335/BSP/bsp.c",line 245,column 9,
     386 00000034 8F00!         MOVL      XAR4,#_BSP_IntHandlerDummy ; [CPU_ARAU] |245| 
         00000035 0000 
     387              $C$DW$33        .dwtag  DW_TAG_TI_branch
     388                      .dwattr $C$DW$33, DW_AT_low_pc(0x00)
     389                      .dwattr $C$DW$33, DW_AT_name("_BSP_IntVectSet")
     390                      .dwattr $C$DW$33, DW_AT_TI_call
     391              
     392 00000036 7640!         LCR       #_BSP_IntVectSet      ; [CPU_ALU] |245| 
         00000037 0000 
     393                      ; call occurs [#_BSP_IntVectSet] ; [] |245| 
     394                      .dwpsn  file "C:/ti/Workspace/PLC_certificate/Examples/TI/TMDSDOCK28335/BSP/bsp.c",line 244,column 46
     395 00000038 0A41          INC       *-SP[1]               ; [CPU_ALU] |244| 
     396                      .dwpsn  file "C:/ti/Workspace/PLC_certificate/Examples/TI/TMDSDOCK28335/BSP/bsp.c",line 244,column 21
     397 00000039 9241          MOV       AL,*-SP[1]            ; [CPU_ALU] |244| 
     398 0000003a 5280          CMPB      AL,#128               ; [CPU_ALU] |244| 
     399 0000003b 68F9          B         $C$L1,LO              ; [CPU_ALU] |244| 
     400                      ; branchcc occurs ; [] |244| 
     401 0000003c       $C$L2:    
     402                      .dwpsn  file "C:/ti/Workspace/PLC_certificate/Examples/TI/TMDSDOCK28335/BSP/bsp.c",line 248,column 5,
     403 0000003c 9A0E          MOVB      AL,#14                ; [CPU_ALU] |248| 
     404 0000003d 8F00!         MOVL      XAR4,#_BSP_OS_TIMER2_TickHandler ; [CPU_ARAU] |248| 
         0000003e 0000 
     405              $C$DW$34        .dwtag  DW_TAG_TI_branch
     406                      .dwattr $C$DW$34, DW_AT_low_pc(0x00)
     407                      .dwattr $C$DW$34, DW_AT_name("_BSP_IntVectSet")
     408                      .dwattr $C$DW$34, DW_AT_TI_call
     409              
     410 0000003f 7640!         LCR       #_BSP_IntVectSet      ; [CPU_ALU] |248| 
         00000040 0000 
     411                      ; call occurs [#_BSP_IntVectSet] ; [] |248| 
     412                      .dwpsn  file "C:/ti/Workspace/PLC_certificate/Examples/TI/TMDSDOCK28335/BSP/bsp.c",line 250,column 5,
     413 00000041 9A10          MOVB      AL,#16                ; [CPU_ALU] |250| 
     414 00000042 8F00!         MOVL      XAR4,#_OS_CPU_RTOSINT_Handler ; [CPU_ARAU] |250| 
         00000043 0000 
     415              $C$DW$35        .dwtag  DW_TAG_TI_branch
     416                      .dwattr $C$DW$35, DW_AT_low_pc(0x00)
     417                      .dwattr $C$DW$35, DW_AT_name("_BSP_IntVectSet")
     418                      .dwattr $C$DW$35, DW_AT_TI_call
     419              
     420 00000044 7640!         LCR       #_BSP_IntVectSet      ; [CPU_ALU] |250| 
TMS320C2000 Assembler PC v20.2.1 Tue Feb 16 00:15:54 2021

Copyright (c) 1996-2018 Texas Instruments Incorporated
bsp.asm                                                              PAGE    9

         00000045 0000 
     421                      ; call occurs [#_BSP_IntVectSet] ; [] |250| 
     422                      .dwpsn  file "C:/ti/Workspace/PLC_certificate/Examples/TI/TMDSDOCK28335/BSP/bsp.c",line 252,column 5,
     423 00000046 9A60          MOVB      AL,#96                ; [CPU_ALU] |252| 
     424 00000047 8F00!         MOVL      XAR4,#_BSP_SCIA_RX    ; [CPU_ARAU] |252| 
         00000048 0000 
     425              $C$DW$36        .dwtag  DW_TAG_TI_branch
     426                      .dwattr $C$DW$36, DW_AT_low_pc(0x00)
     427                      .dwattr $C$DW$36, DW_AT_name("_BSP_IntVectSet")
     428                      .dwattr $C$DW$36, DW_AT_TI_call
     429              
     430 00000049 7640!         LCR       #_BSP_IntVectSet      ; [CPU_ALU] |252| 
         0000004a 0000 
     431                      ; call occurs [#_BSP_IntVectSet] ; [] |252| 
     432                      .dwpsn  file "C:/ti/Workspace/PLC_certificate/Examples/TI/TMDSDOCK28335/BSP/bsp.c",line 254,column 5,
     433 0000004b 9A61          MOVB      AL,#97                ; [CPU_ALU] |254| 
     434 0000004c 8F00!         MOVL      XAR4,#_BSP_SCIA_TX    ; [CPU_ARAU] |254| 
         0000004d 0000 
     435              $C$DW$37        .dwtag  DW_TAG_TI_branch
     436                      .dwattr $C$DW$37, DW_AT_low_pc(0x00)
     437                      .dwattr $C$DW$37, DW_AT_name("_BSP_IntVectSet")
     438                      .dwattr $C$DW$37, DW_AT_TI_call
     439              
     440 0000004e 7640!         LCR       #_BSP_IntVectSet      ; [CPU_ALU] |254| 
         0000004f 0000 
     441                      ; call occurs [#_BSP_IntVectSet] ; [] |254| 
     442                      .dwpsn  file "C:/ti/Workspace/PLC_certificate/Examples/TI/TMDSDOCK28335/BSP/bsp.c",line 256,column 1,
     443 00000050 FE82          SUBB      SP,#2                 ; [CPU_ARAU] 
     444                      .dwcfi  cfa_offset, -2
     445              $C$DW$38        .dwtag  DW_TAG_TI_branch
     446                      .dwattr $C$DW$38, DW_AT_low_pc(0x00)
     447                      .dwattr $C$DW$38, DW_AT_TI_return
     448              
     449 00000051 0006          LRETR     ; [CPU_ALU] 
     450                      ; return occurs ; [] 
     451                      .dwattr $C$DW$31, DW_AT_TI_end_file("C:/ti/Workspace/PLC_certificate/Examples/TI/TMDSDOCK28335/BSP/bs
     452                      .dwattr $C$DW$31, DW_AT_TI_end_line(0x100)
     453                      .dwattr $C$DW$31, DW_AT_TI_end_column(0x01)
     454                      .dwendentry
     455                      .dwendtag $C$DW$31
     456              
     457 00000052               .sect   ".text"
     458                      .clink
     459              
     460              $C$DW$39        .dwtag  DW_TAG_subprogram
     461                      .dwattr $C$DW$39, DW_AT_name("BSP_LED_Init")
     462                      .dwattr $C$DW$39, DW_AT_low_pc(_BSP_LED_Init)
     463                      .dwattr $C$DW$39, DW_AT_high_pc(0x00)
     464                      .dwattr $C$DW$39, DW_AT_TI_symbol_name("_BSP_LED_Init")
     465                      .dwattr $C$DW$39, DW_AT_TI_begin_file("C:/ti/Workspace/PLC_certificate/Examples/TI/TMDSDOCK28335/BSP/
     466                      .dwattr $C$DW$39, DW_AT_TI_begin_line(0x113)
     467                      .dwattr $C$DW$39, DW_AT_TI_begin_column(0x07)
     468                      .dwattr $C$DW$39, DW_AT_TI_max_frame_size(-2)
     469                      .dwpsn  file "C:/ti/Workspace/PLC_certificate/Examples/TI/TMDSDOCK28335/BSP/bsp.c",line 276,column 1,
     470              
TMS320C2000 Assembler PC v20.2.1 Tue Feb 16 00:15:54 2021

Copyright (c) 1996-2018 Texas Instruments Incorporated
bsp.asm                                                              PAGE   10

     471                      .dwfde $C$DW$CIE, _BSP_LED_Init
     472              
     473              ;***************************************************************
     474              ;* FNAME: _BSP_LED_Init                 FR SIZE:   0           *
     475              ;*                                                             *
     476              ;* FUNCTION ENVIRONMENT                                        *
     477              ;*                                                             *
     478              ;* FUNCTION PROPERTIES                                         *
     479              ;*                            0 Parameter,  0 Auto,  0 SOE     *
     480              ;***************************************************************
     481              
     482 00000052       _BSP_LED_Init:
     483                      .dwcfi  cfa_offset, -2
     484                      .dwcfi  save_reg_to_mem, 26, 0
     485                      .dwpsn  file "C:/ti/Workspace/PLC_certificate/Examples/TI/TMDSDOCK28335/BSP/bsp.c",line 279,column 5,
     486 00000052 8F00          MOVL      XAR4,#28552           ; [CPU_ARAU] |279| 
         00000053 6F88 
     487 00000054 18CC          AND       *+XAR4[1],#16383      ; [CPU_ALU] |279| 
         00000055 3FFF 
     488                      .dwpsn  file "C:/ti/Workspace/PLC_certificate/Examples/TI/TMDSDOCK28335/BSP/bsp.c",line 281,column 5,
     489 00000056 8F00          MOVL      XAR4,#28566           ; [CPU_ARAU] |281| 
         00000057 6F96 
     490 00000058 18C4          AND       *+XAR4[0],#65487      ; [CPU_ALU] |281| 
         00000059 FFCF 
     491                      .dwpsn  file "C:/ti/Workspace/PLC_certificate/Examples/TI/TMDSDOCK28335/BSP/bsp.c",line 285,column 5,
     492 0000005a 8F00          MOVL      XAR4,#28554           ; [CPU_ARAU] |285| 
         0000005b 6F8A 
     493 0000005c 1ACC          OR        *+XAR4[1],#32768      ; [CPU_ALU] |285| 
         0000005d 8000 
     494                      .dwpsn  file "C:/ti/Workspace/PLC_certificate/Examples/TI/TMDSDOCK28335/BSP/bsp.c",line 287,column 5,
     495 0000005e 8F00          MOVL      XAR4,#28570           ; [CPU_ARAU] |287| 
         0000005f 6F9A 
     496 00000060 1AC4          OR        *+XAR4[0],#4          ; [CPU_ALU] |287| 
         00000061 0004 
     497                      .dwpsn  file "C:/ti/Workspace/PLC_certificate/Examples/TI/TMDSDOCK28335/BSP/bsp.c",line 291,column 5,
     498 00000062 8F00          MOVL      XAR4,#28556           ; [CPU_ARAU] |291| 
         00000063 6F8C 
     499 00000064 1ACC          OR        *+XAR4[1],#32768      ; [CPU_ALU] |291| 
         00000065 8000 
     500                      .dwpsn  file "C:/ti/Workspace/PLC_certificate/Examples/TI/TMDSDOCK28335/BSP/bsp.c",line 293,column 5,
     501 00000066 8F00          MOVL      XAR4,#28572           ; [CPU_ARAU] |293| 
         00000067 6F9C 
     502 00000068 1AC4          OR        *+XAR4[0],#4          ; [CPU_ALU] |293| 
         00000069 0004 
     503                      .dwpsn  file "C:/ti/Workspace/PLC_certificate/Examples/TI/TMDSDOCK28335/BSP/bsp.c",line 294,column 1,
     504              $C$DW$40        .dwtag  DW_TAG_TI_branch
     505                      .dwattr $C$DW$40, DW_AT_low_pc(0x00)
     506                      .dwattr $C$DW$40, DW_AT_TI_return
     507              
     508 0000006a 0006          LRETR     ; [CPU_ALU] 
     509                      ; return occurs ; [] 
     510                      .dwattr $C$DW$39, DW_AT_TI_end_file("C:/ti/Workspace/PLC_certificate/Examples/TI/TMDSDOCK28335/BSP/bs
     511                      .dwattr $C$DW$39, DW_AT_TI_end_line(0x126)
     512                      .dwattr $C$DW$39, DW_AT_TI_end_column(0x01)
     513                      .dwendentry
TMS320C2000 Assembler PC v20.2.1 Tue Feb 16 00:15:54 2021

Copyright (c) 1996-2018 Texas Instruments Incorporated
bsp.asm                                                              PAGE   11

     514                      .dwendtag $C$DW$39
     515              
     516 0000006b               .sect   ".text"
     517                      .clink
     518              
     519              $C$DW$41        .dwtag  DW_TAG_subprogram
     520                      .dwattr $C$DW$41, DW_AT_name("BSP_PLL_Init")
     521                      .dwattr $C$DW$41, DW_AT_low_pc(_BSP_PLL_Init)
     522                      .dwattr $C$DW$41, DW_AT_high_pc(0x00)
     523                      .dwattr $C$DW$41, DW_AT_TI_symbol_name("_BSP_PLL_Init")
     524                      .dwattr $C$DW$41, DW_AT_TI_begin_file("C:/ti/Workspace/PLC_certificate/Examples/TI/TMDSDOCK28335/BSP/
     525                      .dwattr $C$DW$41, DW_AT_TI_begin_line(0x139)
     526                      .dwattr $C$DW$41, DW_AT_TI_begin_column(0x07)
     527                      .dwattr $C$DW$41, DW_AT_TI_max_frame_size(-2)
     528                      .dwpsn  file "C:/ti/Workspace/PLC_certificate/Examples/TI/TMDSDOCK28335/BSP/bsp.c",line 314,column 1,
     529              
     530                      .dwfde $C$DW$CIE, _BSP_PLL_Init
     531              
     532              ;***************************************************************
     533              ;* FNAME: _BSP_PLL_Init                 FR SIZE:   0           *
     534              ;*                                                             *
     535              ;* FUNCTION ENVIRONMENT                                        *
     536              ;*                                                             *
     537              ;* FUNCTION PROPERTIES                                         *
     538              ;*                            0 Parameter,  0 Auto,  0 SOE     *
     539              ;***************************************************************
     540              
     541 0000006b       _BSP_PLL_Init:
     542                      .dwcfi  cfa_offset, -2
     543                      .dwcfi  save_reg_to_mem, 26, 0
     544                      .dwpsn  file "C:/ti/Workspace/PLC_certificate/Examples/TI/TMDSDOCK28335/BSP/bsp.c",line 316,column 5,
     545 0000006b       $C$L3:    
     546                      .dwpsn  file "C:/ti/Workspace/PLC_certificate/Examples/TI/TMDSDOCK28335/BSP/bsp.c",line 316,column 12
     547 0000006b F5A9          MOV       AL,*(0:0x7011)        ; [CPU_ALU] |316| 
         0000006c 7011 
     548 0000006d 43A9          TBIT      AL,#3                 ; [CPU_ALU] |316| 
     549 0000006e 6DFD          B         $C$L3,TC              ; [CPU_ALU] |316| 
     550                      ; branchcc occurs ; [] |316| 
     551                      .dwpsn  file "C:/ti/Workspace/PLC_certificate/Examples/TI/TMDSDOCK28335/BSP/bsp.c",line 320,column 5,
     552 0000006f F5A9          MOV       AL,*(0:0x7011)        ; [CPU_ALU] |320| 
         00000070 7011 
     553 00000071 18A9          AND       AL,#0xfe7f            ; [CPU_ALU] |320| 
         00000072 FE7F 
     554 00000073 F4A9          MOV       *(0:0x7011),AL        ; [CPU_ALU] |320| 
         00000074 7011 
     555                      .dwpsn  file "C:/ti/Workspace/PLC_certificate/Examples/TI/TMDSDOCK28335/BSP/bsp.c",line 323,column 5,
     556 00000075 F5A9          MOV       AL,*(0:0x7011)        ; [CPU_ALU] |323| 
         00000076 7011 
     557 00000077 5040          ORB       AL,#0x40              ; [CPU_ALU] |323| 
     558 00000078 F4A9          MOV       *(0:0x7011),AL        ; [CPU_ALU] |323| 
         00000079 7011 
     559                      .dwpsn  file "C:/ti/Workspace/PLC_certificate/Examples/TI/TMDSDOCK28335/BSP/bsp.c",line 325,column 5,
     560 0000007a F5A9          MOV       AL,*(0:0x7021)        ; [CPU_ALU] |325| 
         0000007b 7021 
     561 0000007c CCA9          AND       AL,AL,#0xfff0         ; [CPU_ALU] |325| 
TMS320C2000 Assembler PC v20.2.1 Tue Feb 16 00:15:54 2021

Copyright (c) 1996-2018 Texas Instruments Incorporated
bsp.asm                                                              PAGE   12

         0000007d FFF0 
     562 0000007e 500A          ORB       AL,#0x0a              ; [CPU_ALU] |325| 
     563 0000007f F4A9          MOV       *(0:0x7021),AL        ; [CPU_ALU] |325| 
         00000080 7021 
     564                      .dwpsn  file "C:/ti/Workspace/PLC_certificate/Examples/TI/TMDSDOCK28335/BSP/bsp.c",line 327,column 5,
     565 00000081       $C$L4:    
     566                      .dwpsn  file "C:/ti/Workspace/PLC_certificate/Examples/TI/TMDSDOCK28335/BSP/bsp.c",line 327,column 12
     567 00000081 F5A9          MOV       AL,*(0:0x7011)        ; [CPU_ALU] |327| 
         00000082 7011 
     568 00000083 40A9          TBIT      AL,#0                 ; [CPU_ALU] |327| 
     569 00000084 6CFD          B         $C$L4,NTC             ; [CPU_ALU] |327| 
     570                      ; branchcc occurs ; [] |327| 
     571                      .dwpsn  file "C:/ti/Workspace/PLC_certificate/Examples/TI/TMDSDOCK28335/BSP/bsp.c",line 331,column 5,
     572 00000085 F5A9          MOV       AL,*(0:0x7011)        ; [CPU_ALU] |331| 
         00000086 7011 
     573 00000087 18A9          AND       AL,#0xfe7f            ; [CPU_ALU] |331| 
         00000088 FE7F 
     574 00000089 1AA9          OR        AL,#0x0100            ; [CPU_ALU] |331| 
         0000008a 0100 
     575 0000008b F4A9          MOV       *(0:0x7011),AL        ; [CPU_ALU] |331| 
         0000008c 7011 
     576                      .dwpsn  file "C:/ti/Workspace/PLC_certificate/Examples/TI/TMDSDOCK28335/BSP/bsp.c",line 334,column 5,
     577 0000008d F5A9          MOV       AL,*(0:0x7011)        ; [CPU_ALU] |334| 
         0000008e 7011 
     578 0000008f 18A9          AND       AL,#0xffbf            ; [CPU_ALU] |334| 
         00000090 FFBF 
     579 00000091 F4A9          MOV       *(0:0x7011),AL        ; [CPU_ALU] |334| 
         00000092 7011 
     580                      .dwpsn  file "C:/ti/Workspace/PLC_certificate/Examples/TI/TMDSDOCK28335/BSP/bsp.c",line 336,column 5,
     581 00000093       $C$L5:    
     582                      .dwpsn  file "C:/ti/Workspace/PLC_certificate/Examples/TI/TMDSDOCK28335/BSP/bsp.c",line 336,column 12
     583 00000093 F5A9          MOV       AL,*(0:0x7011)        ; [CPU_ALU] |336| 
         00000094 7011 
     584 00000095 40A9          TBIT      AL,#0                 ; [CPU_ALU] |336| 
     585 00000096 6CFD          B         $C$L5,NTC             ; [CPU_ALU] |336| 
     586                      ; branchcc occurs ; [] |336| 
     587                      .dwpsn  file "C:/ti/Workspace/PLC_certificate/Examples/TI/TMDSDOCK28335/BSP/bsp.c",line 340,column 1,
     588              $C$DW$42        .dwtag  DW_TAG_TI_branch
     589                      .dwattr $C$DW$42, DW_AT_low_pc(0x00)
     590                      .dwattr $C$DW$42, DW_AT_TI_return
     591              
     592 00000097 0006          LRETR     ; [CPU_ALU] 
     593                      ; return occurs ; [] 
     594                      .dwattr $C$DW$41, DW_AT_TI_end_file("C:/ti/Workspace/PLC_certificate/Examples/TI/TMDSDOCK28335/BSP/bs
     595                      .dwattr $C$DW$41, DW_AT_TI_end_line(0x154)
     596                      .dwattr $C$DW$41, DW_AT_TI_end_column(0x01)
     597                      .dwendentry
     598                      .dwendtag $C$DW$41
     599              
     600 00000098               .sect   ".text"
     601                      .clink
     602                      .global _BSP_SCIA_Init
     603              
     604              $C$DW$43        .dwtag  DW_TAG_subprogram
     605                      .dwattr $C$DW$43, DW_AT_name("BSP_SCIA_Init")
TMS320C2000 Assembler PC v20.2.1 Tue Feb 16 00:15:54 2021

Copyright (c) 1996-2018 Texas Instruments Incorporated
bsp.asm                                                              PAGE   13

     606                      .dwattr $C$DW$43, DW_AT_low_pc(_BSP_SCIA_Init)
     607                      .dwattr $C$DW$43, DW_AT_high_pc(0x00)
     608                      .dwattr $C$DW$43, DW_AT_TI_symbol_name("_BSP_SCIA_Init")
     609                      .dwattr $C$DW$43, DW_AT_external
     610                      .dwattr $C$DW$43, DW_AT_TI_begin_file("C:/ti/Workspace/PLC_certificate/Examples/TI/TMDSDOCK28335/BSP/
     611                      .dwattr $C$DW$43, DW_AT_TI_begin_line(0x156)
     612                      .dwattr $C$DW$43, DW_AT_TI_begin_column(0x07)
     613                      .dwattr $C$DW$43, DW_AT_TI_max_frame_size(-2)
     614                      .dwpsn  file "C:/ti/Workspace/PLC_certificate/Examples/TI/TMDSDOCK28335/BSP/bsp.c",line 343,column 1,
     615              
     616                      .dwfde $C$DW$CIE, _BSP_SCIA_Init
     617              
     618              ;***************************************************************
     619              ;* FNAME: _BSP_SCIA_Init                FR SIZE:   0           *
     620              ;*                                                             *
     621              ;* FUNCTION ENVIRONMENT                                        *
     622              ;*                                                             *
     623              ;* FUNCTION PROPERTIES                                         *
     624              ;*                            0 Parameter,  0 Auto,  0 SOE     *
     625              ;***************************************************************
     626              
     627 00000098       _BSP_SCIA_Init:
     628                      .dwcfi  cfa_offset, -2
     629                      .dwcfi  save_reg_to_mem, 26, 0
     630                      .dwpsn  file "C:/ti/Workspace/PLC_certificate/Examples/TI/TMDSDOCK28335/BSP/bsp.c",line 344,column 5,
     631 00000098 28A9          MOV       AL,#64828             ; [CPU_ALU] |344| 
         00000099 FD3C 
     632 0000009a F4A9          MOV       *(0:0x701c),AL        ; [CPU_ALU] |344| 
         0000009b 701C 
     633                      .dwpsn  file "C:/ti/Workspace/PLC_certificate/Examples/TI/TMDSDOCK28335/BSP/bsp.c",line 345,column 5,
     634 0000009c 28A9          MOV       AL,#65343             ; [CPU_ALU] |345| 
         0000009d FF3F 
     635 0000009e F4A9          MOV       *(0:0x701d),AL        ; [CPU_ALU] |345| 
         0000009f 701D 
     636                      .dwpsn  file "C:/ti/Workspace/PLC_certificate/Examples/TI/TMDSDOCK28335/BSP/bsp.c",line 346,column 5,
     637 000000a0 28A9          MOV       AL,#16128             ; [CPU_ALU] |346| 
         000000a1 3F00 
     638 000000a2 F4A9          MOV       *(0:0x7020),AL        ; [CPU_ALU] |346| 
         000000a3 7020 
     639                      .dwpsn  file "C:/ti/Workspace/PLC_certificate/Examples/TI/TMDSDOCK28335/BSP/bsp.c",line 348,column 5,
     640 000000a4 F5A9          MOV       AL,*(0:0x7050)        ; [CPU_ALU] |348| 
         000000a5 7050 
     641 000000a6 5001          ORB       AL,#0x01              ; [CPU_ALU] |348| 
     642 000000a7 F4A9          MOV       *(0:0x7050),AL        ; [CPU_ALU] |348| 
         000000a8 7050 
     643                      .dwpsn  file "C:/ti/Workspace/PLC_certificate/Examples/TI/TMDSDOCK28335/BSP/bsp.c",line 349,column 5,
     644 000000a9 F5A9          MOV       AL,*(0:0x7050)        ; [CPU_ALU] |349| 
         000000aa 7050 
     645 000000ab 5002          ORB       AL,#0x02              ; [CPU_ALU] |349| 
     646 000000ac F4A9          MOV       *(0:0x7050),AL        ; [CPU_ALU] |349| 
         000000ad 7050 
     647                      .dwpsn  file "C:/ti/Workspace/PLC_certificate/Examples/TI/TMDSDOCK28335/BSP/bsp.c",line 350,column 5,
     648 000000ae F5A9          MOV       AL,*(0:0x7050)        ; [CPU_ALU] |350| 
         000000af 7050 
     649 000000b0 5004          ORB       AL,#0x04              ; [CPU_ALU] |350| 
TMS320C2000 Assembler PC v20.2.1 Tue Feb 16 00:15:54 2021

Copyright (c) 1996-2018 Texas Instruments Incorporated
bsp.asm                                                              PAGE   14

     650 000000b1 F4A9          MOV       *(0:0x7050),AL        ; [CPU_ALU] |350| 
         000000b2 7050 
     651                      .dwpsn  file "C:/ti/Workspace/PLC_certificate/Examples/TI/TMDSDOCK28335/BSP/bsp.c",line 352,column 5,
     652 000000b3 9A00          MOVB      AL,#0                 ; [CPU_ALU] |352| 
     653 000000b4 F4A9          MOV       *(0:0x7051),AL        ; [CPU_ALU] |352| 
         000000b5 7051 
     654                      .dwpsn  file "C:/ti/Workspace/PLC_certificate/Examples/TI/TMDSDOCK28335/BSP/bsp.c",line 353,column 5,
     655 000000b6 F5A9          MOV       AL,*(0:0x7051)        ; [CPU_ALU] |353| 
         000000b7 7051 
     656 000000b8 5001          ORB       AL,#0x01              ; [CPU_ALU] |353| 
     657 000000b9 F4A9          MOV       *(0:0x7051),AL        ; [CPU_ALU] |353| 
         000000ba 7051 
     658                      .dwpsn  file "C:/ti/Workspace/PLC_certificate/Examples/TI/TMDSDOCK28335/BSP/bsp.c",line 354,column 5,
     659 000000bb F5A9          MOV       AL,*(0:0x7051)        ; [CPU_ALU] |354| 
         000000bc 7051 
     660 000000bd 5002          ORB       AL,#0x02              ; [CPU_ALU] |354| 
     661 000000be F4A9          MOV       *(0:0x7051),AL        ; [CPU_ALU] |354| 
         000000bf 7051 
     662                      .dwpsn  file "C:/ti/Workspace/PLC_certificate/Examples/TI/TMDSDOCK28335/BSP/bsp.c",line 355,column 5,
     663 000000c0 F5A9          MOV       AL,*(0:0x7051)        ; [CPU_ALU] |355| 
         000000c1 7051 
     664 000000c2 5020          ORB       AL,#0x20              ; [CPU_ALU] |355| 
     665 000000c3 F4A9          MOV       *(0:0x7051),AL        ; [CPU_ALU] |355| 
         000000c4 7051 
     666                      .dwpsn  file "C:/ti/Workspace/PLC_certificate/Examples/TI/TMDSDOCK28335/BSP/bsp.c",line 356,column 5,
     667 000000c5 F5A9          MOV       AL,*(0:0x7051)        ; [CPU_ALU] |356| 
         000000c6 7051 
     668 000000c7 5040          ORB       AL,#0x40              ; [CPU_ALU] |356| 
     669 000000c8 F4A9          MOV       *(0:0x7051),AL        ; [CPU_ALU] |356| 
         000000c9 7051 
     670                      .dwpsn  file "C:/ti/Workspace/PLC_certificate/Examples/TI/TMDSDOCK28335/BSP/bsp.c",line 358,column 5,
     671 000000ca F5A9          MOV       AL,*(0:0x7054)        ; [CPU_ALU] |358| 
         000000cb 7054 
     672 000000cc 5001          ORB       AL,#0x01              ; [CPU_ALU] |358| 
     673 000000cd F4A9          MOV       *(0:0x7054),AL        ; [CPU_ALU] |358| 
         000000ce 7054 
     674                      .dwpsn  file "C:/ti/Workspace/PLC_certificate/Examples/TI/TMDSDOCK28335/BSP/bsp.c",line 359,column 5,
     675 000000cf F5A9          MOV       AL,*(0:0x7054)        ; [CPU_ALU] |359| 
         000000d0 7054 
     676 000000d1 5002          ORB       AL,#0x02              ; [CPU_ALU] |359| 
     677 000000d2 F4A9          MOV       *(0:0x7054),AL        ; [CPU_ALU] |359| 
         000000d3 7054 
     678                      .dwpsn  file "C:/ti/Workspace/PLC_certificate/Examples/TI/TMDSDOCK28335/BSP/bsp.c",line 361,column 5,
     679 000000d4 9A00          MOVB      AL,#0                 ; [CPU_ALU] |361| 
     680 000000d5 F4A9          MOV       *(0:0x7052),AL        ; [CPU_ALU] |361| 
         000000d6 7052 
     681                      .dwpsn  file "C:/ti/Workspace/PLC_certificate/Examples/TI/TMDSDOCK28335/BSP/bsp.c",line 362,column 5,
     682 000000d7 F5A9          MOV       AL,*(0:0x7053)        ; [CPU_ALU] |362| 
         000000d8 7053 
     683 000000d9 5079          ORB       AL,#0x79              ; [CPU_ALU] |362| 
     684 000000da F4A9          MOV       *(0:0x7053),AL        ; [CPU_ALU] |362| 
         000000db 7053 
     685                      .dwpsn  file "C:/ti/Workspace/PLC_certificate/Examples/TI/TMDSDOCK28335/BSP/bsp.c",line 364,column 5,
     686 000000dc 28A9          MOV       AL,#57488             ; [CPU_ALU] |364| 
         000000dd E090 
TMS320C2000 Assembler PC v20.2.1 Tue Feb 16 00:15:54 2021

Copyright (c) 1996-2018 Texas Instruments Incorporated
bsp.asm                                                              PAGE   15

     687 000000de F4A9          MOV       *(0:0x705a),AL        ; [CPU_ALU] |364| 
         000000df 705A 
     688                      .dwpsn  file "C:/ti/Workspace/PLC_certificate/Examples/TI/TMDSDOCK28335/BSP/bsp.c",line 365,column 5,
     689 000000e0 28A9          MOV       AL,#8272              ; [CPU_ALU] |365| 
         000000e1 2050 
     690 000000e2 F4A9          MOV       *(0:0x705b),AL        ; [CPU_ALU] |365| 
         000000e3 705B 
     691                      .dwpsn  file "C:/ti/Workspace/PLC_certificate/Examples/TI/TMDSDOCK28335/BSP/bsp.c",line 366,column 5,
     692 000000e4 9A00          MOVB      AL,#0                 ; [CPU_ALU] |366| 
     693 000000e5 F4A9          MOV       *(0:0x705c),AL        ; [CPU_ALU] |366| 
         000000e6 705C 
     694                      .dwpsn  file "C:/ti/Workspace/PLC_certificate/Examples/TI/TMDSDOCK28335/BSP/bsp.c",line 368,column 5,
     695 000000e7 9A60          MOVB      AL,#96                ; [CPU_ALU] |368| 
     696              $C$DW$44        .dwtag  DW_TAG_TI_branch
     697                      .dwattr $C$DW$44, DW_AT_low_pc(0x00)
     698                      .dwattr $C$DW$44, DW_AT_name("_BSP_IntEn")
     699                      .dwattr $C$DW$44, DW_AT_TI_call
     700              
     701 000000e8 7640!         LCR       #_BSP_IntEn           ; [CPU_ALU] |368| 
         000000e9 0000 
     702                      ; call occurs [#_BSP_IntEn] ; [] |368| 
     703                      .dwpsn  file "C:/ti/Workspace/PLC_certificate/Examples/TI/TMDSDOCK28335/BSP/bsp.c",line 369,column 5,
     704 000000ea 9A61          MOVB      AL,#97                ; [CPU_ALU] |369| 
     705              $C$DW$45        .dwtag  DW_TAG_TI_branch
     706                      .dwattr $C$DW$45, DW_AT_low_pc(0x00)
     707                      .dwattr $C$DW$45, DW_AT_name("_BSP_IntEn")
     708                      .dwattr $C$DW$45, DW_AT_TI_call
     709              
     710 000000eb 7640!         LCR       #_BSP_IntEn           ; [CPU_ALU] |369| 
         000000ec 0000 
     711                      ; call occurs [#_BSP_IntEn] ; [] |369| 
     712                      .dwpsn  file "C:/ti/Workspace/PLC_certificate/Examples/TI/TMDSDOCK28335/BSP/bsp.c",line 371,column 5,
     713 000000ed 7623          OR        IER,#0x0100           ; [CPU_ALU] |371| 
         000000ee 0100 
     714                      .dwpsn  file "C:/ti/Workspace/PLC_certificate/Examples/TI/TMDSDOCK28335/BSP/bsp.c",line 373,column 5,
     715 000000ef 8F00          MOVL      XAR4,#28548           ; [CPU_ARAU] |373| 
         000000f0 6F84 
     716 000000f1 1ACC          OR        *+XAR4[1],#3840       ; [CPU_ALU] |373| 
         000000f2 0F00 
     717                      .dwpsn  file "C:/ti/Workspace/PLC_certificate/Examples/TI/TMDSDOCK28335/BSP/bsp.c",line 374,column 5,
     718 000000f3 8F00          MOVL      XAR4,#28552           ; [CPU_ARAU] |374| 
         000000f4 6F88 
     719 000000f5 1ACC          OR        *+XAR4[1],#256        ; [CPU_ALU] |374| 
         000000f6 0100 
     720                      .dwpsn  file "C:/ti/Workspace/PLC_certificate/Examples/TI/TMDSDOCK28335/BSP/bsp.c",line 375,column 5,
     721 000000f7 1ACC          OR        *+XAR4[1],#1024       ; [CPU_ALU] |375| 
         000000f8 0400 
     722                      .dwpsn  file "C:/ti/Workspace/PLC_certificate/Examples/TI/TMDSDOCK28335/BSP/bsp.c",line 376,column 1,
     723              $C$DW$46        .dwtag  DW_TAG_TI_branch
     724                      .dwattr $C$DW$46, DW_AT_low_pc(0x00)
     725                      .dwattr $C$DW$46, DW_AT_TI_return
     726              
     727 000000f9 0006          LRETR     ; [CPU_ALU] 
     728                      ; return occurs ; [] 
     729                      .dwattr $C$DW$43, DW_AT_TI_end_file("C:/ti/Workspace/PLC_certificate/Examples/TI/TMDSDOCK28335/BSP/bs
TMS320C2000 Assembler PC v20.2.1 Tue Feb 16 00:15:54 2021

Copyright (c) 1996-2018 Texas Instruments Incorporated
bsp.asm                                                              PAGE   16

     730                      .dwattr $C$DW$43, DW_AT_TI_end_line(0x178)
     731                      .dwattr $C$DW$43, DW_AT_TI_end_column(0x01)
     732                      .dwendentry
     733                      .dwendtag $C$DW$43
     734              
     735              ;**************************************************************
     736              ;* UNDEFINED EXTERNAL REFERENCES                              *
     737              ;**************************************************************
     738                      .global _CPU_IntDis
     739                      .global _CPU_IntEn
     740                      .global _BSP_OS_TIMER2_TickInit
     741                      .global _BSP_IntVectSet
     742                      .global _BSP_IntHandlerDummy
     743                      .global _BSP_OS_TIMER2_TickHandler
     744                      .global _OS_CPU_RTOSINT_Handler
     745                      .global _BSP_SCIA_RX
     746                      .global _BSP_SCIA_TX
     747                      .global _BSP_IntEn
     748              
     749              ;***************************************************************
     750              ;* TYPE INFORMATION                                            *
     751              ;***************************************************************
     752              $C$DW$T$2       .dwtag  DW_TAG_unspecified_type
     753                      .dwattr $C$DW$T$2, DW_AT_name("void")
     754              
     755              
     756              $C$DW$T$19      .dwtag  DW_TAG_subroutine_type
     757                      .dwattr $C$DW$T$19, DW_AT_language(DW_LANG_C)
     758                      .dwendtag $C$DW$T$19
     759              
     760              $C$DW$T$20      .dwtag  DW_TAG_pointer_type
     761                      .dwattr $C$DW$T$20, DW_AT_type(*$C$DW$T$19)
     762                      .dwattr $C$DW$T$20, DW_AT_address_class(0x20)
     763              
     764              $C$DW$T$21      .dwtag  DW_TAG_typedef
     765                      .dwattr $C$DW$T$21, DW_AT_name("CPU_FNCT_VOID")
     766                      .dwattr $C$DW$T$21, DW_AT_type(*$C$DW$T$20)
     767                      .dwattr $C$DW$T$21, DW_AT_language(DW_LANG_C)
     768              
     769              $C$DW$T$4       .dwtag  DW_TAG_base_type
     770                      .dwattr $C$DW$T$4, DW_AT_encoding(DW_ATE_boolean)
     771                      .dwattr $C$DW$T$4, DW_AT_name("bool")
     772                      .dwattr $C$DW$T$4, DW_AT_byte_size(0x01)
     773              
     774              $C$DW$T$5       .dwtag  DW_TAG_base_type
     775                      .dwattr $C$DW$T$5, DW_AT_encoding(DW_ATE_signed_char)
     776                      .dwattr $C$DW$T$5, DW_AT_name("signed char")
     777                      .dwattr $C$DW$T$5, DW_AT_byte_size(0x01)
     778              
     779              $C$DW$T$6       .dwtag  DW_TAG_base_type
     780                      .dwattr $C$DW$T$6, DW_AT_encoding(DW_ATE_unsigned_char)
     781                      .dwattr $C$DW$T$6, DW_AT_name("unsigned char")
     782                      .dwattr $C$DW$T$6, DW_AT_byte_size(0x01)
     783              
     784              $C$DW$T$7       .dwtag  DW_TAG_base_type
TMS320C2000 Assembler PC v20.2.1 Tue Feb 16 00:15:54 2021

Copyright (c) 1996-2018 Texas Instruments Incorporated
bsp.asm                                                              PAGE   17

     785                      .dwattr $C$DW$T$7, DW_AT_encoding(DW_ATE_signed_char)
     786                      .dwattr $C$DW$T$7, DW_AT_name("wchar_t")
     787                      .dwattr $C$DW$T$7, DW_AT_byte_size(0x01)
     788              
     789              $C$DW$T$8       .dwtag  DW_TAG_base_type
     790                      .dwattr $C$DW$T$8, DW_AT_encoding(DW_ATE_signed)
     791                      .dwattr $C$DW$T$8, DW_AT_name("short")
     792                      .dwattr $C$DW$T$8, DW_AT_byte_size(0x01)
     793              
     794              $C$DW$T$9       .dwtag  DW_TAG_base_type
     795                      .dwattr $C$DW$T$9, DW_AT_encoding(DW_ATE_unsigned)
     796                      .dwattr $C$DW$T$9, DW_AT_name("unsigned short")
     797                      .dwattr $C$DW$T$9, DW_AT_byte_size(0x01)
     798              
     799              $C$DW$T$22      .dwtag  DW_TAG_typedef
     800                      .dwattr $C$DW$T$22, DW_AT_name("CPU_INT16U")
     801                      .dwattr $C$DW$T$22, DW_AT_type(*$C$DW$T$9)
     802                      .dwattr $C$DW$T$22, DW_AT_language(DW_LANG_C)
     803              
     804              $C$DW$T$23      .dwtag  DW_TAG_typedef
     805                      .dwattr $C$DW$T$23, DW_AT_name("CPU_DATA")
     806                      .dwattr $C$DW$T$23, DW_AT_type(*$C$DW$T$22)
     807                      .dwattr $C$DW$T$23, DW_AT_language(DW_LANG_C)
     808              
     809              $C$DW$T$10      .dwtag  DW_TAG_base_type
     810                      .dwattr $C$DW$T$10, DW_AT_encoding(DW_ATE_signed)
     811                      .dwattr $C$DW$T$10, DW_AT_name("int")
     812                      .dwattr $C$DW$T$10, DW_AT_byte_size(0x01)
     813              
     814              $C$DW$T$11      .dwtag  DW_TAG_base_type
     815                      .dwattr $C$DW$T$11, DW_AT_encoding(DW_ATE_unsigned)
     816                      .dwattr $C$DW$T$11, DW_AT_name("unsigned int")
     817                      .dwattr $C$DW$T$11, DW_AT_byte_size(0x01)
     818              
     819              $C$DW$T$12      .dwtag  DW_TAG_base_type
     820                      .dwattr $C$DW$T$12, DW_AT_encoding(DW_ATE_signed)
     821                      .dwattr $C$DW$T$12, DW_AT_name("long")
     822                      .dwattr $C$DW$T$12, DW_AT_byte_size(0x02)
     823              
     824              $C$DW$T$13      .dwtag  DW_TAG_base_type
     825                      .dwattr $C$DW$T$13, DW_AT_encoding(DW_ATE_unsigned)
     826                      .dwattr $C$DW$T$13, DW_AT_name("unsigned long")
     827                      .dwattr $C$DW$T$13, DW_AT_byte_size(0x02)
     828              
     829              $C$DW$T$28      .dwtag  DW_TAG_typedef
     830                      .dwattr $C$DW$T$28, DW_AT_name("CPU_INT32U")
     831                      .dwattr $C$DW$T$28, DW_AT_type(*$C$DW$T$13)
     832                      .dwattr $C$DW$T$28, DW_AT_language(DW_LANG_C)
     833              
     834              $C$DW$T$14      .dwtag  DW_TAG_base_type
     835                      .dwattr $C$DW$T$14, DW_AT_encoding(DW_ATE_signed)
     836                      .dwattr $C$DW$T$14, DW_AT_name("long long")
     837                      .dwattr $C$DW$T$14, DW_AT_byte_size(0x04)
     838              
     839              $C$DW$T$15      .dwtag  DW_TAG_base_type
TMS320C2000 Assembler PC v20.2.1 Tue Feb 16 00:15:54 2021

Copyright (c) 1996-2018 Texas Instruments Incorporated
bsp.asm                                                              PAGE   18

     840                      .dwattr $C$DW$T$15, DW_AT_encoding(DW_ATE_unsigned)
     841                      .dwattr $C$DW$T$15, DW_AT_name("unsigned long long")
     842                      .dwattr $C$DW$T$15, DW_AT_byte_size(0x04)
     843              
     844              $C$DW$T$16      .dwtag  DW_TAG_base_type
     845                      .dwattr $C$DW$T$16, DW_AT_encoding(DW_ATE_float)
     846                      .dwattr $C$DW$T$16, DW_AT_name("float")
     847                      .dwattr $C$DW$T$16, DW_AT_byte_size(0x02)
     848              
     849              $C$DW$T$17      .dwtag  DW_TAG_base_type
     850                      .dwattr $C$DW$T$17, DW_AT_encoding(DW_ATE_float)
     851                      .dwattr $C$DW$T$17, DW_AT_name("double")
     852                      .dwattr $C$DW$T$17, DW_AT_byte_size(0x02)
     853              
     854              $C$DW$T$18      .dwtag  DW_TAG_base_type
     855                      .dwattr $C$DW$T$18, DW_AT_encoding(DW_ATE_float)
     856                      .dwattr $C$DW$T$18, DW_AT_name("long double")
     857                      .dwattr $C$DW$T$18, DW_AT_byte_size(0x04)
     858              
     859                      .dwattr $C$DW$CU, DW_AT_language(DW_LANG_C)
     860              
     861              ;***************************************************************
     862              ;* DWARF CIE ENTRIES                                           *
     863              ;***************************************************************
     864              
     865              $C$DW$CIE       .dwcie 26
     866                      .dwcfi  cfa_register, 20
     867                      .dwcfi  cfa_offset, 0
     868                      .dwcfi  same_value, 28
     869                      .dwcfi  same_value, 6
     870                      .dwcfi  same_value, 7
     871                      .dwcfi  same_value, 8
     872                      .dwcfi  same_value, 9
     873                      .dwcfi  same_value, 10
     874                      .dwcfi  same_value, 11
     875                      .dwendentry
     876              
     877              ;***************************************************************
     878              ;* DWARF REGISTER MAP                                          *
     879              ;***************************************************************
     880              
     881              $C$DW$47        .dwtag  DW_TAG_TI_assign_register
     882                      .dwattr $C$DW$47, DW_AT_name("AL")
     883                      .dwattr $C$DW$47, DW_AT_location[DW_OP_reg0]
     884              
     885              $C$DW$48        .dwtag  DW_TAG_TI_assign_register
     886                      .dwattr $C$DW$48, DW_AT_name("AH")
     887                      .dwattr $C$DW$48, DW_AT_location[DW_OP_reg1]
     888              
     889              $C$DW$49        .dwtag  DW_TAG_TI_assign_register
     890                      .dwattr $C$DW$49, DW_AT_name("PL")
     891                      .dwattr $C$DW$49, DW_AT_location[DW_OP_reg2]
     892              
     893              $C$DW$50        .dwtag  DW_TAG_TI_assign_register
     894                      .dwattr $C$DW$50, DW_AT_name("PH")
TMS320C2000 Assembler PC v20.2.1 Tue Feb 16 00:15:54 2021

Copyright (c) 1996-2018 Texas Instruments Incorporated
bsp.asm                                                              PAGE   19

     895                      .dwattr $C$DW$50, DW_AT_location[DW_OP_reg3]
     896              
     897              $C$DW$51        .dwtag  DW_TAG_TI_assign_register
     898                      .dwattr $C$DW$51, DW_AT_name("SP")
     899                      .dwattr $C$DW$51, DW_AT_location[DW_OP_reg20]
     900              
     901              $C$DW$52        .dwtag  DW_TAG_TI_assign_register
     902                      .dwattr $C$DW$52, DW_AT_name("XT")
     903                      .dwattr $C$DW$52, DW_AT_location[DW_OP_reg21]
     904              
     905              $C$DW$53        .dwtag  DW_TAG_TI_assign_register
     906                      .dwattr $C$DW$53, DW_AT_name("T")
     907                      .dwattr $C$DW$53, DW_AT_location[DW_OP_reg22]
     908              
     909              $C$DW$54        .dwtag  DW_TAG_TI_assign_register
     910                      .dwattr $C$DW$54, DW_AT_name("ST0")
     911                      .dwattr $C$DW$54, DW_AT_location[DW_OP_reg23]
     912              
     913              $C$DW$55        .dwtag  DW_TAG_TI_assign_register
     914                      .dwattr $C$DW$55, DW_AT_name("ST1")
     915                      .dwattr $C$DW$55, DW_AT_location[DW_OP_reg24]
     916              
     917              $C$DW$56        .dwtag  DW_TAG_TI_assign_register
     918                      .dwattr $C$DW$56, DW_AT_name("PC")
     919                      .dwattr $C$DW$56, DW_AT_location[DW_OP_reg25]
     920              
     921              $C$DW$57        .dwtag  DW_TAG_TI_assign_register
     922                      .dwattr $C$DW$57, DW_AT_name("RPC")
     923                      .dwattr $C$DW$57, DW_AT_location[DW_OP_reg26]
     924              
     925              $C$DW$58        .dwtag  DW_TAG_TI_assign_register
     926                      .dwattr $C$DW$58, DW_AT_name("FP")
     927                      .dwattr $C$DW$58, DW_AT_location[DW_OP_reg28]
     928              
     929              $C$DW$59        .dwtag  DW_TAG_TI_assign_register
     930                      .dwattr $C$DW$59, DW_AT_name("DP")
     931                      .dwattr $C$DW$59, DW_AT_location[DW_OP_reg29]
     932              
     933              $C$DW$60        .dwtag  DW_TAG_TI_assign_register
     934                      .dwattr $C$DW$60, DW_AT_name("SXM")
     935                      .dwattr $C$DW$60, DW_AT_location[DW_OP_reg30]
     936              
     937              $C$DW$61        .dwtag  DW_TAG_TI_assign_register
     938                      .dwattr $C$DW$61, DW_AT_name("PM")
     939                      .dwattr $C$DW$61, DW_AT_location[DW_OP_reg31]
     940              
     941              $C$DW$62        .dwtag  DW_TAG_TI_assign_register
     942                      .dwattr $C$DW$62, DW_AT_name("OVM")
     943                      .dwattr $C$DW$62, DW_AT_location[DW_OP_regx 0x20]
     944              
     945              $C$DW$63        .dwtag  DW_TAG_TI_assign_register
     946                      .dwattr $C$DW$63, DW_AT_name("PAGE0")
     947                      .dwattr $C$DW$63, DW_AT_location[DW_OP_regx 0x21]
     948              
     949              $C$DW$64        .dwtag  DW_TAG_TI_assign_register
TMS320C2000 Assembler PC v20.2.1 Tue Feb 16 00:15:54 2021

Copyright (c) 1996-2018 Texas Instruments Incorporated
bsp.asm                                                              PAGE   20

     950                      .dwattr $C$DW$64, DW_AT_name("AMODE")
     951                      .dwattr $C$DW$64, DW_AT_location[DW_OP_regx 0x22]
     952              
     953              $C$DW$65        .dwtag  DW_TAG_TI_assign_register
     954                      .dwattr $C$DW$65, DW_AT_name("EALLOW")
     955                      .dwattr $C$DW$65, DW_AT_location[DW_OP_regx 0x4e]
     956              
     957              $C$DW$66        .dwtag  DW_TAG_TI_assign_register
     958                      .dwattr $C$DW$66, DW_AT_name("INTM")
     959                      .dwattr $C$DW$66, DW_AT_location[DW_OP_regx 0x23]
     960              
     961              $C$DW$67        .dwtag  DW_TAG_TI_assign_register
     962                      .dwattr $C$DW$67, DW_AT_name("IFR")
     963                      .dwattr $C$DW$67, DW_AT_location[DW_OP_regx 0x24]
     964              
     965              $C$DW$68        .dwtag  DW_TAG_TI_assign_register
     966                      .dwattr $C$DW$68, DW_AT_name("IER")
     967                      .dwattr $C$DW$68, DW_AT_location[DW_OP_regx 0x25]
     968              
     969              $C$DW$69        .dwtag  DW_TAG_TI_assign_register
     970                      .dwattr $C$DW$69, DW_AT_name("V")
     971                      .dwattr $C$DW$69, DW_AT_location[DW_OP_regx 0x26]
     972              
     973              $C$DW$70        .dwtag  DW_TAG_TI_assign_register
     974                      .dwattr $C$DW$70, DW_AT_name("PSEUDOH")
     975                      .dwattr $C$DW$70, DW_AT_location[DW_OP_regx 0x4c]
     976              
     977              $C$DW$71        .dwtag  DW_TAG_TI_assign_register
     978                      .dwattr $C$DW$71, DW_AT_name("VOL")
     979                      .dwattr $C$DW$71, DW_AT_location[DW_OP_regx 0x4d]
     980              
     981              $C$DW$72        .dwtag  DW_TAG_TI_assign_register
     982                      .dwattr $C$DW$72, DW_AT_name("AR0")
     983                      .dwattr $C$DW$72, DW_AT_location[DW_OP_reg4]
     984              
     985              $C$DW$73        .dwtag  DW_TAG_TI_assign_register
     986                      .dwattr $C$DW$73, DW_AT_name("XAR0")
     987                      .dwattr $C$DW$73, DW_AT_location[DW_OP_reg5]
     988              
     989              $C$DW$74        .dwtag  DW_TAG_TI_assign_register
     990                      .dwattr $C$DW$74, DW_AT_name("AR1")
     991                      .dwattr $C$DW$74, DW_AT_location[DW_OP_reg6]
     992              
     993              $C$DW$75        .dwtag  DW_TAG_TI_assign_register
     994                      .dwattr $C$DW$75, DW_AT_name("XAR1")
     995                      .dwattr $C$DW$75, DW_AT_location[DW_OP_reg7]
     996              
     997              $C$DW$76        .dwtag  DW_TAG_TI_assign_register
     998                      .dwattr $C$DW$76, DW_AT_name("AR2")
     999                      .dwattr $C$DW$76, DW_AT_location[DW_OP_reg8]
    1000              
    1001              $C$DW$77        .dwtag  DW_TAG_TI_assign_register
    1002                      .dwattr $C$DW$77, DW_AT_name("XAR2")
    1003                      .dwattr $C$DW$77, DW_AT_location[DW_OP_reg9]
    1004              
TMS320C2000 Assembler PC v20.2.1 Tue Feb 16 00:15:54 2021

Copyright (c) 1996-2018 Texas Instruments Incorporated
bsp.asm                                                              PAGE   21

    1005              $C$DW$78        .dwtag  DW_TAG_TI_assign_register
    1006                      .dwattr $C$DW$78, DW_AT_name("AR3")
    1007                      .dwattr $C$DW$78, DW_AT_location[DW_OP_reg10]
    1008              
    1009              $C$DW$79        .dwtag  DW_TAG_TI_assign_register
    1010                      .dwattr $C$DW$79, DW_AT_name("XAR3")
    1011                      .dwattr $C$DW$79, DW_AT_location[DW_OP_reg11]
    1012              
    1013              $C$DW$80        .dwtag  DW_TAG_TI_assign_register
    1014                      .dwattr $C$DW$80, DW_AT_name("AR4")
    1015                      .dwattr $C$DW$80, DW_AT_location[DW_OP_reg12]
    1016              
    1017              $C$DW$81        .dwtag  DW_TAG_TI_assign_register
    1018                      .dwattr $C$DW$81, DW_AT_name("XAR4")
    1019                      .dwattr $C$DW$81, DW_AT_location[DW_OP_reg13]
    1020              
    1021              $C$DW$82        .dwtag  DW_TAG_TI_assign_register
    1022                      .dwattr $C$DW$82, DW_AT_name("AR5")
    1023                      .dwattr $C$DW$82, DW_AT_location[DW_OP_reg14]
    1024              
    1025              $C$DW$83        .dwtag  DW_TAG_TI_assign_register
    1026                      .dwattr $C$DW$83, DW_AT_name("XAR5")
    1027                      .dwattr $C$DW$83, DW_AT_location[DW_OP_reg15]
    1028              
    1029              $C$DW$84        .dwtag  DW_TAG_TI_assign_register
    1030                      .dwattr $C$DW$84, DW_AT_name("AR6")
    1031                      .dwattr $C$DW$84, DW_AT_location[DW_OP_reg16]
    1032              
    1033              $C$DW$85        .dwtag  DW_TAG_TI_assign_register
    1034                      .dwattr $C$DW$85, DW_AT_name("XAR6")
    1035                      .dwattr $C$DW$85, DW_AT_location[DW_OP_reg17]
    1036              
    1037              $C$DW$86        .dwtag  DW_TAG_TI_assign_register
    1038                      .dwattr $C$DW$86, DW_AT_name("AR7")
    1039                      .dwattr $C$DW$86, DW_AT_location[DW_OP_reg18]
    1040              
    1041              $C$DW$87        .dwtag  DW_TAG_TI_assign_register
    1042                      .dwattr $C$DW$87, DW_AT_name("XAR7")
    1043                      .dwattr $C$DW$87, DW_AT_location[DW_OP_reg19]
    1044              
    1045                      .dwendtag $C$DW$CU
    1046              

No Assembly Errors, No Assembly Warnings
