TMS320C2000 Assembler PC v20.2.1 Mon Jan  4 16:08:34 2021

Copyright (c) 1996-2018 Texas Instruments Incorporated
bsp_int.asm                                                          PAGE    1

       1              ;***************************************************************
       2              ;* TMS320C2000 G3 C/C++ Codegen                               PC v20.2.1.LTS *
       3              ;* Date/Time created: Mon Jan  4 16:08:34 2021                 *
       4              ;***************************************************************
       5                      .compiler_opts --abi=coffabi --diag_wrap=off --float_support=fpu32 --hll_source=on --mem_model:code=f
       6                      .asg    XAR2, FP
       7              
       8              $C$DW$CU        .dwtag  DW_TAG_compile_unit
       9                      .dwattr $C$DW$CU, DW_AT_name("C:/ti/Workspace/PLC_certificate/ImitatePLC/Examples/TI/TMDSDOCK28335/BS
      10                      .dwattr $C$DW$CU, DW_AT_producer("TI TMS320C2000 G3 C/C++ Codegen PC v20.2.1.LTS Copyright (c) 1996-2
      11                      .dwattr $C$DW$CU, DW_AT_TI_version(0x01)
      12                      .dwattr $C$DW$CU, DW_AT_comp_dir("C:\ti\Workspace\PLC_certificate\ImitatePLC\Examples\TI\TMDSDOCK2833
      13              
      14              $C$DW$1 .dwtag  DW_TAG_subprogram
      15                      .dwattr $C$DW$1, DW_AT_name("CPU_IntSrcEn")
      16                      .dwattr $C$DW$1, DW_AT_TI_symbol_name("_CPU_IntSrcEn")
      17                      .dwattr $C$DW$1, DW_AT_declaration
      18                      .dwattr $C$DW$1, DW_AT_external
      19              $C$DW$2 .dwtag  DW_TAG_formal_parameter
      20                      .dwattr $C$DW$2, DW_AT_type(*$C$DW$T$20)
      21              
      22                      .dwendtag $C$DW$1
      23              
      24              
      25              $C$DW$3 .dwtag  DW_TAG_subprogram
      26                      .dwattr $C$DW$3, DW_AT_name("CPU_SR_Restore")
      27                      .dwattr $C$DW$3, DW_AT_TI_symbol_name("_CPU_SR_Restore")
      28                      .dwattr $C$DW$3, DW_AT_declaration
      29                      .dwattr $C$DW$3, DW_AT_external
      30              $C$DW$4 .dwtag  DW_TAG_formal_parameter
      31                      .dwattr $C$DW$4, DW_AT_type(*$C$DW$T$23)
      32              
      33                      .dwendtag $C$DW$3
      34              
      35              
      36              $C$DW$5 .dwtag  DW_TAG_subprogram
      37                      .dwattr $C$DW$5, DW_AT_name("CPU_IntSrcDis")
      38                      .dwattr $C$DW$5, DW_AT_TI_symbol_name("_CPU_IntSrcDis")
      39                      .dwattr $C$DW$5, DW_AT_declaration
      40                      .dwattr $C$DW$5, DW_AT_external
      41              $C$DW$6 .dwtag  DW_TAG_formal_parameter
      42                      .dwattr $C$DW$6, DW_AT_type(*$C$DW$T$20)
      43              
      44                      .dwendtag $C$DW$5
      45              
      46              
      47              $C$DW$7 .dwtag  DW_TAG_subprogram
      48                      .dwattr $C$DW$7, DW_AT_name("OSIntEnter")
      49                      .dwattr $C$DW$7, DW_AT_TI_symbol_name("_OSIntEnter")
      50                      .dwattr $C$DW$7, DW_AT_declaration
      51                      .dwattr $C$DW$7, DW_AT_external
      52                      .dwendtag $C$DW$7
      53              
      54              
      55              $C$DW$8 .dwtag  DW_TAG_subprogram
TMS320C2000 Assembler PC v20.2.1 Mon Jan  4 16:08:34 2021

Copyright (c) 1996-2018 Texas Instruments Incorporated
bsp_int.asm                                                          PAGE    2

      56                      .dwattr $C$DW$8, DW_AT_name("OSIntExit")
      57                      .dwattr $C$DW$8, DW_AT_TI_symbol_name("_OSIntExit")
      58                      .dwattr $C$DW$8, DW_AT_declaration
      59                      .dwattr $C$DW$8, DW_AT_external
      60                      .dwendtag $C$DW$8
      61              
      62              
      63              $C$DW$9 .dwtag  DW_TAG_subprogram
      64                      .dwattr $C$DW$9, DW_AT_name("CPU_SR_Save")
      65                      .dwattr $C$DW$9, DW_AT_TI_symbol_name("_CPU_SR_Save")
      66                      .dwattr $C$DW$9, DW_AT_type(*$C$DW$T$23)
      67                      .dwattr $C$DW$9, DW_AT_declaration
      68                      .dwattr $C$DW$9, DW_AT_external
      69                      .dwendtag $C$DW$9
      70              
      71                      .global ___BSP_VectorTable
      72 00000000       ___BSP_VectorTable:     .usect  "pie_vram",256,1,1
      73              $C$DW$10        .dwtag  DW_TAG_variable
      74                      .dwattr $C$DW$10, DW_AT_name("__BSP_VectorTable")
      75                      .dwattr $C$DW$10, DW_AT_TI_symbol_name("___BSP_VectorTable")
      76                      .dwattr $C$DW$10, DW_AT_location[DW_OP_addr ___BSP_VectorTable]
      77                      .dwattr $C$DW$10, DW_AT_type(*$C$DW$T$29)
      78                      .dwattr $C$DW$10, DW_AT_external
      79              
      80                      .sblock "pie_vram"
      81              ;       C:\ti\ccs1011\ccs\tools\compiler\ti-cgt-c2000_20.2.1.LTS\bin\ac2000.exe -@C:\\Users\\LEEKEO~1\\AppDat
      82 00000000               .sect   ".text"
      83                      .clink
      84                      .global _BSP_IntAck
      85              
      86              $C$DW$11        .dwtag  DW_TAG_subprogram
      87                      .dwattr $C$DW$11, DW_AT_name("BSP_IntAck")
      88                      .dwattr $C$DW$11, DW_AT_low_pc(_BSP_IntAck)
      89                      .dwattr $C$DW$11, DW_AT_high_pc(0x00)
      90                      .dwattr $C$DW$11, DW_AT_TI_symbol_name("_BSP_IntAck")
      91                      .dwattr $C$DW$11, DW_AT_external
      92                      .dwattr $C$DW$11, DW_AT_TI_begin_file("C:/ti/Workspace/PLC_certificate/ImitatePLC/Examples/TI/TMDSDOC
      93                      .dwattr $C$DW$11, DW_AT_TI_begin_line(0x73)
      94                      .dwattr $C$DW$11, DW_AT_TI_begin_column(0x07)
      95                      .dwattr $C$DW$11, DW_AT_TI_max_frame_size(-4)
      96                      .dwpsn  file "C:/ti/Workspace/PLC_certificate/ImitatePLC/Examples/TI/TMDSDOCK28335/BSP/bsp_int.c",lin
      97              
      98                      .dwfde $C$DW$CIE, _BSP_IntAck
      99              $C$DW$12        .dwtag  DW_TAG_formal_parameter
     100                      .dwattr $C$DW$12, DW_AT_name("int_id")
     101                      .dwattr $C$DW$12, DW_AT_TI_symbol_name("_int_id")
     102                      .dwattr $C$DW$12, DW_AT_type(*$C$DW$T$20)
     103                      .dwattr $C$DW$12, DW_AT_location[DW_OP_reg0]
     104              
     105              
     106              ;***************************************************************
     107              ;* FNAME: _BSP_IntAck                   FR SIZE:   2           *
     108              ;*                                                             *
     109              ;* FUNCTION ENVIRONMENT                                        *
     110              ;*                                                             *
TMS320C2000 Assembler PC v20.2.1 Mon Jan  4 16:08:34 2021

Copyright (c) 1996-2018 Texas Instruments Incorporated
bsp_int.asm                                                          PAGE    3

     111              ;* FUNCTION PROPERTIES                                         *
     112              ;*                            0 Parameter,  2 Auto,  0 SOE     *
     113              ;***************************************************************
     114              
     115 00000000       _BSP_IntAck:
     116                      .dwcfi  cfa_offset, -2
     117                      .dwcfi  save_reg_to_mem, 26, 0
     118 00000000 FE02          ADDB      SP,#2                 ; [CPU_ARAU] 
     119                      .dwcfi  cfa_offset, -4
     120              $C$DW$13        .dwtag  DW_TAG_variable
     121                      .dwattr $C$DW$13, DW_AT_name("int_id")
     122                      .dwattr $C$DW$13, DW_AT_TI_symbol_name("_int_id")
     123                      .dwattr $C$DW$13, DW_AT_type(*$C$DW$T$20)
     124                      .dwattr $C$DW$13, DW_AT_location[DW_OP_breg20 -1]
     125              
     126              $C$DW$14        .dwtag  DW_TAG_variable
     127                      .dwattr $C$DW$14, DW_AT_name("group")
     128                      .dwattr $C$DW$14, DW_AT_TI_symbol_name("_group")
     129                      .dwattr $C$DW$14, DW_AT_type(*$C$DW$T$20)
     130                      .dwattr $C$DW$14, DW_AT_location[DW_OP_breg20 -2]
     131              
     132 00000001 9641          MOV       *-SP[1],AL            ; [CPU_ALU] |116| 
     133                      .dwpsn  file "C:/ti/Workspace/PLC_certificate/ImitatePLC/Examples/TI/TMDSDOCK28335/BSP/bsp_int.c",lin
     134 00000002 5200          CMPB      AL,#0                 ; [CPU_ALU] |120| 
     135 00000003 6119          B         $C$L3,EQ              ; [CPU_ALU] |120| 
     136                      ; branchcc occurs ; [] |120| 
     137 00000004 5280          CMPB      AL,#128               ; [CPU_ALU] |120| 
     138 00000005 6717          B         $C$L3,HIS             ; [CPU_ALU] |120| 
     139                      ; branchcc occurs ; [] |120| 
     140                      .dwpsn  file "C:/ti/Workspace/PLC_certificate/ImitatePLC/Examples/TI/TMDSDOCK28335/BSP/bsp_int.c",lin
     141 00000006 520C          CMPB      AL,#12                ; [CPU_ALU] |123| 
     142 00000007 6604          B         $C$L1,HI              ; [CPU_ALU] |123| 
     143                      ; branchcc occurs ; [] |123| 
     144                      .dwpsn  file "C:/ti/Workspace/PLC_certificate/ImitatePLC/Examples/TI/TMDSDOCK28335/BSP/bsp_int.c",lin
     145 00000008 9CFF          ADDB      AL,#-1                ; [CPU_ALU] |124| 
     146 00000009 9642          MOV       *-SP[2],AL            ; [CPU_ALU] |124| 
     147 0000000a 6F06          B         $C$L2,UNC             ; [CPU_ALU] 
     148                      ; branch occurs ; [] 
     149 0000000b       $C$L1:    
     150                      .dwpsn  file "C:/ti/Workspace/PLC_certificate/ImitatePLC/Examples/TI/TMDSDOCK28335/BSP/bsp_int.c",lin
     151 0000000b 521F          CMPB      AL,#31                ; [CPU_ALU] |125| 
     152 0000000c 6910          B         $C$L3,LOS             ; [CPU_ALU] |125| 
     153                      ; branchcc occurs ; [] |125| 
     154                      .dwpsn  file "C:/ti/Workspace/PLC_certificate/ImitatePLC/Examples/TI/TMDSDOCK28335/BSP/bsp_int.c",lin
     155                      .dwpsn  file "C:/ti/Workspace/PLC_certificate/ImitatePLC/Examples/TI/TMDSDOCK28335/BSP/bsp_int.c",lin
     156 0000000d FFC2          LSR       AL,3                  ; [CPU_ALU] |132| 
     157 0000000e 9CFC          ADDB      AL,#-4                ; [CPU_ALU] |132| 
     158 0000000f 9642          MOV       *-SP[2],AL            ; [CPU_ALU] |132| 
     159 00000010       $C$L2:    
     160                      .dwpsn  file "C:/ti/Workspace/PLC_certificate/ImitatePLC/Examples/TI/TMDSDOCK28335/BSP/bsp_int.c",lin
     161 00000010 2D42          MOV       T,*-SP[2]             ; [CPU_ALU] |140| 
     162 00000011 9A01          MOVB      AL,#1                 ; [CPU_ALU] |140| 
     163 00000012 F5A8          MOV       AH,*(0:0x0ce1)        ; [CPU_ALU] |140| 
         00000013 0CE1 
     164 00000014 FF66          LSL       AL,T                  ; [CPU_ALU] |140| 
TMS320C2000 Assembler PC v20.2.1 Mon Jan  4 16:08:34 2021

Copyright (c) 1996-2018 Texas Instruments Incorporated
bsp_int.asm                                                          PAGE    4

     165 00000015 CAA8          OR        AL,AH                 ; [CPU_ALU] |140| 
     166 00000016 F4A9          MOV       *(0:0x0ce1),AL        ; [CPU_ALU] |140| 
         00000017 0CE1 
     167                      .dwpsn  file "C:/ti/Workspace/PLC_certificate/ImitatePLC/Examples/TI/TMDSDOCK28335/BSP/bsp_int.c",lin
     168 00000018 9242          MOV       AL,*-SP[2]            ; [CPU_ALU] |141| 
     169 00000019 9C01          ADDB      AL,#1                 ; [CPU_ALU] |141| 
     170              $C$DW$15        .dwtag  DW_TAG_TI_branch
     171                      .dwattr $C$DW$15, DW_AT_low_pc(0x00)
     172                      .dwattr $C$DW$15, DW_AT_name("_BSP_IntEn")
     173                      .dwattr $C$DW$15, DW_AT_TI_call
     174              
     175 0000001a 7640'         LCR       #_BSP_IntEn           ; [CPU_ALU] |141| 
         0000001b 001E 
     176                      ; call occurs [#_BSP_IntEn] ; [] |141| 
     177                      .dwpsn  file "C:/ti/Workspace/PLC_certificate/ImitatePLC/Examples/TI/TMDSDOCK28335/BSP/bsp_int.c",lin
     178 0000001c       $C$L3:    
     179 0000001c FE82          SUBB      SP,#2                 ; [CPU_ARAU] 
     180                      .dwcfi  cfa_offset, -2
     181              $C$DW$16        .dwtag  DW_TAG_TI_branch
     182                      .dwattr $C$DW$16, DW_AT_low_pc(0x00)
     183                      .dwattr $C$DW$16, DW_AT_TI_return
     184              
     185 0000001d 0006          LRETR     ; [CPU_ALU] 
     186                      ; return occurs ; [] 
     187                      .dwattr $C$DW$11, DW_AT_TI_end_file("C:/ti/Workspace/PLC_certificate/ImitatePLC/Examples/TI/TMDSDOCK2
     188                      .dwattr $C$DW$11, DW_AT_TI_end_line(0x8f)
     189                      .dwattr $C$DW$11, DW_AT_TI_end_column(0x01)
     190                      .dwendentry
     191                      .dwendtag $C$DW$11
     192              
     193 0000001e               .sect   ".text"
     194                      .clink
     195                      .global _BSP_IntEn
     196              
     197              $C$DW$17        .dwtag  DW_TAG_subprogram
     198                      .dwattr $C$DW$17, DW_AT_name("BSP_IntEn")
     199                      .dwattr $C$DW$17, DW_AT_low_pc(_BSP_IntEn)
     200                      .dwattr $C$DW$17, DW_AT_high_pc(0x00)
     201                      .dwattr $C$DW$17, DW_AT_TI_symbol_name("_BSP_IntEn")
     202                      .dwattr $C$DW$17, DW_AT_external
     203                      .dwattr $C$DW$17, DW_AT_TI_begin_file("C:/ti/Workspace/PLC_certificate/ImitatePLC/Examples/TI/TMDSDOC
     204                      .dwattr $C$DW$17, DW_AT_TI_begin_line(0xa2)
     205                      .dwattr $C$DW$17, DW_AT_TI_begin_column(0x07)
     206                      .dwattr $C$DW$17, DW_AT_TI_max_frame_size(-6)
     207                      .dwpsn  file "C:/ti/Workspace/PLC_certificate/ImitatePLC/Examples/TI/TMDSDOCK28335/BSP/bsp_int.c",lin
     208              
     209                      .dwfde $C$DW$CIE, _BSP_IntEn
     210              $C$DW$18        .dwtag  DW_TAG_formal_parameter
     211                      .dwattr $C$DW$18, DW_AT_name("int_id")
     212                      .dwattr $C$DW$18, DW_AT_TI_symbol_name("_int_id")
     213                      .dwattr $C$DW$18, DW_AT_type(*$C$DW$T$20)
     214                      .dwattr $C$DW$18, DW_AT_location[DW_OP_reg0]
     215              
     216              
     217              ;***************************************************************
TMS320C2000 Assembler PC v20.2.1 Mon Jan  4 16:08:34 2021

Copyright (c) 1996-2018 Texas Instruments Incorporated
bsp_int.asm                                                          PAGE    5

     218              ;* FNAME: _BSP_IntEn                    FR SIZE:   4           *
     219              ;*                                                             *
     220              ;* FUNCTION ENVIRONMENT                                        *
     221              ;*                                                             *
     222              ;* FUNCTION PROPERTIES                                         *
     223              ;*                            0 Parameter,  4 Auto,  0 SOE     *
     224              ;***************************************************************
     225              
     226 0000001e       _BSP_IntEn:
     227                      .dwcfi  cfa_offset, -2
     228                      .dwcfi  save_reg_to_mem, 26, 0
     229 0000001e FE04          ADDB      SP,#4                 ; [CPU_ARAU] 
     230                      .dwcfi  cfa_offset, -6
     231              $C$DW$19        .dwtag  DW_TAG_variable
     232                      .dwattr $C$DW$19, DW_AT_name("int_id")
     233                      .dwattr $C$DW$19, DW_AT_TI_symbol_name("_int_id")
     234                      .dwattr $C$DW$19, DW_AT_type(*$C$DW$T$20)
     235                      .dwattr $C$DW$19, DW_AT_location[DW_OP_breg20 -1]
     236              
     237              $C$DW$20        .dwtag  DW_TAG_variable
     238                      .dwattr $C$DW$20, DW_AT_name("group")
     239                      .dwattr $C$DW$20, DW_AT_TI_symbol_name("_group")
     240                      .dwattr $C$DW$20, DW_AT_type(*$C$DW$T$20)
     241                      .dwattr $C$DW$20, DW_AT_location[DW_OP_breg20 -2]
     242              
     243              $C$DW$21        .dwtag  DW_TAG_variable
     244                      .dwattr $C$DW$21, DW_AT_name("channel")
     245                      .dwattr $C$DW$21, DW_AT_TI_symbol_name("_channel")
     246                      .dwattr $C$DW$21, DW_AT_type(*$C$DW$T$20)
     247                      .dwattr $C$DW$21, DW_AT_location[DW_OP_breg20 -3]
     248              
     249              $C$DW$22        .dwtag  DW_TAG_variable
     250                      .dwattr $C$DW$22, DW_AT_name("cpu_sr")
     251                      .dwattr $C$DW$22, DW_AT_TI_symbol_name("_cpu_sr")
     252                      .dwattr $C$DW$22, DW_AT_type(*$C$DW$T$23)
     253                      .dwattr $C$DW$22, DW_AT_location[DW_OP_breg20 -4]
     254              
     255 0000001f 9641          MOV       *-SP[1],AL            ; [CPU_ALU] |163| 
     256                      .dwpsn  file "C:/ti/Workspace/PLC_certificate/ImitatePLC/Examples/TI/TMDSDOCK28335/BSP/bsp_int.c",lin
     257 00000020 2B44          MOV       *-SP[4],#0            ; [CPU_ALU] |166| 
     258                      .dwpsn  file "C:/ti/Workspace/PLC_certificate/ImitatePLC/Examples/TI/TMDSDOCK28335/BSP/bsp_int.c",lin
     259 00000021 5280          CMPB      AL,#128               ; [CPU_ALU] |169| 
     260 00000022 6721          B         $C$L5,HIS             ; [CPU_ALU] |169| 
     261                      ; branchcc occurs ; [] |169| 
     262                      .dwpsn  file "C:/ti/Workspace/PLC_certificate/ImitatePLC/Examples/TI/TMDSDOCK28335/BSP/bsp_int.c",lin
     263 00000023 5210          CMPB      AL,#16                ; [CPU_ALU] |171| 
     264 00000024 6604          B         $C$L4,HI              ; [CPU_ALU] |171| 
     265                      ; branchcc occurs ; [] |171| 
     266                      .dwpsn  file "C:/ti/Workspace/PLC_certificate/ImitatePLC/Examples/TI/TMDSDOCK28335/BSP/bsp_int.c",lin
     267              $C$DW$23        .dwtag  DW_TAG_TI_branch
     268                      .dwattr $C$DW$23, DW_AT_low_pc(0x00)
     269                      .dwattr $C$DW$23, DW_AT_name("_CPU_IntSrcEn")
     270                      .dwattr $C$DW$23, DW_AT_TI_call
     271              
     272 00000025 7640!         LCR       #_CPU_IntSrcEn        ; [CPU_ALU] |172| 
TMS320C2000 Assembler PC v20.2.1 Mon Jan  4 16:08:34 2021

Copyright (c) 1996-2018 Texas Instruments Incorporated
bsp_int.asm                                                          PAGE    6

         00000026 0000 
     273                      ; call occurs [#_CPU_IntSrcEn] ; [] |172| 
     274 00000027 6F1C          B         $C$L5,UNC             ; [CPU_ALU] 
     275                      ; branch occurs ; [] 
     276 00000028       $C$L4:    
     277                      .dwpsn  file "C:/ti/Workspace/PLC_certificate/ImitatePLC/Examples/TI/TMDSDOCK28335/BSP/bsp_int.c",lin
     278 00000028 521F          CMPB      AL,#31                ; [CPU_ALU] |174| 
     279 00000029 691A          B         $C$L5,LOS             ; [CPU_ALU] |174| 
     280                      ; branchcc occurs ; [] |174| 
     281                      .dwpsn  file "C:/ti/Workspace/PLC_certificate/ImitatePLC/Examples/TI/TMDSDOCK28335/BSP/bsp_int.c",lin
     282                      .dwpsn  file "C:/ti/Workspace/PLC_certificate/ImitatePLC/Examples/TI/TMDSDOCK28335/BSP/bsp_int.c",lin
     283              $C$DW$24        .dwtag  DW_TAG_TI_branch
     284                      .dwattr $C$DW$24, DW_AT_low_pc(0x00)
     285                      .dwattr $C$DW$24, DW_AT_name("_CPU_SR_Save")
     286                      .dwattr $C$DW$24, DW_AT_TI_call
     287              
     288 0000002a 7640!         LCR       #_CPU_SR_Save         ; [CPU_ALU] |181| 
         0000002b 0000 
     289                      ; call occurs [#_CPU_SR_Save] ; [] |181| 
     290 0000002c 9644          MOV       *-SP[4],AL            ; [CPU_ALU] |181| 
     291                      .dwpsn  file "C:/ti/Workspace/PLC_certificate/ImitatePLC/Examples/TI/TMDSDOCK28335/BSP/bsp_int.c",lin
     292 0000002d 9241          MOV       AL,*-SP[1]            ; [CPU_ALU] |182| 
     293 0000002e FFC2          LSR       AL,3                  ; [CPU_ALU] |182| 
     294 0000002f 9CFC          ADDB      AL,#-4                ; [CPU_ALU] |182| 
     295 00000030 9642          MOV       *-SP[2],AL            ; [CPU_ALU] |182| 
     296                      .dwpsn  file "C:/ti/Workspace/PLC_certificate/ImitatePLC/Examples/TI/TMDSDOCK28335/BSP/bsp_int.c",lin
     297 00000031 9241          MOV       AL,*-SP[1]            ; [CPU_ALU] |183| 
     298 00000032 9007          ANDB      AL,#0x07              ; [CPU_ALU] |183| 
     299 00000033 9643          MOV       *-SP[3],AL            ; [CPU_ALU] |183| 
     300                      .dwpsn  file "C:/ti/Workspace/PLC_certificate/ImitatePLC/Examples/TI/TMDSDOCK28335/BSP/bsp_int.c",lin
     301 00000034 5603          MOV       ACC,*-SP[2] << #1     ; [CPU_ALU] |185| 
         00000035 0142 
     302 00000036 88A9          MOVZ      AR6,AL                ; [CPU_ALU] |185| 
     303 00000037 8F00          MOVL      XAR4,#3298            ; [CPU_ARAU] |185| 
         00000038 0CE2 
     304 00000039 A8A9          MOVL      ACC,XAR4              ; [CPU_ALU] |185| 
     305 0000003a 0DA6          ADDU      ACC,AR6               ; [CPU_ALU] |185| 
     306 0000003b 8AA9          MOVL      XAR4,ACC              ; [CPU_ALU] |185| 
     307 0000003c 2D43          MOV       T,*-SP[3]             ; [CPU_ALU] |185| 
     308 0000003d 9A01          MOVB      AL,#1                 ; [CPU_ALU] |185| 
     309 0000003e FF66          LSL       AL,T                  ; [CPU_ALU] |185| 
     310 0000003f 98C4          OR        *+XAR4[0],AL          ; [CPU_ALU] |185| 
     311                      .dwpsn  file "C:/ti/Workspace/PLC_certificate/ImitatePLC/Examples/TI/TMDSDOCK28335/BSP/bsp_int.c",lin
     312 00000040 9244          MOV       AL,*-SP[4]            ; [CPU_ALU] |186| 
     313              $C$DW$25        .dwtag  DW_TAG_TI_branch
     314                      .dwattr $C$DW$25, DW_AT_low_pc(0x00)
     315                      .dwattr $C$DW$25, DW_AT_name("_CPU_SR_Restore")
     316                      .dwattr $C$DW$25, DW_AT_TI_call
     317              
     318 00000041 7640!         LCR       #_CPU_SR_Restore      ; [CPU_ALU] |186| 
         00000042 0000 
     319                      ; call occurs [#_CPU_SR_Restore] ; [] |186| 
     320                      .dwpsn  file "C:/ti/Workspace/PLC_certificate/ImitatePLC/Examples/TI/TMDSDOCK28335/BSP/bsp_int.c",lin
     321 00000043       $C$L5:    
     322 00000043 FE84          SUBB      SP,#4                 ; [CPU_ARAU] 
TMS320C2000 Assembler PC v20.2.1 Mon Jan  4 16:08:34 2021

Copyright (c) 1996-2018 Texas Instruments Incorporated
bsp_int.asm                                                          PAGE    7

     323                      .dwcfi  cfa_offset, -2
     324              $C$DW$26        .dwtag  DW_TAG_TI_branch
     325                      .dwattr $C$DW$26, DW_AT_low_pc(0x00)
     326                      .dwattr $C$DW$26, DW_AT_TI_return
     327              
     328 00000044 0006          LRETR     ; [CPU_ALU] 
     329                      ; return occurs ; [] 
     330                      .dwattr $C$DW$17, DW_AT_TI_end_file("C:/ti/Workspace/PLC_certificate/ImitatePLC/Examples/TI/TMDSDOCK2
     331                      .dwattr $C$DW$17, DW_AT_TI_end_line(0xc8)
     332                      .dwattr $C$DW$17, DW_AT_TI_end_column(0x01)
     333                      .dwendentry
     334                      .dwendtag $C$DW$17
     335              
     336 00000045               .sect   ".text"
     337                      .clink
     338                      .global _BSP_IntDis
     339              
     340              $C$DW$27        .dwtag  DW_TAG_subprogram
     341                      .dwattr $C$DW$27, DW_AT_name("BSP_IntDis")
     342                      .dwattr $C$DW$27, DW_AT_low_pc(_BSP_IntDis)
     343                      .dwattr $C$DW$27, DW_AT_high_pc(0x00)
     344                      .dwattr $C$DW$27, DW_AT_TI_symbol_name("_BSP_IntDis")
     345                      .dwattr $C$DW$27, DW_AT_external
     346                      .dwattr $C$DW$27, DW_AT_TI_begin_file("C:/ti/Workspace/PLC_certificate/ImitatePLC/Examples/TI/TMDSDOC
     347                      .dwattr $C$DW$27, DW_AT_TI_begin_line(0xdb)
     348                      .dwattr $C$DW$27, DW_AT_TI_begin_column(0x07)
     349                      .dwattr $C$DW$27, DW_AT_TI_max_frame_size(-6)
     350                      .dwpsn  file "C:/ti/Workspace/PLC_certificate/ImitatePLC/Examples/TI/TMDSDOCK28335/BSP/bsp_int.c",lin
     351              
     352                      .dwfde $C$DW$CIE, _BSP_IntDis
     353              $C$DW$28        .dwtag  DW_TAG_formal_parameter
     354                      .dwattr $C$DW$28, DW_AT_name("int_id")
     355                      .dwattr $C$DW$28, DW_AT_TI_symbol_name("_int_id")
     356                      .dwattr $C$DW$28, DW_AT_type(*$C$DW$T$20)
     357                      .dwattr $C$DW$28, DW_AT_location[DW_OP_reg0]
     358              
     359              
     360              ;***************************************************************
     361              ;* FNAME: _BSP_IntDis                   FR SIZE:   4           *
     362              ;*                                                             *
     363              ;* FUNCTION ENVIRONMENT                                        *
     364              ;*                                                             *
     365              ;* FUNCTION PROPERTIES                                         *
     366              ;*                            0 Parameter,  4 Auto,  0 SOE     *
     367              ;***************************************************************
     368              
     369 00000045       _BSP_IntDis:
     370                      .dwcfi  cfa_offset, -2
     371                      .dwcfi  save_reg_to_mem, 26, 0
     372 00000045 FE04          ADDB      SP,#4                 ; [CPU_ARAU] 
     373                      .dwcfi  cfa_offset, -6
     374              $C$DW$29        .dwtag  DW_TAG_variable
     375                      .dwattr $C$DW$29, DW_AT_name("int_id")
     376                      .dwattr $C$DW$29, DW_AT_TI_symbol_name("_int_id")
     377                      .dwattr $C$DW$29, DW_AT_type(*$C$DW$T$20)
TMS320C2000 Assembler PC v20.2.1 Mon Jan  4 16:08:34 2021

Copyright (c) 1996-2018 Texas Instruments Incorporated
bsp_int.asm                                                          PAGE    8

     378                      .dwattr $C$DW$29, DW_AT_location[DW_OP_breg20 -1]
     379              
     380              $C$DW$30        .dwtag  DW_TAG_variable
     381                      .dwattr $C$DW$30, DW_AT_name("group")
     382                      .dwattr $C$DW$30, DW_AT_TI_symbol_name("_group")
     383                      .dwattr $C$DW$30, DW_AT_type(*$C$DW$T$20)
     384                      .dwattr $C$DW$30, DW_AT_location[DW_OP_breg20 -2]
     385              
     386              $C$DW$31        .dwtag  DW_TAG_variable
     387                      .dwattr $C$DW$31, DW_AT_name("channel")
     388                      .dwattr $C$DW$31, DW_AT_TI_symbol_name("_channel")
     389                      .dwattr $C$DW$31, DW_AT_type(*$C$DW$T$20)
     390                      .dwattr $C$DW$31, DW_AT_location[DW_OP_breg20 -3]
     391              
     392              $C$DW$32        .dwtag  DW_TAG_variable
     393                      .dwattr $C$DW$32, DW_AT_name("cpu_sr")
     394                      .dwattr $C$DW$32, DW_AT_TI_symbol_name("_cpu_sr")
     395                      .dwattr $C$DW$32, DW_AT_type(*$C$DW$T$23)
     396                      .dwattr $C$DW$32, DW_AT_location[DW_OP_breg20 -4]
     397              
     398 00000046 9641          MOV       *-SP[1],AL            ; [CPU_ALU] |220| 
     399                      .dwpsn  file "C:/ti/Workspace/PLC_certificate/ImitatePLC/Examples/TI/TMDSDOCK28335/BSP/bsp_int.c",lin
     400 00000047 2B44          MOV       *-SP[4],#0            ; [CPU_ALU] |223| 
     401                      .dwpsn  file "C:/ti/Workspace/PLC_certificate/ImitatePLC/Examples/TI/TMDSDOCK28335/BSP/bsp_int.c",lin
     402 00000048 5280          CMPB      AL,#128               ; [CPU_ALU] |226| 
     403 00000049 6722          B         $C$L7,HIS             ; [CPU_ALU] |226| 
     404                      ; branchcc occurs ; [] |226| 
     405                      .dwpsn  file "C:/ti/Workspace/PLC_certificate/ImitatePLC/Examples/TI/TMDSDOCK28335/BSP/bsp_int.c",lin
     406 0000004a 5210          CMPB      AL,#16                ; [CPU_ALU] |228| 
     407 0000004b 6604          B         $C$L6,HI              ; [CPU_ALU] |228| 
     408                      ; branchcc occurs ; [] |228| 
     409                      .dwpsn  file "C:/ti/Workspace/PLC_certificate/ImitatePLC/Examples/TI/TMDSDOCK28335/BSP/bsp_int.c",lin
     410              $C$DW$33        .dwtag  DW_TAG_TI_branch
     411                      .dwattr $C$DW$33, DW_AT_low_pc(0x00)
     412                      .dwattr $C$DW$33, DW_AT_name("_CPU_IntSrcDis")
     413                      .dwattr $C$DW$33, DW_AT_TI_call
     414              
     415 0000004c 7640!         LCR       #_CPU_IntSrcDis       ; [CPU_ALU] |229| 
         0000004d 0000 
     416                      ; call occurs [#_CPU_IntSrcDis] ; [] |229| 
     417 0000004e 6F1D          B         $C$L7,UNC             ; [CPU_ALU] 
     418                      ; branch occurs ; [] 
     419 0000004f       $C$L6:    
     420                      .dwpsn  file "C:/ti/Workspace/PLC_certificate/ImitatePLC/Examples/TI/TMDSDOCK28335/BSP/bsp_int.c",lin
     421 0000004f 521F          CMPB      AL,#31                ; [CPU_ALU] |231| 
     422 00000050 691B          B         $C$L7,LOS             ; [CPU_ALU] |231| 
     423                      ; branchcc occurs ; [] |231| 
     424                      .dwpsn  file "C:/ti/Workspace/PLC_certificate/ImitatePLC/Examples/TI/TMDSDOCK28335/BSP/bsp_int.c",lin
     425                      .dwpsn  file "C:/ti/Workspace/PLC_certificate/ImitatePLC/Examples/TI/TMDSDOCK28335/BSP/bsp_int.c",lin
     426              $C$DW$34        .dwtag  DW_TAG_TI_branch
     427                      .dwattr $C$DW$34, DW_AT_low_pc(0x00)
     428                      .dwattr $C$DW$34, DW_AT_name("_CPU_SR_Save")
     429                      .dwattr $C$DW$34, DW_AT_TI_call
     430              
     431 00000051 7640!         LCR       #_CPU_SR_Save         ; [CPU_ALU] |238| 
TMS320C2000 Assembler PC v20.2.1 Mon Jan  4 16:08:34 2021

Copyright (c) 1996-2018 Texas Instruments Incorporated
bsp_int.asm                                                          PAGE    9

         00000052 0000 
     432                      ; call occurs [#_CPU_SR_Save] ; [] |238| 
     433 00000053 9644          MOV       *-SP[4],AL            ; [CPU_ALU] |238| 
     434                      .dwpsn  file "C:/ti/Workspace/PLC_certificate/ImitatePLC/Examples/TI/TMDSDOCK28335/BSP/bsp_int.c",lin
     435 00000054 9241          MOV       AL,*-SP[1]            ; [CPU_ALU] |239| 
     436 00000055 FFC2          LSR       AL,3                  ; [CPU_ALU] |239| 
     437 00000056 9CFC          ADDB      AL,#-4                ; [CPU_ALU] |239| 
     438 00000057 9642          MOV       *-SP[2],AL            ; [CPU_ALU] |239| 
     439                      .dwpsn  file "C:/ti/Workspace/PLC_certificate/ImitatePLC/Examples/TI/TMDSDOCK28335/BSP/bsp_int.c",lin
     440 00000058 9241          MOV       AL,*-SP[1]            ; [CPU_ALU] |240| 
     441 00000059 9007          ANDB      AL,#0x07              ; [CPU_ALU] |240| 
     442 0000005a 9643          MOV       *-SP[3],AL            ; [CPU_ALU] |240| 
     443                      .dwpsn  file "C:/ti/Workspace/PLC_certificate/ImitatePLC/Examples/TI/TMDSDOCK28335/BSP/bsp_int.c",lin
     444 0000005b 5603          MOV       ACC,*-SP[2] << #1     ; [CPU_ALU] |242| 
         0000005c 0142 
     445 0000005d 88A9          MOVZ      AR6,AL                ; [CPU_ALU] |242| 
     446 0000005e 8F00          MOVL      XAR4,#3298            ; [CPU_ARAU] |242| 
         0000005f 0CE2 
     447 00000060 2D43          MOV       T,*-SP[3]             ; [CPU_ALU] |242| 
     448 00000061 A8A9          MOVL      ACC,XAR4              ; [CPU_ALU] |242| 
     449 00000062 0DA6          ADDU      ACC,AR6               ; [CPU_ALU] |242| 
     450 00000063 8AA9          MOVL      XAR4,ACC              ; [CPU_ALU] |242| 
     451 00000064 9A01          MOVB      AL,#1                 ; [CPU_ALU] |242| 
     452 00000065 FF66          LSL       AL,T                  ; [CPU_ALU] |242| 
     453 00000066 FF5E          NOT       AL                    ; [CPU_ALU] |242| 
     454 00000067 C0C4          AND       *+XAR4[0],AL          ; [CPU_ALU] |242| 
     455                      .dwpsn  file "C:/ti/Workspace/PLC_certificate/ImitatePLC/Examples/TI/TMDSDOCK28335/BSP/bsp_int.c",lin
     456 00000068 9244          MOV       AL,*-SP[4]            ; [CPU_ALU] |243| 
     457              $C$DW$35        .dwtag  DW_TAG_TI_branch
     458                      .dwattr $C$DW$35, DW_AT_low_pc(0x00)
     459                      .dwattr $C$DW$35, DW_AT_name("_CPU_SR_Restore")
     460                      .dwattr $C$DW$35, DW_AT_TI_call
     461              
     462 00000069 7640!         LCR       #_CPU_SR_Restore      ; [CPU_ALU] |243| 
         0000006a 0000 
     463                      ; call occurs [#_CPU_SR_Restore] ; [] |243| 
     464                      .dwpsn  file "C:/ti/Workspace/PLC_certificate/ImitatePLC/Examples/TI/TMDSDOCK28335/BSP/bsp_int.c",lin
     465 0000006b       $C$L7:    
     466 0000006b FE84          SUBB      SP,#4                 ; [CPU_ARAU] 
     467                      .dwcfi  cfa_offset, -2
     468              $C$DW$36        .dwtag  DW_TAG_TI_branch
     469                      .dwattr $C$DW$36, DW_AT_low_pc(0x00)
     470                      .dwattr $C$DW$36, DW_AT_TI_return
     471              
     472 0000006c 0006          LRETR     ; [CPU_ALU] 
     473                      ; return occurs ; [] 
     474                      .dwattr $C$DW$27, DW_AT_TI_end_file("C:/ti/Workspace/PLC_certificate/ImitatePLC/Examples/TI/TMDSDOCK2
     475                      .dwattr $C$DW$27, DW_AT_TI_end_line(0x101)
     476                      .dwattr $C$DW$27, DW_AT_TI_end_column(0x01)
     477                      .dwendentry
     478                      .dwendtag $C$DW$27
     479              
     480 0000006d               .sect   ".text"
     481                      .clink
     482                      .global _BSP_ExtIntEn
TMS320C2000 Assembler PC v20.2.1 Mon Jan  4 16:08:34 2021

Copyright (c) 1996-2018 Texas Instruments Incorporated
bsp_int.asm                                                          PAGE   10

     483              
     484              $C$DW$37        .dwtag  DW_TAG_subprogram
     485                      .dwattr $C$DW$37, DW_AT_name("BSP_ExtIntEn")
     486                      .dwattr $C$DW$37, DW_AT_low_pc(_BSP_ExtIntEn)
     487                      .dwattr $C$DW$37, DW_AT_high_pc(0x00)
     488                      .dwattr $C$DW$37, DW_AT_TI_symbol_name("_BSP_ExtIntEn")
     489                      .dwattr $C$DW$37, DW_AT_external
     490                      .dwattr $C$DW$37, DW_AT_TI_begin_file("C:/ti/Workspace/PLC_certificate/ImitatePLC/Examples/TI/TMDSDOC
     491                      .dwattr $C$DW$37, DW_AT_TI_begin_line(0x114)
     492                      .dwattr $C$DW$37, DW_AT_TI_begin_column(0x07)
     493                      .dwattr $C$DW$37, DW_AT_TI_max_frame_size(-4)
     494                      .dwpsn  file "C:/ti/Workspace/PLC_certificate/ImitatePLC/Examples/TI/TMDSDOCK28335/BSP/bsp_int.c",lin
     495              
     496                      .dwfde $C$DW$CIE, _BSP_ExtIntEn
     497              $C$DW$38        .dwtag  DW_TAG_formal_parameter
     498                      .dwattr $C$DW$38, DW_AT_name("xint_id")
     499                      .dwattr $C$DW$38, DW_AT_TI_symbol_name("_xint_id")
     500                      .dwattr $C$DW$38, DW_AT_type(*$C$DW$T$20)
     501                      .dwattr $C$DW$38, DW_AT_location[DW_OP_reg0]
     502              
     503              
     504              ;***************************************************************
     505              ;* FNAME: _BSP_ExtIntEn                 FR SIZE:   2           *
     506              ;*                                                             *
     507              ;* FUNCTION ENVIRONMENT                                        *
     508              ;*                                                             *
     509              ;* FUNCTION PROPERTIES                                         *
     510              ;*                            0 Parameter,  2 Auto,  0 SOE     *
     511              ;***************************************************************
     512              
     513 0000006d       _BSP_ExtIntEn:
     514                      .dwcfi  cfa_offset, -2
     515                      .dwcfi  save_reg_to_mem, 26, 0
     516 0000006d FE02          ADDB      SP,#2                 ; [CPU_ARAU] 
     517                      .dwcfi  cfa_offset, -4
     518              $C$DW$39        .dwtag  DW_TAG_variable
     519                      .dwattr $C$DW$39, DW_AT_name("xint_id")
     520                      .dwattr $C$DW$39, DW_AT_TI_symbol_name("_xint_id")
     521                      .dwattr $C$DW$39, DW_AT_type(*$C$DW$T$20)
     522                      .dwattr $C$DW$39, DW_AT_location[DW_OP_breg20 -1]
     523              
     524              $C$DW$40        .dwtag  DW_TAG_variable
     525                      .dwattr $C$DW$40, DW_AT_name("cpu_sr")
     526                      .dwattr $C$DW$40, DW_AT_TI_symbol_name("_cpu_sr")
     527                      .dwattr $C$DW$40, DW_AT_type(*$C$DW$T$23)
     528                      .dwattr $C$DW$40, DW_AT_location[DW_OP_breg20 -2]
     529              
     530 0000006e 9641          MOV       *-SP[1],AL            ; [CPU_ALU] |277| 
     531                      .dwpsn  file "C:/ti/Workspace/PLC_certificate/ImitatePLC/Examples/TI/TMDSDOCK28335/BSP/bsp_int.c",lin
     532 0000006f 2B42          MOV       *-SP[2],#0            ; [CPU_ALU] |278| 
     533                      .dwpsn  file "C:/ti/Workspace/PLC_certificate/ImitatePLC/Examples/TI/TMDSDOCK28335/BSP/bsp_int.c",lin
     534 00000070 5207          CMPB      AL,#7                 ; [CPU_ALU] |281| 
     535 00000071 660E          B         $C$L8,HI              ; [CPU_ALU] |281| 
     536                      ; branchcc occurs ; [] |281| 
     537                      .dwpsn  file "C:/ti/Workspace/PLC_certificate/ImitatePLC/Examples/TI/TMDSDOCK28335/BSP/bsp_int.c",lin
TMS320C2000 Assembler PC v20.2.1 Mon Jan  4 16:08:34 2021

Copyright (c) 1996-2018 Texas Instruments Incorporated
bsp_int.asm                                                          PAGE   11

     538              $C$DW$41        .dwtag  DW_TAG_TI_branch
     539                      .dwattr $C$DW$41, DW_AT_low_pc(0x00)
     540                      .dwattr $C$DW$41, DW_AT_name("_CPU_SR_Save")
     541                      .dwattr $C$DW$41, DW_AT_TI_call
     542              
     543 00000072 7640!         LCR       #_CPU_SR_Save         ; [CPU_ALU] |282| 
         00000073 0000 
     544                      ; call occurs [#_CPU_SR_Save] ; [] |282| 
     545 00000074 9642          MOV       *-SP[2],AL            ; [CPU_ALU] |282| 
     546                      .dwpsn  file "C:/ti/Workspace/PLC_certificate/ImitatePLC/Examples/TI/TMDSDOCK28335/BSP/bsp_int.c",lin
     547 00000075 8F00          MOVL      XAR4,#28784           ; [CPU_ARAU] |283| 
         00000076 7070 
     548 00000077 A8A9          MOVL      ACC,XAR4              ; [CPU_ALU] |283| 
     549 00000078 0D41          ADDU      ACC,*-SP[1]           ; [CPU_ALU] |283| 
     550 00000079 8AA9          MOVL      XAR4,ACC              ; [CPU_ALU] |283| 
     551 0000007a 1AC4          OR        *+XAR4[0],#0x0001     ; [CPU_ALU] |283| 
         0000007b 0001 
     552                      .dwpsn  file "C:/ti/Workspace/PLC_certificate/ImitatePLC/Examples/TI/TMDSDOCK28335/BSP/bsp_int.c",lin
     553 0000007c 9242          MOV       AL,*-SP[2]            ; [CPU_ALU] |284| 
     554              $C$DW$42        .dwtag  DW_TAG_TI_branch
     555                      .dwattr $C$DW$42, DW_AT_low_pc(0x00)
     556                      .dwattr $C$DW$42, DW_AT_name("_CPU_SR_Restore")
     557                      .dwattr $C$DW$42, DW_AT_TI_call
     558              
     559 0000007d 7640!         LCR       #_CPU_SR_Restore      ; [CPU_ALU] |284| 
         0000007e 0000 
     560                      ; call occurs [#_CPU_SR_Restore] ; [] |284| 
     561                      .dwpsn  file "C:/ti/Workspace/PLC_certificate/ImitatePLC/Examples/TI/TMDSDOCK28335/BSP/bsp_int.c",lin
     562 0000007f       $C$L8:    
     563 0000007f FE82          SUBB      SP,#2                 ; [CPU_ARAU] 
     564                      .dwcfi  cfa_offset, -2
     565              $C$DW$43        .dwtag  DW_TAG_TI_branch
     566                      .dwattr $C$DW$43, DW_AT_low_pc(0x00)
     567                      .dwattr $C$DW$43, DW_AT_TI_return
     568              
     569 00000080 0006          LRETR     ; [CPU_ALU] 
     570                      ; return occurs ; [] 
     571                      .dwattr $C$DW$37, DW_AT_TI_end_file("C:/ti/Workspace/PLC_certificate/ImitatePLC/Examples/TI/TMDSDOCK2
     572                      .dwattr $C$DW$37, DW_AT_TI_end_line(0x11e)
     573                      .dwattr $C$DW$37, DW_AT_TI_end_column(0x01)
     574                      .dwendentry
     575                      .dwendtag $C$DW$37
     576              
     577 00000081               .sect   ".text"
     578                      .clink
     579                      .global _BSP_ExtIntDis
     580              
     581              $C$DW$44        .dwtag  DW_TAG_subprogram
     582                      .dwattr $C$DW$44, DW_AT_name("BSP_ExtIntDis")
     583                      .dwattr $C$DW$44, DW_AT_low_pc(_BSP_ExtIntDis)
     584                      .dwattr $C$DW$44, DW_AT_high_pc(0x00)
     585                      .dwattr $C$DW$44, DW_AT_TI_symbol_name("_BSP_ExtIntDis")
     586                      .dwattr $C$DW$44, DW_AT_external
     587                      .dwattr $C$DW$44, DW_AT_TI_begin_file("C:/ti/Workspace/PLC_certificate/ImitatePLC/Examples/TI/TMDSDOC
     588                      .dwattr $C$DW$44, DW_AT_TI_begin_line(0x131)
TMS320C2000 Assembler PC v20.2.1 Mon Jan  4 16:08:34 2021

Copyright (c) 1996-2018 Texas Instruments Incorporated
bsp_int.asm                                                          PAGE   12

     589                      .dwattr $C$DW$44, DW_AT_TI_begin_column(0x07)
     590                      .dwattr $C$DW$44, DW_AT_TI_max_frame_size(-4)
     591                      .dwpsn  file "C:/ti/Workspace/PLC_certificate/ImitatePLC/Examples/TI/TMDSDOCK28335/BSP/bsp_int.c",lin
     592              
     593                      .dwfde $C$DW$CIE, _BSP_ExtIntDis
     594              $C$DW$45        .dwtag  DW_TAG_formal_parameter
     595                      .dwattr $C$DW$45, DW_AT_name("xint_id")
     596                      .dwattr $C$DW$45, DW_AT_TI_symbol_name("_xint_id")
     597                      .dwattr $C$DW$45, DW_AT_type(*$C$DW$T$20)
     598                      .dwattr $C$DW$45, DW_AT_location[DW_OP_reg0]
     599              
     600              
     601              ;***************************************************************
     602              ;* FNAME: _BSP_ExtIntDis                FR SIZE:   2           *
     603              ;*                                                             *
     604              ;* FUNCTION ENVIRONMENT                                        *
     605              ;*                                                             *
     606              ;* FUNCTION PROPERTIES                                         *
     607              ;*                            0 Parameter,  2 Auto,  0 SOE     *
     608              ;***************************************************************
     609              
     610 00000081       _BSP_ExtIntDis:
     611                      .dwcfi  cfa_offset, -2
     612                      .dwcfi  save_reg_to_mem, 26, 0
     613 00000081 FE02          ADDB      SP,#2                 ; [CPU_ARAU] 
     614                      .dwcfi  cfa_offset, -4
     615              $C$DW$46        .dwtag  DW_TAG_variable
     616                      .dwattr $C$DW$46, DW_AT_name("xint_id")
     617                      .dwattr $C$DW$46, DW_AT_TI_symbol_name("_xint_id")
     618                      .dwattr $C$DW$46, DW_AT_type(*$C$DW$T$20)
     619                      .dwattr $C$DW$46, DW_AT_location[DW_OP_breg20 -1]
     620              
     621              $C$DW$47        .dwtag  DW_TAG_variable
     622                      .dwattr $C$DW$47, DW_AT_name("cpu_sr")
     623                      .dwattr $C$DW$47, DW_AT_TI_symbol_name("_cpu_sr")
     624                      .dwattr $C$DW$47, DW_AT_type(*$C$DW$T$23)
     625                      .dwattr $C$DW$47, DW_AT_location[DW_OP_breg20 -2]
     626              
     627 00000082 9641          MOV       *-SP[1],AL            ; [CPU_ALU] |306| 
     628                      .dwpsn  file "C:/ti/Workspace/PLC_certificate/ImitatePLC/Examples/TI/TMDSDOCK28335/BSP/bsp_int.c",lin
     629 00000083 2B42          MOV       *-SP[2],#0            ; [CPU_ALU] |307| 
     630                      .dwpsn  file "C:/ti/Workspace/PLC_certificate/ImitatePLC/Examples/TI/TMDSDOCK28335/BSP/bsp_int.c",lin
     631 00000084 5207          CMPB      AL,#7                 ; [CPU_ALU] |310| 
     632 00000085 660E          B         $C$L9,HI              ; [CPU_ALU] |310| 
     633                      ; branchcc occurs ; [] |310| 
     634                      .dwpsn  file "C:/ti/Workspace/PLC_certificate/ImitatePLC/Examples/TI/TMDSDOCK28335/BSP/bsp_int.c",lin
     635              $C$DW$48        .dwtag  DW_TAG_TI_branch
     636                      .dwattr $C$DW$48, DW_AT_low_pc(0x00)
     637                      .dwattr $C$DW$48, DW_AT_name("_CPU_SR_Save")
     638                      .dwattr $C$DW$48, DW_AT_TI_call
     639              
     640 00000086 7640!         LCR       #_CPU_SR_Save         ; [CPU_ALU] |311| 
         00000087 0000 
     641                      ; call occurs [#_CPU_SR_Save] ; [] |311| 
     642 00000088 9642          MOV       *-SP[2],AL            ; [CPU_ALU] |311| 
TMS320C2000 Assembler PC v20.2.1 Mon Jan  4 16:08:34 2021

Copyright (c) 1996-2018 Texas Instruments Incorporated
bsp_int.asm                                                          PAGE   13

     643                      .dwpsn  file "C:/ti/Workspace/PLC_certificate/ImitatePLC/Examples/TI/TMDSDOCK28335/BSP/bsp_int.c",lin
     644 00000089 8F00          MOVL      XAR4,#28784           ; [CPU_ARAU] |312| 
         0000008a 7070 
     645 0000008b A8A9          MOVL      ACC,XAR4              ; [CPU_ALU] |312| 
     646 0000008c 0D41          ADDU      ACC,*-SP[1]           ; [CPU_ALU] |312| 
     647 0000008d 8AA9          MOVL      XAR4,ACC              ; [CPU_ALU] |312| 
     648 0000008e 18C4          AND       *+XAR4[0],#0xfffe     ; [CPU_ALU] |312| 
         0000008f FFFE 
     649                      .dwpsn  file "C:/ti/Workspace/PLC_certificate/ImitatePLC/Examples/TI/TMDSDOCK28335/BSP/bsp_int.c",lin
     650 00000090 9242          MOV       AL,*-SP[2]            ; [CPU_ALU] |313| 
     651              $C$DW$49        .dwtag  DW_TAG_TI_branch
     652                      .dwattr $C$DW$49, DW_AT_low_pc(0x00)
     653                      .dwattr $C$DW$49, DW_AT_name("_CPU_SR_Restore")
     654                      .dwattr $C$DW$49, DW_AT_TI_call
     655              
     656 00000091 7640!         LCR       #_CPU_SR_Restore      ; [CPU_ALU] |313| 
         00000092 0000 
     657                      ; call occurs [#_CPU_SR_Restore] ; [] |313| 
     658                      .dwpsn  file "C:/ti/Workspace/PLC_certificate/ImitatePLC/Examples/TI/TMDSDOCK28335/BSP/bsp_int.c",lin
     659 00000093       $C$L9:    
     660 00000093 FE82          SUBB      SP,#2                 ; [CPU_ARAU] 
     661                      .dwcfi  cfa_offset, -2
     662              $C$DW$50        .dwtag  DW_TAG_TI_branch
     663                      .dwattr $C$DW$50, DW_AT_low_pc(0x00)
     664                      .dwattr $C$DW$50, DW_AT_TI_return
     665              
     666 00000094 0006          LRETR     ; [CPU_ALU] 
     667                      ; return occurs ; [] 
     668                      .dwattr $C$DW$44, DW_AT_TI_end_file("C:/ti/Workspace/PLC_certificate/ImitatePLC/Examples/TI/TMDSDOCK2
     669                      .dwattr $C$DW$44, DW_AT_TI_end_line(0x13b)
     670                      .dwattr $C$DW$44, DW_AT_TI_end_column(0x01)
     671                      .dwendentry
     672                      .dwendtag $C$DW$44
     673              
     674 00000095               .sect   ".text"
     675                      .clink
     676                      .global _BSP_IntVectSet
     677              
     678              $C$DW$51        .dwtag  DW_TAG_subprogram
     679                      .dwattr $C$DW$51, DW_AT_name("BSP_IntVectSet")
     680                      .dwattr $C$DW$51, DW_AT_low_pc(_BSP_IntVectSet)
     681                      .dwattr $C$DW$51, DW_AT_high_pc(0x00)
     682                      .dwattr $C$DW$51, DW_AT_TI_symbol_name("_BSP_IntVectSet")
     683                      .dwattr $C$DW$51, DW_AT_external
     684                      .dwattr $C$DW$51, DW_AT_TI_begin_file("C:/ti/Workspace/PLC_certificate/ImitatePLC/Examples/TI/TMDSDOC
     685                      .dwattr $C$DW$51, DW_AT_TI_begin_line(0x184)
     686                      .dwattr $C$DW$51, DW_AT_TI_begin_column(0x07)
     687                      .dwattr $C$DW$51, DW_AT_TI_max_frame_size(-6)
     688                      .dwpsn  file "C:/ti/Workspace/PLC_certificate/ImitatePLC/Examples/TI/TMDSDOCK28335/BSP/bsp_int.c",lin
     689              
     690                      .dwfde $C$DW$CIE, _BSP_IntVectSet
     691              $C$DW$52        .dwtag  DW_TAG_formal_parameter
     692                      .dwattr $C$DW$52, DW_AT_name("int_id")
     693                      .dwattr $C$DW$52, DW_AT_TI_symbol_name("_int_id")
     694                      .dwattr $C$DW$52, DW_AT_type(*$C$DW$T$20)
TMS320C2000 Assembler PC v20.2.1 Mon Jan  4 16:08:34 2021

Copyright (c) 1996-2018 Texas Instruments Incorporated
bsp_int.asm                                                          PAGE   14

     695                      .dwattr $C$DW$52, DW_AT_location[DW_OP_reg0]
     696              
     697              $C$DW$53        .dwtag  DW_TAG_formal_parameter
     698                      .dwattr $C$DW$53, DW_AT_name("isr")
     699                      .dwattr $C$DW$53, DW_AT_TI_symbol_name("_isr")
     700                      .dwattr $C$DW$53, DW_AT_type(*$C$DW$T$28)
     701                      .dwattr $C$DW$53, DW_AT_location[DW_OP_reg12]
     702              
     703              
     704              ;***************************************************************
     705              ;* FNAME: _BSP_IntVectSet               FR SIZE:   4           *
     706              ;*                                                             *
     707              ;* FUNCTION ENVIRONMENT                                        *
     708              ;*                                                             *
     709              ;* FUNCTION PROPERTIES                                         *
     710              ;*                            0 Parameter,  4 Auto,  0 SOE     *
     711              ;***************************************************************
     712              
     713 00000095       _BSP_IntVectSet:
     714                      .dwcfi  cfa_offset, -2
     715                      .dwcfi  save_reg_to_mem, 26, 0
     716 00000095 FE04          ADDB      SP,#4                 ; [CPU_ARAU] 
     717                      .dwcfi  cfa_offset, -6
     718              $C$DW$54        .dwtag  DW_TAG_variable
     719                      .dwattr $C$DW$54, DW_AT_name("isr")
     720                      .dwattr $C$DW$54, DW_AT_TI_symbol_name("_isr")
     721                      .dwattr $C$DW$54, DW_AT_type(*$C$DW$T$28)
     722                      .dwattr $C$DW$54, DW_AT_location[DW_OP_breg20 -2]
     723              
     724              $C$DW$55        .dwtag  DW_TAG_variable
     725                      .dwattr $C$DW$55, DW_AT_name("int_id")
     726                      .dwattr $C$DW$55, DW_AT_TI_symbol_name("_int_id")
     727                      .dwattr $C$DW$55, DW_AT_type(*$C$DW$T$20)
     728                      .dwattr $C$DW$55, DW_AT_location[DW_OP_breg20 -3]
     729              
     730              $C$DW$56        .dwtag  DW_TAG_variable
     731                      .dwattr $C$DW$56, DW_AT_name("cpu_sr")
     732                      .dwattr $C$DW$56, DW_AT_TI_symbol_name("_cpu_sr")
     733                      .dwattr $C$DW$56, DW_AT_type(*$C$DW$T$23)
     734                      .dwattr $C$DW$56, DW_AT_location[DW_OP_breg20 -4]
     735              
     736 00000096 9643          MOV       *-SP[3],AL            ; [CPU_ALU] |390| 
     737 00000097 A842          MOVL      *-SP[2],XAR4          ; [CPU_ALU] |390| 
     738                      .dwpsn  file "C:/ti/Workspace/PLC_certificate/ImitatePLC/Examples/TI/TMDSDOCK28335/BSP/bsp_int.c",lin
     739 00000098 2B44          MOV       *-SP[4],#0            ; [CPU_ALU] |391| 
     740                      .dwpsn  file "C:/ti/Workspace/PLC_certificate/ImitatePLC/Examples/TI/TMDSDOCK28335/BSP/bsp_int.c",lin
     741 00000099 5200          CMPB      AL,#0                 ; [CPU_ALU] |394| 
     742 0000009a 6112          B         $C$L10,EQ             ; [CPU_ALU] |394| 
     743                      ; branchcc occurs ; [] |394| 
     744 0000009b 5280          CMPB      AL,#128               ; [CPU_ALU] |394| 
     745 0000009c 6710          B         $C$L10,HIS            ; [CPU_ALU] |394| 
     746                      ; branchcc occurs ; [] |394| 
     747                      .dwpsn  file "C:/ti/Workspace/PLC_certificate/ImitatePLC/Examples/TI/TMDSDOCK28335/BSP/bsp_int.c",lin
     748              $C$DW$57        .dwtag  DW_TAG_TI_branch
     749                      .dwattr $C$DW$57, DW_AT_low_pc(0x00)
TMS320C2000 Assembler PC v20.2.1 Mon Jan  4 16:08:34 2021

Copyright (c) 1996-2018 Texas Instruments Incorporated
bsp_int.asm                                                          PAGE   15

     750                      .dwattr $C$DW$57, DW_AT_name("_CPU_SR_Save")
     751                      .dwattr $C$DW$57, DW_AT_TI_call
     752              
     753 0000009d 7640!         LCR       #_CPU_SR_Save         ; [CPU_ALU] |396| 
         0000009e 0000 
     754                      ; call occurs [#_CPU_SR_Save] ; [] |396| 
     755 0000009f 9644          MOV       *-SP[4],AL            ; [CPU_ALU] |396| 
     756                      .dwpsn  file "C:/ti/Workspace/PLC_certificate/ImitatePLC/Examples/TI/TMDSDOCK28335/BSP/bsp_int.c",lin
     757 000000a0 2901          CLRC      SXM                   ; [CPU_ALU] 
     758 000000a1 C442          MOVL      XAR6,*-SP[2]          ; [CPU_ALU] |397| 
     759 000000a2 8F00-         MOVL      XAR4,#___BSP_VectorTable ; [CPU_ARAU] |397| 
         000000a3 0000 
     760 000000a4 5603          MOV       ACC,*-SP[3] << 1      ; [CPU_ALU] |397| 
         000000a5 0143 
     761 000000a6 5601          ADDL      XAR4,ACC              ; [CPU_ALU] |397| 
         000000a7 00A4 
     762 000000a8 C2C4          MOVL      *+XAR4[0],XAR6        ; [CPU_ALU] |397| 
     763                      .dwpsn  file "C:/ti/Workspace/PLC_certificate/ImitatePLC/Examples/TI/TMDSDOCK28335/BSP/bsp_int.c",lin
     764 000000a9 9244          MOV       AL,*-SP[4]            ; [CPU_ALU] |398| 
     765              $C$DW$58        .dwtag  DW_TAG_TI_branch
     766                      .dwattr $C$DW$58, DW_AT_low_pc(0x00)
     767                      .dwattr $C$DW$58, DW_AT_name("_CPU_SR_Restore")
     768                      .dwattr $C$DW$58, DW_AT_TI_call
     769              
     770 000000aa 7640!         LCR       #_CPU_SR_Restore      ; [CPU_ALU] |398| 
         000000ab 0000 
     771                      ; call occurs [#_CPU_SR_Restore] ; [] |398| 
     772                      .dwpsn  file "C:/ti/Workspace/PLC_certificate/ImitatePLC/Examples/TI/TMDSDOCK28335/BSP/bsp_int.c",lin
     773 000000ac       $C$L10:    
     774 000000ac FE84          SUBB      SP,#4                 ; [CPU_ARAU] 
     775                      .dwcfi  cfa_offset, -2
     776              $C$DW$59        .dwtag  DW_TAG_TI_branch
     777                      .dwattr $C$DW$59, DW_AT_low_pc(0x00)
     778                      .dwattr $C$DW$59, DW_AT_TI_return
     779              
     780 000000ad 0006          LRETR     ; [CPU_ALU] 
     781                      ; return occurs ; [] 
     782                      .dwattr $C$DW$51, DW_AT_TI_end_file("C:/ti/Workspace/PLC_certificate/ImitatePLC/Examples/TI/TMDSDOCK2
     783                      .dwattr $C$DW$51, DW_AT_TI_end_line(0x190)
     784                      .dwattr $C$DW$51, DW_AT_TI_end_column(0x01)
     785                      .dwendentry
     786                      .dwendtag $C$DW$51
     787              
     788 00000000               .sect   ".text:retain"
     789                      .retain
     790                      .retainrefs
     791                      .global _BSP_IntHandlerDummy
     792              
     793              $C$DW$60        .dwtag  DW_TAG_subprogram
     794                      .dwattr $C$DW$60, DW_AT_name("BSP_IntHandlerDummy")
     795                      .dwattr $C$DW$60, DW_AT_low_pc(_BSP_IntHandlerDummy)
     796                      .dwattr $C$DW$60, DW_AT_high_pc(0x00)
     797                      .dwattr $C$DW$60, DW_AT_TI_symbol_name("_BSP_IntHandlerDummy")
     798                      .dwattr $C$DW$60, DW_AT_external
     799                      .dwattr $C$DW$60, DW_AT_TI_begin_file("C:/ti/Workspace/PLC_certificate/ImitatePLC/Examples/TI/TMDSDOC
TMS320C2000 Assembler PC v20.2.1 Mon Jan  4 16:08:34 2021

Copyright (c) 1996-2018 Texas Instruments Incorporated
bsp_int.asm                                                          PAGE   16

     800                      .dwattr $C$DW$60, DW_AT_TI_begin_line(0x1a3)
     801                      .dwattr $C$DW$60, DW_AT_TI_begin_column(0x12)
     802                      .dwattr $C$DW$60, DW_AT_TI_interrupt
     803                      .dwattr $C$DW$60, DW_AT_TI_max_frame_size(-30)
     804                      .dwpsn  file "C:/ti/Workspace/PLC_certificate/ImitatePLC/Examples/TI/TMDSDOCK28335/BSP/bsp_int.c",lin
     805              
     806                      .dwfde $C$DW$CIE, _BSP_IntHandlerDummy
     807              
     808              ;***************************************************************
     809              ;* FNAME: _BSP_IntHandlerDummy          FR SIZE:  28           *
     810              ;*                                                             *
     811              ;* FUNCTION ENVIRONMENT                                        *
     812              ;*                                                             *
     813              ;* FUNCTION PROPERTIES                                         *
     814              ;*                            0 Parameter,  3 Auto, 24 SOE     *
     815              ;***************************************************************
     816              
     817 00000000       _BSP_IntHandlerDummy:
     818                      .dwcfi  cfa_offset, -2
     819                      .dwcfi  save_reg_to_mem, 26, 0
     820 00000000 761B          ASP       ; [CPU_ALU] 
     821 00000001 FFF0          PUSH      RB                    ; [CPU_FPU] 
     822                      .dwcfi  save_reg_to_mem, 74, 4
     823                      .dwcfi  cfa_offset, -4
     824 00000002 0005          PUSH      AR1H:AR0H             ; [CPU_ALU] 
     825                      .dwcfi  save_reg_to_mem, 5, 4
     826                      .dwcfi  save_reg_to_mem, 7, 5
     827                      .dwcfi  cfa_offset, -6
     828 00000003 ABBD          MOVL      *SP++,XT              ; [CPU_ALU] 
     829                      .dwcfi  save_reg_to_mem, 21, 6
     830                      .dwcfi  save_reg_to_mem, 22, 7
     831                      .dwcfi  cfa_offset, -8
     832 00000004 A8BD          MOVL      *SP++,XAR4            ; [CPU_ALU] 
     833                      .dwcfi  save_reg_to_mem, 12, 8
     834                      .dwcfi  save_reg_to_mem, 13, 9
     835                      .dwcfi  cfa_offset, -10
     836 00000005 A0BD          MOVL      *SP++,XAR5            ; [CPU_ALU] 
     837                      .dwcfi  save_reg_to_mem, 14, 10
     838                      .dwcfi  save_reg_to_mem, 15, 11
     839                      .dwcfi  cfa_offset, -12
     840 00000006 C2BD          MOVL      *SP++,XAR6            ; [CPU_ALU] 
     841                      .dwcfi  save_reg_to_mem, 16, 12
     842                      .dwcfi  save_reg_to_mem, 17, 13
     843                      .dwcfi  cfa_offset, -14
     844 00000007 C3BD          MOVL      *SP++,XAR7            ; [CPU_ALU] 
     845                      .dwcfi  save_reg_to_mem, 18, 14
     846                      .dwcfi  save_reg_to_mem, 19, 15
     847                      .dwcfi  cfa_offset, -16
     848 00000008 E200          MOV32     *SP++,STF             ; [CPU_FPU] 
         00000009 00BD 
     849                      .dwcfi  save_reg_to_mem, 40, 18
     850                      .dwcfi  cfa_offset, -18
     851 0000000a E203          MOV32     *SP++,R0H             ; [CPU_FPU] 
         0000000b 00BD 
     852                      .dwcfi  save_reg_to_mem, 43, 20
TMS320C2000 Assembler PC v20.2.1 Mon Jan  4 16:08:34 2021

Copyright (c) 1996-2018 Texas Instruments Incorporated
bsp_int.asm                                                          PAGE   17

     853                      .dwcfi  cfa_offset, -20
     854 0000000c E203          MOV32     *SP++,R1H             ; [CPU_FPU] 
         0000000d 01BD 
     855                      .dwcfi  save_reg_to_mem, 47, 22
     856                      .dwcfi  cfa_offset, -22
     857 0000000e E203          MOV32     *SP++,R2H             ; [CPU_FPU] 
         0000000f 02BD 
     858                      .dwcfi  save_reg_to_mem, 51, 24
     859                      .dwcfi  cfa_offset, -24
     860 00000010 E203          MOV32     *SP++,R3H             ; [CPU_FPU] 
         00000011 03BD 
     861                      .dwcfi  save_reg_to_mem, 55, 26
     862                      .dwcfi  cfa_offset, -26
     863 00000012 E630          SETFLG    RNDF32=1, RNDF64=1    ; [CPU_FPU] 
         00000013 0600 
     864 00000014 FE04          ADDB      SP,#4                 ; [CPU_ARAU] 
     865                      .dwcfi  cfa_offset, -30
     866 00000015 FF69          SPM       0                     ; [CPU_ALU] 
     867 00000016 2942          CLRC      PAGE0,OVM             ; [CPU_ALU] 
     868 00000017 5616          CLRC      AMODE                 ; [CPU_ALU] 
     869              $C$DW$61        .dwtag  DW_TAG_variable
     870                      .dwattr $C$DW$61, DW_AT_name("vector")
     871                      .dwattr $C$DW$61, DW_AT_TI_symbol_name("_vector")
     872                      .dwattr $C$DW$61, DW_AT_type(*$C$DW$T$36)
     873                      .dwattr $C$DW$61, DW_AT_location[DW_OP_breg20 -2]
     874              
     875              $C$DW$62        .dwtag  DW_TAG_variable
     876                      .dwattr $C$DW$62, DW_AT_name("cpu_sr")
     877                      .dwattr $C$DW$62, DW_AT_TI_symbol_name("_cpu_sr")
     878                      .dwattr $C$DW$62, DW_AT_type(*$C$DW$T$23)
     879                      .dwattr $C$DW$62, DW_AT_location[DW_OP_breg20 -3]
     880              
     881                      .dwpsn  file "C:/ti/Workspace/PLC_certificate/ImitatePLC/Examples/TI/TMDSDOCK28335/BSP/bsp_int.c",lin
     882 00000018 2B43          MOV       *-SP[3],#0            ; [CPU_ALU] |422| 
     883                      .dwpsn  file "C:/ti/Workspace/PLC_certificate/ImitatePLC/Examples/TI/TMDSDOCK28335/BSP/bsp_int.c",lin
     884              $C$DW$63        .dwtag  DW_TAG_TI_branch
     885                      .dwattr $C$DW$63, DW_AT_low_pc(0x00)
     886                      .dwattr $C$DW$63, DW_AT_name("_CPU_SR_Save")
     887                      .dwattr $C$DW$63, DW_AT_TI_call
     888              
     889 00000019 7640!         LCR       #_CPU_SR_Save         ; [CPU_ALU] |425| 
         0000001a 0000 
     890                      ; call occurs [#_CPU_SR_Save] ; [] |425| 
     891 0000001b 9643          MOV       *-SP[3],AL            ; [CPU_ALU] |425| 
     892                      .dwpsn  file "C:/ti/Workspace/PLC_certificate/ImitatePLC/Examples/TI/TMDSDOCK28335/BSP/bsp_int.c",lin
     893              $C$DW$64        .dwtag  DW_TAG_TI_branch
     894                      .dwattr $C$DW$64, DW_AT_low_pc(0x00)
     895                      .dwattr $C$DW$64, DW_AT_name("_OSIntEnter")
     896                      .dwattr $C$DW$64, DW_AT_TI_call
     897              
     898 0000001c 7640!         LCR       #_OSIntEnter          ; [CPU_ALU] |426| 
         0000001d 0000 
     899                      ; call occurs [#_OSIntEnter] ; [] |426| 
     900                      .dwpsn  file "C:/ti/Workspace/PLC_certificate/ImitatePLC/Examples/TI/TMDSDOCK28335/BSP/bsp_int.c",lin
     901 0000001e 9243          MOV       AL,*-SP[3]            ; [CPU_ALU] |427| 
TMS320C2000 Assembler PC v20.2.1 Mon Jan  4 16:08:34 2021

Copyright (c) 1996-2018 Texas Instruments Incorporated
bsp_int.asm                                                          PAGE   18

     902              $C$DW$65        .dwtag  DW_TAG_TI_branch
     903                      .dwattr $C$DW$65, DW_AT_low_pc(0x00)
     904                      .dwattr $C$DW$65, DW_AT_name("_CPU_SR_Restore")
     905                      .dwattr $C$DW$65, DW_AT_TI_call
     906              
     907 0000001f 7640!         LCR       #_CPU_SR_Restore      ; [CPU_ALU] |427| 
         00000020 0000 
     908                      ; call occurs [#_CPU_SR_Restore] ; [] |427| 
     909                      .dwpsn  file "C:/ti/Workspace/PLC_certificate/ImitatePLC/Examples/TI/TMDSDOCK28335/BSP/bsp_int.c",lin
     910 00000021 F5A9          MOV       AL,*(0:0x0ce0)        ; [CPU_ALU] |430| 
         00000022 0CE0 
     911 00000023 18A9          AND       AL,#0xfffe            ; [CPU_ALU] |430| 
         00000024 FFFE 
     912 00000025 0EA9          MOVU      ACC,AL                ; [CPU_ALU] |430| 
     913 00000026 1E42          MOVL      *-SP[2],ACC           ; [CPU_ALU] |430| 
     914                      .dwpsn  file "C:/ti/Workspace/PLC_certificate/ImitatePLC/Examples/TI/TMDSDOCK28335/BSP/bsp_int.c",lin
     915 00000027 8F00-         MOVL      XAR4,#___BSP_VectorTable ; [CPU_ARAU] |431| 
         00000028 0000 
     916 00000029 A8A9          MOVL      ACC,XAR4              ; [CPU_ALU] |431| 
     917 0000002a 5641          SUBL      *-SP[2],ACC           ; [CPU_ALU] |431| 
         0000002b 0042 
     918                      .dwpsn  file "C:/ti/Workspace/PLC_certificate/ImitatePLC/Examples/TI/TMDSDOCK28335/BSP/bsp_int.c",lin
     919 0000002c 2901          CLRC      SXM                   ; [CPU_ALU] 
     920 0000002d 0642          MOVL      ACC,*-SP[2]           ; [CPU_ALU] |432| 
     921 0000002e FF40          SFR       ACC,1                 ; [CPU_ALU] |432| 
     922 0000002f 1E42          MOVL      *-SP[2],ACC           ; [CPU_ALU] |432| 
     923                      .dwpsn  file "C:/ti/Workspace/PLC_certificate/ImitatePLC/Examples/TI/TMDSDOCK28335/BSP/bsp_int.c",lin
     924 00000030 9242          MOV       AL,*-SP[2]            ; [CPU_ALU] |433| 
     925              $C$DW$66        .dwtag  DW_TAG_TI_branch
     926                      .dwattr $C$DW$66, DW_AT_low_pc(0x00)
     927                      .dwattr $C$DW$66, DW_AT_name("_BSP_IntAck")
     928                      .dwattr $C$DW$66, DW_AT_TI_call
     929              
     930 00000031 7640'         LCR       #_BSP_IntAck          ; [CPU_ALU] |433| 
         00000032 0000 
     931                      ; call occurs [#_BSP_IntAck] ; [] |433| 
     932                      .dwpsn  file "C:/ti/Workspace/PLC_certificate/ImitatePLC/Examples/TI/TMDSDOCK28335/BSP/bsp_int.c",lin
     933              $C$DW$67        .dwtag  DW_TAG_TI_branch
     934                      .dwattr $C$DW$67, DW_AT_low_pc(0x00)
     935                      .dwattr $C$DW$67, DW_AT_name("_OSIntExit")
     936                      .dwattr $C$DW$67, DW_AT_TI_call
     937              
     938 00000033 7640!         LCR       #_OSIntExit           ; [CPU_ALU] |435| 
         00000034 0000 
     939                      ; call occurs [#_OSIntExit] ; [] |435| 
     940                      .dwpsn  file "C:/ti/Workspace/PLC_certificate/ImitatePLC/Examples/TI/TMDSDOCK28335/BSP/bsp_int.c",lin
     941 00000035 FE84          SUBB      SP,#4                 ; [CPU_ARAU] 
     942                      .dwcfi  cfa_offset, -26
     943 00000036 E2AF          MOV32     R3H,*--SP             ; [CPU_FPU] 
         00000037 03BE 
     944                      .dwcfi  cfa_offset, -24
     945                      .dwcfi  restore_reg, 55
     946 00000038 E2AF          MOV32     R2H,*--SP             ; [CPU_FPU] 
         00000039 02BE 
     947                      .dwcfi  cfa_offset, -22
TMS320C2000 Assembler PC v20.2.1 Mon Jan  4 16:08:34 2021

Copyright (c) 1996-2018 Texas Instruments Incorporated
bsp_int.asm                                                          PAGE   19

     948                      .dwcfi  restore_reg, 51
     949 0000003a E2AF          MOV32     R1H,*--SP             ; [CPU_FPU] 
         0000003b 01BE 
     950                      .dwcfi  cfa_offset, -20
     951                      .dwcfi  restore_reg, 47
     952 0000003c E2AF          MOV32     R0H,*--SP             ; [CPU_FPU] 
         0000003d 00BE 
     953                      .dwcfi  cfa_offset, -18
     954                      .dwcfi  restore_reg, 43
     955 0000003e E280          MOV32     STF,*--SP             ; [CPU_FPU] 
         0000003f 00BE 
     956                      .dwcfi  cfa_offset, -16
     957                      .dwcfi  restore_reg, 40
     958 00000040 C5BE          MOVL      XAR7,*--SP            ; [CPU_ALU] 
     959                      .dwcfi  cfa_offset, -14
     960                      .dwcfi  restore_reg, 18
     961 00000041 C4BE          MOVL      XAR6,*--SP            ; [CPU_ALU] 
     962                      .dwcfi  cfa_offset, -12
     963                      .dwcfi  restore_reg, 16
     964 00000042 83BE          MOVL      XAR5,*--SP            ; [CPU_ALU] 
     965                      .dwcfi  cfa_offset, -10
     966                      .dwcfi  restore_reg, 14
     967 00000043 8ABE          MOVL      XAR4,*--SP            ; [CPU_ALU] 
     968                      .dwcfi  cfa_offset, -8
     969                      .dwcfi  restore_reg, 12
     970 00000044 87BE          MOVL      XT,*--SP              ; [CPU_ALU] 
     971                      .dwcfi  cfa_offset, -6
     972                      .dwcfi  restore_reg, 22
     973                      .dwcfi  restore_reg, 21
     974 00000045 0003          POP       AR1H:AR0H             ; [CPU_ALU] 
     975                      .dwcfi  cfa_offset, -4
     976                      .dwcfi  restore_reg, 5
     977                      .dwcfi  restore_reg, 7
     978 00000046 3B30          SETC      INTM, DBGM            ; [CPU_ALU] 
     979 00000047 FFF1          POP       RB                    ; [CPU_FPU] 
     980                      .dwcfi  cfa_offset, -2
     981                      .dwcfi  restore_reg, 74
     982 00000048 7617          NASP      ; [CPU_ALU] 
     983              $C$DW$68        .dwtag  DW_TAG_TI_branch
     984                      .dwattr $C$DW$68, DW_AT_low_pc(0x00)
     985                      .dwattr $C$DW$68, DW_AT_TI_return
     986              
     987 00000049 7602          IRET      ; [CPU_ALU] 
     988                      ; return occurs ; [] 
     989                      .dwattr $C$DW$60, DW_AT_TI_end_file("C:/ti/Workspace/PLC_certificate/ImitatePLC/Examples/TI/TMDSDOCK2
     990                      .dwattr $C$DW$60, DW_AT_TI_end_line(0x1b4)
     991                      .dwattr $C$DW$60, DW_AT_TI_end_column(0x01)
     992                      .dwendentry
     993                      .dwendtag $C$DW$60
     994              
     995              ;**************************************************************
     996              ;* UNDEFINED EXTERNAL REFERENCES                              *
     997              ;**************************************************************
     998                      .global _CPU_IntSrcEn
     999                      .global _CPU_SR_Restore
TMS320C2000 Assembler PC v20.2.1 Mon Jan  4 16:08:34 2021

Copyright (c) 1996-2018 Texas Instruments Incorporated
bsp_int.asm                                                          PAGE   20

    1000                      .global _CPU_IntSrcDis
    1001                      .global _OSIntEnter
    1002                      .global _OSIntExit
    1003                      .global _CPU_SR_Save
    1004              
    1005              ;***************************************************************
    1006              ;* TYPE INFORMATION                                            *
    1007              ;***************************************************************
    1008              $C$DW$T$2       .dwtag  DW_TAG_unspecified_type
    1009                      .dwattr $C$DW$T$2, DW_AT_name("void")
    1010              
    1011              
    1012              $C$DW$T$26      .dwtag  DW_TAG_subroutine_type
    1013                      .dwattr $C$DW$T$26, DW_AT_language(DW_LANG_C)
    1014                      .dwendtag $C$DW$T$26
    1015              
    1016              $C$DW$T$27      .dwtag  DW_TAG_pointer_type
    1017                      .dwattr $C$DW$T$27, DW_AT_type(*$C$DW$T$26)
    1018                      .dwattr $C$DW$T$27, DW_AT_address_class(0x20)
    1019              
    1020              $C$DW$T$28      .dwtag  DW_TAG_typedef
    1021                      .dwattr $C$DW$T$28, DW_AT_name("CPU_FNCT_VOID")
    1022                      .dwattr $C$DW$T$28, DW_AT_type(*$C$DW$T$27)
    1023                      .dwattr $C$DW$T$28, DW_AT_language(DW_LANG_C)
    1024              
    1025              
    1026              $C$DW$T$29      .dwtag  DW_TAG_array_type
    1027                      .dwattr $C$DW$T$29, DW_AT_type(*$C$DW$T$28)
    1028                      .dwattr $C$DW$T$29, DW_AT_language(DW_LANG_C)
    1029                      .dwattr $C$DW$T$29, DW_AT_byte_size(0x100)
    1030              $C$DW$69        .dwtag  DW_TAG_subrange_type
    1031                      .dwattr $C$DW$69, DW_AT_upper_bound(0x7f)
    1032              
    1033                      .dwendtag $C$DW$T$29
    1034              
    1035              $C$DW$T$4       .dwtag  DW_TAG_base_type
    1036                      .dwattr $C$DW$T$4, DW_AT_encoding(DW_ATE_boolean)
    1037                      .dwattr $C$DW$T$4, DW_AT_name("bool")
    1038                      .dwattr $C$DW$T$4, DW_AT_byte_size(0x01)
    1039              
    1040              $C$DW$T$5       .dwtag  DW_TAG_base_type
    1041                      .dwattr $C$DW$T$5, DW_AT_encoding(DW_ATE_signed_char)
    1042                      .dwattr $C$DW$T$5, DW_AT_name("signed char")
    1043                      .dwattr $C$DW$T$5, DW_AT_byte_size(0x01)
    1044              
    1045              $C$DW$T$6       .dwtag  DW_TAG_base_type
    1046                      .dwattr $C$DW$T$6, DW_AT_encoding(DW_ATE_unsigned_char)
    1047                      .dwattr $C$DW$T$6, DW_AT_name("unsigned char")
    1048                      .dwattr $C$DW$T$6, DW_AT_byte_size(0x01)
    1049              
    1050              $C$DW$T$7       .dwtag  DW_TAG_base_type
    1051                      .dwattr $C$DW$T$7, DW_AT_encoding(DW_ATE_signed_char)
    1052                      .dwattr $C$DW$T$7, DW_AT_name("wchar_t")
    1053                      .dwattr $C$DW$T$7, DW_AT_byte_size(0x01)
    1054              
TMS320C2000 Assembler PC v20.2.1 Mon Jan  4 16:08:34 2021

Copyright (c) 1996-2018 Texas Instruments Incorporated
bsp_int.asm                                                          PAGE   21

    1055              $C$DW$T$8       .dwtag  DW_TAG_base_type
    1056                      .dwattr $C$DW$T$8, DW_AT_encoding(DW_ATE_signed)
    1057                      .dwattr $C$DW$T$8, DW_AT_name("short")
    1058                      .dwattr $C$DW$T$8, DW_AT_byte_size(0x01)
    1059              
    1060              $C$DW$T$9       .dwtag  DW_TAG_base_type
    1061                      .dwattr $C$DW$T$9, DW_AT_encoding(DW_ATE_unsigned)
    1062                      .dwattr $C$DW$T$9, DW_AT_name("unsigned short")
    1063                      .dwattr $C$DW$T$9, DW_AT_byte_size(0x01)
    1064              
    1065              $C$DW$T$19      .dwtag  DW_TAG_typedef
    1066                      .dwattr $C$DW$T$19, DW_AT_name("CPU_INT16U")
    1067                      .dwattr $C$DW$T$19, DW_AT_type(*$C$DW$T$9)
    1068                      .dwattr $C$DW$T$19, DW_AT_language(DW_LANG_C)
    1069              
    1070              $C$DW$T$20      .dwtag  DW_TAG_typedef
    1071                      .dwattr $C$DW$T$20, DW_AT_name("CPU_DATA")
    1072                      .dwattr $C$DW$T$20, DW_AT_type(*$C$DW$T$19)
    1073                      .dwattr $C$DW$T$20, DW_AT_language(DW_LANG_C)
    1074              
    1075              $C$DW$T$23      .dwtag  DW_TAG_typedef
    1076                      .dwattr $C$DW$T$23, DW_AT_name("CPU_SR")
    1077                      .dwattr $C$DW$T$23, DW_AT_type(*$C$DW$T$19)
    1078                      .dwattr $C$DW$T$23, DW_AT_language(DW_LANG_C)
    1079              
    1080              $C$DW$T$10      .dwtag  DW_TAG_base_type
    1081                      .dwattr $C$DW$T$10, DW_AT_encoding(DW_ATE_signed)
    1082                      .dwattr $C$DW$T$10, DW_AT_name("int")
    1083                      .dwattr $C$DW$T$10, DW_AT_byte_size(0x01)
    1084              
    1085              $C$DW$T$11      .dwtag  DW_TAG_base_type
    1086                      .dwattr $C$DW$T$11, DW_AT_encoding(DW_ATE_unsigned)
    1087                      .dwattr $C$DW$T$11, DW_AT_name("unsigned int")
    1088                      .dwattr $C$DW$T$11, DW_AT_byte_size(0x01)
    1089              
    1090              $C$DW$T$12      .dwtag  DW_TAG_base_type
    1091                      .dwattr $C$DW$T$12, DW_AT_encoding(DW_ATE_signed)
    1092                      .dwattr $C$DW$T$12, DW_AT_name("long")
    1093                      .dwattr $C$DW$T$12, DW_AT_byte_size(0x02)
    1094              
    1095              $C$DW$T$13      .dwtag  DW_TAG_base_type
    1096                      .dwattr $C$DW$T$13, DW_AT_encoding(DW_ATE_unsigned)
    1097                      .dwattr $C$DW$T$13, DW_AT_name("unsigned long")
    1098                      .dwattr $C$DW$T$13, DW_AT_byte_size(0x02)
    1099              
    1100              $C$DW$T$36      .dwtag  DW_TAG_typedef
    1101                      .dwattr $C$DW$T$36, DW_AT_name("CPU_INT32U")
    1102                      .dwattr $C$DW$T$36, DW_AT_type(*$C$DW$T$13)
    1103                      .dwattr $C$DW$T$36, DW_AT_language(DW_LANG_C)
    1104              
    1105              $C$DW$T$14      .dwtag  DW_TAG_base_type
    1106                      .dwattr $C$DW$T$14, DW_AT_encoding(DW_ATE_signed)
    1107                      .dwattr $C$DW$T$14, DW_AT_name("long long")
    1108                      .dwattr $C$DW$T$14, DW_AT_byte_size(0x04)
    1109              
TMS320C2000 Assembler PC v20.2.1 Mon Jan  4 16:08:34 2021

Copyright (c) 1996-2018 Texas Instruments Incorporated
bsp_int.asm                                                          PAGE   22

    1110              $C$DW$T$15      .dwtag  DW_TAG_base_type
    1111                      .dwattr $C$DW$T$15, DW_AT_encoding(DW_ATE_unsigned)
    1112                      .dwattr $C$DW$T$15, DW_AT_name("unsigned long long")
    1113                      .dwattr $C$DW$T$15, DW_AT_byte_size(0x04)
    1114              
    1115              $C$DW$T$16      .dwtag  DW_TAG_base_type
    1116                      .dwattr $C$DW$T$16, DW_AT_encoding(DW_ATE_float)
    1117                      .dwattr $C$DW$T$16, DW_AT_name("float")
    1118                      .dwattr $C$DW$T$16, DW_AT_byte_size(0x02)
    1119              
    1120              $C$DW$T$17      .dwtag  DW_TAG_base_type
    1121                      .dwattr $C$DW$T$17, DW_AT_encoding(DW_ATE_float)
    1122                      .dwattr $C$DW$T$17, DW_AT_name("double")
    1123                      .dwattr $C$DW$T$17, DW_AT_byte_size(0x02)
    1124              
    1125              $C$DW$T$18      .dwtag  DW_TAG_base_type
    1126                      .dwattr $C$DW$T$18, DW_AT_encoding(DW_ATE_float)
    1127                      .dwattr $C$DW$T$18, DW_AT_name("long double")
    1128                      .dwattr $C$DW$T$18, DW_AT_byte_size(0x04)
    1129              
    1130                      .dwattr $C$DW$CU, DW_AT_language(DW_LANG_C)
    1131              
    1132              ;***************************************************************
    1133              ;* DWARF CIE ENTRIES                                           *
    1134              ;***************************************************************
    1135              
    1136              $C$DW$CIE       .dwcie 26
    1137                      .dwcfi  cfa_register, 20
    1138                      .dwcfi  cfa_offset, 0
    1139                      .dwcfi  same_value, 28
    1140                      .dwcfi  same_value, 6
    1141                      .dwcfi  same_value, 7
    1142                      .dwcfi  same_value, 8
    1143                      .dwcfi  same_value, 9
    1144                      .dwcfi  same_value, 10
    1145                      .dwcfi  same_value, 11
    1146                      .dwcfi  same_value, 59
    1147                      .dwcfi  same_value, 63
    1148                      .dwcfi  same_value, 67
    1149                      .dwcfi  same_value, 71
    1150                      .dwendentry
    1151              
    1152              ;***************************************************************
    1153              ;* DWARF REGISTER MAP                                          *
    1154              ;***************************************************************
    1155              
    1156              $C$DW$70        .dwtag  DW_TAG_TI_assign_register
    1157                      .dwattr $C$DW$70, DW_AT_name("AL")
    1158                      .dwattr $C$DW$70, DW_AT_location[DW_OP_reg0]
    1159              
    1160              $C$DW$71        .dwtag  DW_TAG_TI_assign_register
    1161                      .dwattr $C$DW$71, DW_AT_name("AH")
    1162                      .dwattr $C$DW$71, DW_AT_location[DW_OP_reg1]
    1163              
    1164              $C$DW$72        .dwtag  DW_TAG_TI_assign_register
TMS320C2000 Assembler PC v20.2.1 Mon Jan  4 16:08:34 2021

Copyright (c) 1996-2018 Texas Instruments Incorporated
bsp_int.asm                                                          PAGE   23

    1165                      .dwattr $C$DW$72, DW_AT_name("PL")
    1166                      .dwattr $C$DW$72, DW_AT_location[DW_OP_reg2]
    1167              
    1168              $C$DW$73        .dwtag  DW_TAG_TI_assign_register
    1169                      .dwattr $C$DW$73, DW_AT_name("PH")
    1170                      .dwattr $C$DW$73, DW_AT_location[DW_OP_reg3]
    1171              
    1172              $C$DW$74        .dwtag  DW_TAG_TI_assign_register
    1173                      .dwattr $C$DW$74, DW_AT_name("SP")
    1174                      .dwattr $C$DW$74, DW_AT_location[DW_OP_reg20]
    1175              
    1176              $C$DW$75        .dwtag  DW_TAG_TI_assign_register
    1177                      .dwattr $C$DW$75, DW_AT_name("XT")
    1178                      .dwattr $C$DW$75, DW_AT_location[DW_OP_reg21]
    1179              
    1180              $C$DW$76        .dwtag  DW_TAG_TI_assign_register
    1181                      .dwattr $C$DW$76, DW_AT_name("T")
    1182                      .dwattr $C$DW$76, DW_AT_location[DW_OP_reg22]
    1183              
    1184              $C$DW$77        .dwtag  DW_TAG_TI_assign_register
    1185                      .dwattr $C$DW$77, DW_AT_name("ST0")
    1186                      .dwattr $C$DW$77, DW_AT_location[DW_OP_reg23]
    1187              
    1188              $C$DW$78        .dwtag  DW_TAG_TI_assign_register
    1189                      .dwattr $C$DW$78, DW_AT_name("ST1")
    1190                      .dwattr $C$DW$78, DW_AT_location[DW_OP_reg24]
    1191              
    1192              $C$DW$79        .dwtag  DW_TAG_TI_assign_register
    1193                      .dwattr $C$DW$79, DW_AT_name("PC")
    1194                      .dwattr $C$DW$79, DW_AT_location[DW_OP_reg25]
    1195              
    1196              $C$DW$80        .dwtag  DW_TAG_TI_assign_register
    1197                      .dwattr $C$DW$80, DW_AT_name("RPC")
    1198                      .dwattr $C$DW$80, DW_AT_location[DW_OP_reg26]
    1199              
    1200              $C$DW$81        .dwtag  DW_TAG_TI_assign_register
    1201                      .dwattr $C$DW$81, DW_AT_name("FP")
    1202                      .dwattr $C$DW$81, DW_AT_location[DW_OP_reg28]
    1203              
    1204              $C$DW$82        .dwtag  DW_TAG_TI_assign_register
    1205                      .dwattr $C$DW$82, DW_AT_name("DP")
    1206                      .dwattr $C$DW$82, DW_AT_location[DW_OP_reg29]
    1207              
    1208              $C$DW$83        .dwtag  DW_TAG_TI_assign_register
    1209                      .dwattr $C$DW$83, DW_AT_name("SXM")
    1210                      .dwattr $C$DW$83, DW_AT_location[DW_OP_reg30]
    1211              
    1212              $C$DW$84        .dwtag  DW_TAG_TI_assign_register
    1213                      .dwattr $C$DW$84, DW_AT_name("PM")
    1214                      .dwattr $C$DW$84, DW_AT_location[DW_OP_reg31]
    1215              
    1216              $C$DW$85        .dwtag  DW_TAG_TI_assign_register
    1217                      .dwattr $C$DW$85, DW_AT_name("OVM")
    1218                      .dwattr $C$DW$85, DW_AT_location[DW_OP_regx 0x20]
    1219              
TMS320C2000 Assembler PC v20.2.1 Mon Jan  4 16:08:34 2021

Copyright (c) 1996-2018 Texas Instruments Incorporated
bsp_int.asm                                                          PAGE   24

    1220              $C$DW$86        .dwtag  DW_TAG_TI_assign_register
    1221                      .dwattr $C$DW$86, DW_AT_name("PAGE0")
    1222                      .dwattr $C$DW$86, DW_AT_location[DW_OP_regx 0x21]
    1223              
    1224              $C$DW$87        .dwtag  DW_TAG_TI_assign_register
    1225                      .dwattr $C$DW$87, DW_AT_name("AMODE")
    1226                      .dwattr $C$DW$87, DW_AT_location[DW_OP_regx 0x22]
    1227              
    1228              $C$DW$88        .dwtag  DW_TAG_TI_assign_register
    1229                      .dwattr $C$DW$88, DW_AT_name("EALLOW")
    1230                      .dwattr $C$DW$88, DW_AT_location[DW_OP_regx 0x4e]
    1231              
    1232              $C$DW$89        .dwtag  DW_TAG_TI_assign_register
    1233                      .dwattr $C$DW$89, DW_AT_name("INTM")
    1234                      .dwattr $C$DW$89, DW_AT_location[DW_OP_regx 0x23]
    1235              
    1236              $C$DW$90        .dwtag  DW_TAG_TI_assign_register
    1237                      .dwattr $C$DW$90, DW_AT_name("IFR")
    1238                      .dwattr $C$DW$90, DW_AT_location[DW_OP_regx 0x24]
    1239              
    1240              $C$DW$91        .dwtag  DW_TAG_TI_assign_register
    1241                      .dwattr $C$DW$91, DW_AT_name("IER")
    1242                      .dwattr $C$DW$91, DW_AT_location[DW_OP_regx 0x25]
    1243              
    1244              $C$DW$92        .dwtag  DW_TAG_TI_assign_register
    1245                      .dwattr $C$DW$92, DW_AT_name("V")
    1246                      .dwattr $C$DW$92, DW_AT_location[DW_OP_regx 0x26]
    1247              
    1248              $C$DW$93        .dwtag  DW_TAG_TI_assign_register
    1249                      .dwattr $C$DW$93, DW_AT_name("PSEUDOH")
    1250                      .dwattr $C$DW$93, DW_AT_location[DW_OP_regx 0x4c]
    1251              
    1252              $C$DW$94        .dwtag  DW_TAG_TI_assign_register
    1253                      .dwattr $C$DW$94, DW_AT_name("VOL")
    1254                      .dwattr $C$DW$94, DW_AT_location[DW_OP_regx 0x4d]
    1255              
    1256              $C$DW$95        .dwtag  DW_TAG_TI_assign_register
    1257                      .dwattr $C$DW$95, DW_AT_name("AR0")
    1258                      .dwattr $C$DW$95, DW_AT_location[DW_OP_reg4]
    1259              
    1260              $C$DW$96        .dwtag  DW_TAG_TI_assign_register
    1261                      .dwattr $C$DW$96, DW_AT_name("XAR0")
    1262                      .dwattr $C$DW$96, DW_AT_location[DW_OP_reg5]
    1263              
    1264              $C$DW$97        .dwtag  DW_TAG_TI_assign_register
    1265                      .dwattr $C$DW$97, DW_AT_name("AR1")
    1266                      .dwattr $C$DW$97, DW_AT_location[DW_OP_reg6]
    1267              
    1268              $C$DW$98        .dwtag  DW_TAG_TI_assign_register
    1269                      .dwattr $C$DW$98, DW_AT_name("XAR1")
    1270                      .dwattr $C$DW$98, DW_AT_location[DW_OP_reg7]
    1271              
    1272              $C$DW$99        .dwtag  DW_TAG_TI_assign_register
    1273                      .dwattr $C$DW$99, DW_AT_name("AR2")
    1274                      .dwattr $C$DW$99, DW_AT_location[DW_OP_reg8]
TMS320C2000 Assembler PC v20.2.1 Mon Jan  4 16:08:34 2021

Copyright (c) 1996-2018 Texas Instruments Incorporated
bsp_int.asm                                                          PAGE   25

    1275              
    1276              $C$DW$100       .dwtag  DW_TAG_TI_assign_register
    1277                      .dwattr $C$DW$100, DW_AT_name("XAR2")
    1278                      .dwattr $C$DW$100, DW_AT_location[DW_OP_reg9]
    1279              
    1280              $C$DW$101       .dwtag  DW_TAG_TI_assign_register
    1281                      .dwattr $C$DW$101, DW_AT_name("AR3")
    1282                      .dwattr $C$DW$101, DW_AT_location[DW_OP_reg10]
    1283              
    1284              $C$DW$102       .dwtag  DW_TAG_TI_assign_register
    1285                      .dwattr $C$DW$102, DW_AT_name("XAR3")
    1286                      .dwattr $C$DW$102, DW_AT_location[DW_OP_reg11]
    1287              
    1288              $C$DW$103       .dwtag  DW_TAG_TI_assign_register
    1289                      .dwattr $C$DW$103, DW_AT_name("AR4")
    1290                      .dwattr $C$DW$103, DW_AT_location[DW_OP_reg12]
    1291              
    1292              $C$DW$104       .dwtag  DW_TAG_TI_assign_register
    1293                      .dwattr $C$DW$104, DW_AT_name("XAR4")
    1294                      .dwattr $C$DW$104, DW_AT_location[DW_OP_reg13]
    1295              
    1296              $C$DW$105       .dwtag  DW_TAG_TI_assign_register
    1297                      .dwattr $C$DW$105, DW_AT_name("AR5")
    1298                      .dwattr $C$DW$105, DW_AT_location[DW_OP_reg14]
    1299              
    1300              $C$DW$106       .dwtag  DW_TAG_TI_assign_register
    1301                      .dwattr $C$DW$106, DW_AT_name("XAR5")
    1302                      .dwattr $C$DW$106, DW_AT_location[DW_OP_reg15]
    1303              
    1304              $C$DW$107       .dwtag  DW_TAG_TI_assign_register
    1305                      .dwattr $C$DW$107, DW_AT_name("AR6")
    1306                      .dwattr $C$DW$107, DW_AT_location[DW_OP_reg16]
    1307              
    1308              $C$DW$108       .dwtag  DW_TAG_TI_assign_register
    1309                      .dwattr $C$DW$108, DW_AT_name("XAR6")
    1310                      .dwattr $C$DW$108, DW_AT_location[DW_OP_reg17]
    1311              
    1312              $C$DW$109       .dwtag  DW_TAG_TI_assign_register
    1313                      .dwattr $C$DW$109, DW_AT_name("AR7")
    1314                      .dwattr $C$DW$109, DW_AT_location[DW_OP_reg18]
    1315              
    1316              $C$DW$110       .dwtag  DW_TAG_TI_assign_register
    1317                      .dwattr $C$DW$110, DW_AT_name("XAR7")
    1318                      .dwattr $C$DW$110, DW_AT_location[DW_OP_reg19]
    1319              
    1320              $C$DW$111       .dwtag  DW_TAG_TI_assign_register
    1321                      .dwattr $C$DW$111, DW_AT_name("R0H")
    1322                      .dwattr $C$DW$111, DW_AT_location[DW_OP_regx 0x2b]
    1323              
    1324              $C$DW$112       .dwtag  DW_TAG_TI_assign_register
    1325                      .dwattr $C$DW$112, DW_AT_name("R1H")
    1326                      .dwattr $C$DW$112, DW_AT_location[DW_OP_regx 0x2f]
    1327              
    1328              $C$DW$113       .dwtag  DW_TAG_TI_assign_register
    1329                      .dwattr $C$DW$113, DW_AT_name("R2H")
TMS320C2000 Assembler PC v20.2.1 Mon Jan  4 16:08:34 2021

Copyright (c) 1996-2018 Texas Instruments Incorporated
bsp_int.asm                                                          PAGE   26

    1330                      .dwattr $C$DW$113, DW_AT_location[DW_OP_regx 0x33]
    1331              
    1332              $C$DW$114       .dwtag  DW_TAG_TI_assign_register
    1333                      .dwattr $C$DW$114, DW_AT_name("R3H")
    1334                      .dwattr $C$DW$114, DW_AT_location[DW_OP_regx 0x37]
    1335              
    1336              $C$DW$115       .dwtag  DW_TAG_TI_assign_register
    1337                      .dwattr $C$DW$115, DW_AT_name("R4H")
    1338                      .dwattr $C$DW$115, DW_AT_location[DW_OP_regx 0x3b]
    1339              
    1340              $C$DW$116       .dwtag  DW_TAG_TI_assign_register
    1341                      .dwattr $C$DW$116, DW_AT_name("R5H")
    1342                      .dwattr $C$DW$116, DW_AT_location[DW_OP_regx 0x3f]
    1343              
    1344              $C$DW$117       .dwtag  DW_TAG_TI_assign_register
    1345                      .dwattr $C$DW$117, DW_AT_name("R6H")
    1346                      .dwattr $C$DW$117, DW_AT_location[DW_OP_regx 0x43]
    1347              
    1348              $C$DW$118       .dwtag  DW_TAG_TI_assign_register
    1349                      .dwattr $C$DW$118, DW_AT_name("R7H")
    1350                      .dwattr $C$DW$118, DW_AT_location[DW_OP_regx 0x47]
    1351              
    1352              $C$DW$119       .dwtag  DW_TAG_TI_assign_register
    1353                      .dwattr $C$DW$119, DW_AT_name("RB")
    1354                      .dwattr $C$DW$119, DW_AT_location[DW_OP_regx 0x4a]
    1355              
    1356              $C$DW$120       .dwtag  DW_TAG_TI_assign_register
    1357                      .dwattr $C$DW$120, DW_AT_name("STF")
    1358                      .dwattr $C$DW$120, DW_AT_location[DW_OP_regx 0x28]
    1359              
    1360              $C$DW$121       .dwtag  DW_TAG_TI_assign_register
    1361                      .dwattr $C$DW$121, DW_AT_name("FPUHAZ")
    1362                      .dwattr $C$DW$121, DW_AT_location[DW_OP_reg27]
    1363              
    1364              $C$DW$122       .dwtag  DW_TAG_TI_assign_register
    1365                      .dwattr $C$DW$122, DW_AT_name("STF_HWDIV")
    1366                      .dwattr $C$DW$122, DW_AT_location[DW_OP_regx 0x4f]
    1367              
    1368                      .dwendtag $C$DW$CU
    1369              

No Assembly Errors, No Assembly Warnings
