TMS320C2000 Assembler PC v20.2.1 Wed Jan  6 17:53:21 2021

Copyright (c) 1996-2018 Texas Instruments Incorporated
bsp_led.asm                                                          PAGE    1

       1              ;***************************************************************
       2              ;* TMS320C2000 G3 C/C++ Codegen                               PC v20.2.1.LTS *
       3              ;* Date/Time created: Wed Jan  6 17:53:21 2021                 *
       4              ;***************************************************************
       5                      .compiler_opts --abi=coffabi --diag_wrap=off --float_support=fpu32 --hll_source=on --mem_model:code=f
       6                      .asg    XAR2, FP
       7              
       8              $C$DW$CU        .dwtag  DW_TAG_compile_unit
       9                      .dwattr $C$DW$CU, DW_AT_name("C:/ti/Workspace/PLC_certificate_backup/Examples/TI/TMDSDOCK28335/BSP/bs
      10                      .dwattr $C$DW$CU, DW_AT_producer("TI TMS320C2000 G3 C/C++ Codegen PC v20.2.1.LTS Copyright (c) 1996-2
      11                      .dwattr $C$DW$CU, DW_AT_TI_version(0x01)
      12                      .dwattr $C$DW$CU, DW_AT_comp_dir("C:\ti\Workspace\PLC_certificate_backup\Examples\TI\TMDSDOCK28335\OS
      13              ;       C:\ti\ccs1011\ccs\tools\compiler\ti-cgt-c2000_20.2.1.LTS\bin\ac2000.exe -@C:\\Users\\LEEKEO~1\\AppDat
      14 00000000               .sect   ".text"
      15                      .clink
      16                      .global _BSP_LED_On
      17              
      18              $C$DW$1 .dwtag  DW_TAG_subprogram
      19                      .dwattr $C$DW$1, DW_AT_name("BSP_LED_On")
      20                      .dwattr $C$DW$1, DW_AT_low_pc(_BSP_LED_On)
      21                      .dwattr $C$DW$1, DW_AT_high_pc(0x00)
      22                      .dwattr $C$DW$1, DW_AT_TI_symbol_name("_BSP_LED_On")
      23                      .dwattr $C$DW$1, DW_AT_external
      24                      .dwattr $C$DW$1, DW_AT_TI_begin_file("C:/ti/Workspace/PLC_certificate_backup/Examples/TI/TMDSDOCK2833
      25                      .dwattr $C$DW$1, DW_AT_TI_begin_line(0x6b)
      26                      .dwattr $C$DW$1, DW_AT_TI_begin_column(0x07)
      27                      .dwattr $C$DW$1, DW_AT_TI_max_frame_size(-4)
      28                      .dwpsn  file "C:/ti/Workspace/PLC_certificate_backup/Examples/TI/TMDSDOCK28335/BSP/bsp_led.c",line 10
      29              
      30                      .dwfde $C$DW$CIE, _BSP_LED_On
      31              $C$DW$2 .dwtag  DW_TAG_formal_parameter
      32                      .dwattr $C$DW$2, DW_AT_name("led")
      33                      .dwattr $C$DW$2, DW_AT_TI_symbol_name("_led")
      34                      .dwattr $C$DW$2, DW_AT_type(*$C$DW$T$20)
      35                      .dwattr $C$DW$2, DW_AT_location[DW_OP_reg0]
      36              
      37              
      38              ;***************************************************************
      39              ;* FNAME: _BSP_LED_On                   FR SIZE:   2           *
      40              ;*                                                             *
      41              ;* FUNCTION ENVIRONMENT                                        *
      42              ;*                                                             *
      43              ;* FUNCTION PROPERTIES                                         *
      44              ;*                            0 Parameter,  1 Auto,  0 SOE     *
      45              ;***************************************************************
      46              
      47 00000000       _BSP_LED_On:
      48                      .dwcfi  cfa_offset, -2
      49                      .dwcfi  save_reg_to_mem, 26, 0
      50 00000000 FE02          ADDB      SP,#2                 ; [CPU_ARAU] 
      51                      .dwcfi  cfa_offset, -4
      52              $C$DW$3 .dwtag  DW_TAG_variable
      53                      .dwattr $C$DW$3, DW_AT_name("led")
      54                      .dwattr $C$DW$3, DW_AT_TI_symbol_name("_led")
      55                      .dwattr $C$DW$3, DW_AT_type(*$C$DW$T$20)
TMS320C2000 Assembler PC v20.2.1 Wed Jan  6 17:53:21 2021

Copyright (c) 1996-2018 Texas Instruments Incorporated
bsp_led.asm                                                          PAGE    2

      56                      .dwattr $C$DW$3, DW_AT_location[DW_OP_breg20 -1]
      57              
      58 00000001 9641          MOV       *-SP[1],AL            ; [CPU_ALU] |108| 
      59                      .dwpsn  file "C:/ti/Workspace/PLC_certificate_backup/Examples/TI/TMDSDOCK28335/BSP/bsp_led.c",line 10
      60 00000002 6F14          B         $C$L4,UNC             ; [CPU_ALU] |109| 
      61                      ; branch occurs ; [] |109| 
      62 00000003       $C$L1:    
      63                      .dwpsn  file "C:/ti/Workspace/PLC_certificate_backup/Examples/TI/TMDSDOCK28335/BSP/bsp_led.c",line 11
      64 00000003 8F00          MOVL      XAR4,#28612           ; [CPU_ARAU] |111| 
         00000004 6FC4 
      65 00000005 1ACC          OR        *+XAR4[1],#32768      ; [CPU_ALU] |111| 
         00000006 8000 
      66                      .dwpsn  file "C:/ti/Workspace/PLC_certificate_backup/Examples/TI/TMDSDOCK28335/BSP/bsp_led.c",line 11
      67 00000007 8F00          MOVL      XAR4,#28620           ; [CPU_ARAU] |112| 
         00000008 6FCC 
      68 00000009 1AC4          OR        *+XAR4[0],#4          ; [CPU_ALU] |112| 
         0000000a 0004 
      69                      .dwpsn  file "C:/ti/Workspace/PLC_certificate_backup/Examples/TI/TMDSDOCK28335/BSP/bsp_led.c",line 11
      70 0000000b 6F12          B         $C$L5,UNC             ; [CPU_ALU] |113| 
      71                      ; branch occurs ; [] |113| 
      72 0000000c       $C$L2:    
      73                      .dwpsn  file "C:/ti/Workspace/PLC_certificate_backup/Examples/TI/TMDSDOCK28335/BSP/bsp_led.c",line 11
      74 0000000c 8F00          MOVL      XAR4,#28612           ; [CPU_ARAU] |116| 
         0000000d 6FC4 
      75 0000000e 1ACC          OR        *+XAR4[1],#32768      ; [CPU_ALU] |116| 
         0000000f 8000 
      76                      .dwpsn  file "C:/ti/Workspace/PLC_certificate_backup/Examples/TI/TMDSDOCK28335/BSP/bsp_led.c",line 11
      77 00000010 6F0D          B         $C$L5,UNC             ; [CPU_ALU] |117| 
      78                      ; branch occurs ; [] |117| 
      79 00000011       $C$L3:    
      80                      .dwpsn  file "C:/ti/Workspace/PLC_certificate_backup/Examples/TI/TMDSDOCK28335/BSP/bsp_led.c",line 12
      81 00000011 8F00          MOVL      XAR4,#28620           ; [CPU_ARAU] |120| 
         00000012 6FCC 
      82 00000013 1AC4          OR        *+XAR4[0],#4          ; [CPU_ALU] |120| 
         00000014 0004 
      83                      .dwpsn  file "C:/ti/Workspace/PLC_certificate_backup/Examples/TI/TMDSDOCK28335/BSP/bsp_led.c",line 12
      84 00000015 6F08          B         $C$L5,UNC             ; [CPU_ALU] |121| 
      85                      ; branch occurs ; [] |121| 
      86 00000016       $C$L4:    
      87                      .dwpsn  file "C:/ti/Workspace/PLC_certificate_backup/Examples/TI/TMDSDOCK28335/BSP/bsp_led.c",line 10
      88 00000016 5200          CMPB      AL,#0                 ; [CPU_ALU] |109| 
      89 00000017 61EC          B         $C$L1,EQ              ; [CPU_ALU] |109| 
      90                      ; branchcc occurs ; [] |109| 
      91 00000018 5202          CMPB      AL,#2                 ; [CPU_ALU] |109| 
      92 00000019 61F3          B         $C$L2,EQ              ; [CPU_ALU] |109| 
      93                      ; branchcc occurs ; [] |109| 
      94 0000001a 5203          CMPB      AL,#3                 ; [CPU_ALU] |109| 
      95 0000001b 61F6          B         $C$L3,EQ              ; [CPU_ALU] |109| 
      96                      ; branchcc occurs ; [] |109| 
      97 0000001c 6F01          B         $C$L5,UNC             ; [CPU_ALU] |109| 
      98                      ; branch occurs ; [] |109| 
      99 0000001d       $C$L5:    
     100 0000001d FE82          SUBB      SP,#2                 ; [CPU_ARAU] 
     101                      .dwcfi  cfa_offset, -2
     102              $C$DW$4 .dwtag  DW_TAG_TI_branch
TMS320C2000 Assembler PC v20.2.1 Wed Jan  6 17:53:21 2021

Copyright (c) 1996-2018 Texas Instruments Incorporated
bsp_led.asm                                                          PAGE    3

     103                      .dwattr $C$DW$4, DW_AT_low_pc(0x00)
     104                      .dwattr $C$DW$4, DW_AT_TI_return
     105              
     106 0000001e 0006          LRETR     ; [CPU_ALU] 
     107                      ; return occurs ; [] 
     108                      .dwattr $C$DW$1, DW_AT_TI_end_file("C:/ti/Workspace/PLC_certificate_backup/Examples/TI/TMDSDOCK28335/
     109                      .dwattr $C$DW$1, DW_AT_TI_end_line(0x7e)
     110                      .dwattr $C$DW$1, DW_AT_TI_end_column(0x01)
     111                      .dwendentry
     112                      .dwendtag $C$DW$1
     113              
     114 0000001f               .sect   ".text"
     115                      .clink
     116                      .global _BSP_LED_Off
     117              
     118              $C$DW$5 .dwtag  DW_TAG_subprogram
     119                      .dwattr $C$DW$5, DW_AT_name("BSP_LED_Off")
     120                      .dwattr $C$DW$5, DW_AT_low_pc(_BSP_LED_Off)
     121                      .dwattr $C$DW$5, DW_AT_high_pc(0x00)
     122                      .dwattr $C$DW$5, DW_AT_TI_symbol_name("_BSP_LED_Off")
     123                      .dwattr $C$DW$5, DW_AT_external
     124                      .dwattr $C$DW$5, DW_AT_TI_begin_file("C:/ti/Workspace/PLC_certificate_backup/Examples/TI/TMDSDOCK2833
     125                      .dwattr $C$DW$5, DW_AT_TI_begin_line(0x91)
     126                      .dwattr $C$DW$5, DW_AT_TI_begin_column(0x07)
     127                      .dwattr $C$DW$5, DW_AT_TI_max_frame_size(-4)
     128                      .dwpsn  file "C:/ti/Workspace/PLC_certificate_backup/Examples/TI/TMDSDOCK28335/BSP/bsp_led.c",line 14
     129              
     130                      .dwfde $C$DW$CIE, _BSP_LED_Off
     131              $C$DW$6 .dwtag  DW_TAG_formal_parameter
     132                      .dwattr $C$DW$6, DW_AT_name("led")
     133                      .dwattr $C$DW$6, DW_AT_TI_symbol_name("_led")
     134                      .dwattr $C$DW$6, DW_AT_type(*$C$DW$T$20)
     135                      .dwattr $C$DW$6, DW_AT_location[DW_OP_reg0]
     136              
     137              
     138              ;***************************************************************
     139              ;* FNAME: _BSP_LED_Off                  FR SIZE:   2           *
     140              ;*                                                             *
     141              ;* FUNCTION ENVIRONMENT                                        *
     142              ;*                                                             *
     143              ;* FUNCTION PROPERTIES                                         *
     144              ;*                            0 Parameter,  1 Auto,  0 SOE     *
     145              ;***************************************************************
     146              
     147 0000001f       _BSP_LED_Off:
     148                      .dwcfi  cfa_offset, -2
     149                      .dwcfi  save_reg_to_mem, 26, 0
     150 0000001f FE02          ADDB      SP,#2                 ; [CPU_ARAU] 
     151                      .dwcfi  cfa_offset, -4
     152              $C$DW$7 .dwtag  DW_TAG_variable
     153                      .dwattr $C$DW$7, DW_AT_name("led")
     154                      .dwattr $C$DW$7, DW_AT_TI_symbol_name("_led")
     155                      .dwattr $C$DW$7, DW_AT_type(*$C$DW$T$20)
     156                      .dwattr $C$DW$7, DW_AT_location[DW_OP_breg20 -1]
     157              
TMS320C2000 Assembler PC v20.2.1 Wed Jan  6 17:53:21 2021

Copyright (c) 1996-2018 Texas Instruments Incorporated
bsp_led.asm                                                          PAGE    4

     158 00000020 9641          MOV       *-SP[1],AL            ; [CPU_ALU] |146| 
     159                      .dwpsn  file "C:/ti/Workspace/PLC_certificate_backup/Examples/TI/TMDSDOCK28335/BSP/bsp_led.c",line 14
     160 00000021 6F14          B         $C$L9,UNC             ; [CPU_ALU] |147| 
     161                      ; branch occurs ; [] |147| 
     162 00000022       $C$L6:    
     163                      .dwpsn  file "C:/ti/Workspace/PLC_certificate_backup/Examples/TI/TMDSDOCK28335/BSP/bsp_led.c",line 14
     164 00000022 8F00          MOVL      XAR4,#28610           ; [CPU_ARAU] |149| 
         00000023 6FC2 
     165 00000024 1ACC          OR        *+XAR4[1],#32768      ; [CPU_ALU] |149| 
         00000025 8000 
     166                      .dwpsn  file "C:/ti/Workspace/PLC_certificate_backup/Examples/TI/TMDSDOCK28335/BSP/bsp_led.c",line 15
     167 00000026 8F00          MOVL      XAR4,#28618           ; [CPU_ARAU] |150| 
         00000027 6FCA 
     168 00000028 1AC4          OR        *+XAR4[0],#4          ; [CPU_ALU] |150| 
         00000029 0004 
     169                      .dwpsn  file "C:/ti/Workspace/PLC_certificate_backup/Examples/TI/TMDSDOCK28335/BSP/bsp_led.c",line 15
     170 0000002a 6F12          B         $C$L10,UNC            ; [CPU_ALU] |151| 
     171                      ; branch occurs ; [] |151| 
     172 0000002b       $C$L7:    
     173                      .dwpsn  file "C:/ti/Workspace/PLC_certificate_backup/Examples/TI/TMDSDOCK28335/BSP/bsp_led.c",line 15
     174 0000002b 8F00          MOVL      XAR4,#28610           ; [CPU_ARAU] |154| 
         0000002c 6FC2 
     175 0000002d 1ACC          OR        *+XAR4[1],#32768      ; [CPU_ALU] |154| 
         0000002e 8000 
     176                      .dwpsn  file "C:/ti/Workspace/PLC_certificate_backup/Examples/TI/TMDSDOCK28335/BSP/bsp_led.c",line 15
     177 0000002f 6F0D          B         $C$L10,UNC            ; [CPU_ALU] |155| 
     178                      ; branch occurs ; [] |155| 
     179 00000030       $C$L8:    
     180                      .dwpsn  file "C:/ti/Workspace/PLC_certificate_backup/Examples/TI/TMDSDOCK28335/BSP/bsp_led.c",line 15
     181 00000030 8F00          MOVL      XAR4,#28618           ; [CPU_ARAU] |158| 
         00000031 6FCA 
     182 00000032 1AC4          OR        *+XAR4[0],#4          ; [CPU_ALU] |158| 
         00000033 0004 
     183                      .dwpsn  file "C:/ti/Workspace/PLC_certificate_backup/Examples/TI/TMDSDOCK28335/BSP/bsp_led.c",line 15
     184 00000034 6F08          B         $C$L10,UNC            ; [CPU_ALU] |159| 
     185                      ; branch occurs ; [] |159| 
     186 00000035       $C$L9:    
     187                      .dwpsn  file "C:/ti/Workspace/PLC_certificate_backup/Examples/TI/TMDSDOCK28335/BSP/bsp_led.c",line 14
     188 00000035 5200          CMPB      AL,#0                 ; [CPU_ALU] |147| 
     189 00000036 61EC          B         $C$L6,EQ              ; [CPU_ALU] |147| 
     190                      ; branchcc occurs ; [] |147| 
     191 00000037 5202          CMPB      AL,#2                 ; [CPU_ALU] |147| 
     192 00000038 61F3          B         $C$L7,EQ              ; [CPU_ALU] |147| 
     193                      ; branchcc occurs ; [] |147| 
     194 00000039 5203          CMPB      AL,#3                 ; [CPU_ALU] |147| 
     195 0000003a 61F6          B         $C$L8,EQ              ; [CPU_ALU] |147| 
     196                      ; branchcc occurs ; [] |147| 
     197 0000003b 6F01          B         $C$L10,UNC            ; [CPU_ALU] |147| 
     198                      ; branch occurs ; [] |147| 
     199 0000003c       $C$L10:    
     200 0000003c FE82          SUBB      SP,#2                 ; [CPU_ARAU] 
     201                      .dwcfi  cfa_offset, -2
     202              $C$DW$8 .dwtag  DW_TAG_TI_branch
     203                      .dwattr $C$DW$8, DW_AT_low_pc(0x00)
     204                      .dwattr $C$DW$8, DW_AT_TI_return
TMS320C2000 Assembler PC v20.2.1 Wed Jan  6 17:53:21 2021

Copyright (c) 1996-2018 Texas Instruments Incorporated
bsp_led.asm                                                          PAGE    5

     205              
     206 0000003d 0006          LRETR     ; [CPU_ALU] 
     207                      ; return occurs ; [] 
     208                      .dwattr $C$DW$5, DW_AT_TI_end_file("C:/ti/Workspace/PLC_certificate_backup/Examples/TI/TMDSDOCK28335/
     209                      .dwattr $C$DW$5, DW_AT_TI_end_line(0xa4)
     210                      .dwattr $C$DW$5, DW_AT_TI_end_column(0x01)
     211                      .dwendentry
     212                      .dwendtag $C$DW$5
     213              
     214 0000003e               .sect   ".text"
     215                      .clink
     216                      .global _BSP_LED_Toggle
     217              
     218              $C$DW$9 .dwtag  DW_TAG_subprogram
     219                      .dwattr $C$DW$9, DW_AT_name("BSP_LED_Toggle")
     220                      .dwattr $C$DW$9, DW_AT_low_pc(_BSP_LED_Toggle)
     221                      .dwattr $C$DW$9, DW_AT_high_pc(0x00)
     222                      .dwattr $C$DW$9, DW_AT_TI_symbol_name("_BSP_LED_Toggle")
     223                      .dwattr $C$DW$9, DW_AT_external
     224                      .dwattr $C$DW$9, DW_AT_TI_begin_file("C:/ti/Workspace/PLC_certificate_backup/Examples/TI/TMDSDOCK2833
     225                      .dwattr $C$DW$9, DW_AT_TI_begin_line(0xb7)
     226                      .dwattr $C$DW$9, DW_AT_TI_begin_column(0x07)
     227                      .dwattr $C$DW$9, DW_AT_TI_max_frame_size(-4)
     228                      .dwpsn  file "C:/ti/Workspace/PLC_certificate_backup/Examples/TI/TMDSDOCK28335/BSP/bsp_led.c",line 18
     229              
     230                      .dwfde $C$DW$CIE, _BSP_LED_Toggle
     231              $C$DW$10        .dwtag  DW_TAG_formal_parameter
     232                      .dwattr $C$DW$10, DW_AT_name("led")
     233                      .dwattr $C$DW$10, DW_AT_TI_symbol_name("_led")
     234                      .dwattr $C$DW$10, DW_AT_type(*$C$DW$T$20)
     235                      .dwattr $C$DW$10, DW_AT_location[DW_OP_reg0]
     236              
     237              
     238              ;***************************************************************
     239              ;* FNAME: _BSP_LED_Toggle               FR SIZE:   2           *
     240              ;*                                                             *
     241              ;* FUNCTION ENVIRONMENT                                        *
     242              ;*                                                             *
     243              ;* FUNCTION PROPERTIES                                         *
     244              ;*                            0 Parameter,  1 Auto,  0 SOE     *
     245              ;***************************************************************
     246              
     247 0000003e       _BSP_LED_Toggle:
     248                      .dwcfi  cfa_offset, -2
     249                      .dwcfi  save_reg_to_mem, 26, 0
     250 0000003e FE02          ADDB      SP,#2                 ; [CPU_ARAU] 
     251                      .dwcfi  cfa_offset, -4
     252              $C$DW$11        .dwtag  DW_TAG_variable
     253                      .dwattr $C$DW$11, DW_AT_name("led")
     254                      .dwattr $C$DW$11, DW_AT_TI_symbol_name("_led")
     255                      .dwattr $C$DW$11, DW_AT_type(*$C$DW$T$20)
     256                      .dwattr $C$DW$11, DW_AT_location[DW_OP_breg20 -1]
     257              
     258 0000003f 9641          MOV       *-SP[1],AL            ; [CPU_ALU] |184| 
     259                      .dwpsn  file "C:/ti/Workspace/PLC_certificate_backup/Examples/TI/TMDSDOCK28335/BSP/bsp_led.c",line 18
TMS320C2000 Assembler PC v20.2.1 Wed Jan  6 17:53:21 2021

Copyright (c) 1996-2018 Texas Instruments Incorporated
bsp_led.asm                                                          PAGE    6

     260 00000040 6F14          B         $C$L14,UNC            ; [CPU_ALU] |185| 
     261                      ; branch occurs ; [] |185| 
     262 00000041       $C$L11:    
     263                      .dwpsn  file "C:/ti/Workspace/PLC_certificate_backup/Examples/TI/TMDSDOCK28335/BSP/bsp_led.c",line 18
     264 00000041 8F00          MOVL      XAR4,#28614           ; [CPU_ARAU] |187| 
         00000042 6FC6 
     265 00000043 1ACC          OR        *+XAR4[1],#32768      ; [CPU_ALU] |187| 
         00000044 8000 
     266                      .dwpsn  file "C:/ti/Workspace/PLC_certificate_backup/Examples/TI/TMDSDOCK28335/BSP/bsp_led.c",line 18
     267 00000045 8F00          MOVL      XAR4,#28622           ; [CPU_ARAU] |188| 
         00000046 6FCE 
     268 00000047 1AC4          OR        *+XAR4[0],#4          ; [CPU_ALU] |188| 
         00000048 0004 
     269                      .dwpsn  file "C:/ti/Workspace/PLC_certificate_backup/Examples/TI/TMDSDOCK28335/BSP/bsp_led.c",line 18
     270 00000049 6F12          B         $C$L15,UNC            ; [CPU_ALU] |189| 
     271                      ; branch occurs ; [] |189| 
     272 0000004a       $C$L12:    
     273                      .dwpsn  file "C:/ti/Workspace/PLC_certificate_backup/Examples/TI/TMDSDOCK28335/BSP/bsp_led.c",line 19
     274 0000004a 8F00          MOVL      XAR4,#28614           ; [CPU_ARAU] |192| 
         0000004b 6FC6 
     275 0000004c 1ACC          OR        *+XAR4[1],#32768      ; [CPU_ALU] |192| 
         0000004d 8000 
     276                      .dwpsn  file "C:/ti/Workspace/PLC_certificate_backup/Examples/TI/TMDSDOCK28335/BSP/bsp_led.c",line 19
     277 0000004e 6F0D          B         $C$L15,UNC            ; [CPU_ALU] |193| 
     278                      ; branch occurs ; [] |193| 
     279 0000004f       $C$L13:    
     280                      .dwpsn  file "C:/ti/Workspace/PLC_certificate_backup/Examples/TI/TMDSDOCK28335/BSP/bsp_led.c",line 19
     281 0000004f 8F00          MOVL      XAR4,#28622           ; [CPU_ARAU] |196| 
         00000050 6FCE 
     282 00000051 1AC4          OR        *+XAR4[0],#4          ; [CPU_ALU] |196| 
         00000052 0004 
     283                      .dwpsn  file "C:/ti/Workspace/PLC_certificate_backup/Examples/TI/TMDSDOCK28335/BSP/bsp_led.c",line 19
     284 00000053 6F08          B         $C$L15,UNC            ; [CPU_ALU] |197| 
     285                      ; branch occurs ; [] |197| 
     286 00000054       $C$L14:    
     287                      .dwpsn  file "C:/ti/Workspace/PLC_certificate_backup/Examples/TI/TMDSDOCK28335/BSP/bsp_led.c",line 18
     288 00000054 5200          CMPB      AL,#0                 ; [CPU_ALU] |185| 
     289 00000055 61EC          B         $C$L11,EQ             ; [CPU_ALU] |185| 
     290                      ; branchcc occurs ; [] |185| 
     291 00000056 5202          CMPB      AL,#2                 ; [CPU_ALU] |185| 
     292 00000057 61F3          B         $C$L12,EQ             ; [CPU_ALU] |185| 
     293                      ; branchcc occurs ; [] |185| 
     294 00000058 5203          CMPB      AL,#3                 ; [CPU_ALU] |185| 
     295 00000059 61F6          B         $C$L13,EQ             ; [CPU_ALU] |185| 
     296                      ; branchcc occurs ; [] |185| 
     297 0000005a 6F01          B         $C$L15,UNC            ; [CPU_ALU] |185| 
     298                      ; branch occurs ; [] |185| 
     299 0000005b       $C$L15:    
     300 0000005b FE82          SUBB      SP,#2                 ; [CPU_ARAU] 
     301                      .dwcfi  cfa_offset, -2
     302              $C$DW$12        .dwtag  DW_TAG_TI_branch
     303                      .dwattr $C$DW$12, DW_AT_low_pc(0x00)
     304                      .dwattr $C$DW$12, DW_AT_TI_return
     305              
     306 0000005c 0006          LRETR     ; [CPU_ALU] 
TMS320C2000 Assembler PC v20.2.1 Wed Jan  6 17:53:21 2021

Copyright (c) 1996-2018 Texas Instruments Incorporated
bsp_led.asm                                                          PAGE    7

     307                      ; return occurs ; [] 
     308                      .dwattr $C$DW$9, DW_AT_TI_end_file("C:/ti/Workspace/PLC_certificate_backup/Examples/TI/TMDSDOCK28335/
     309                      .dwattr $C$DW$9, DW_AT_TI_end_line(0xca)
     310                      .dwattr $C$DW$9, DW_AT_TI_end_column(0x01)
     311                      .dwendentry
     312                      .dwendtag $C$DW$9
     313              
     314              
     315              ;***************************************************************
     316              ;* TYPE INFORMATION                                            *
     317              ;***************************************************************
     318              $C$DW$T$2       .dwtag  DW_TAG_unspecified_type
     319                      .dwattr $C$DW$T$2, DW_AT_name("void")
     320              
     321              $C$DW$T$4       .dwtag  DW_TAG_base_type
     322                      .dwattr $C$DW$T$4, DW_AT_encoding(DW_ATE_boolean)
     323                      .dwattr $C$DW$T$4, DW_AT_name("bool")
     324                      .dwattr $C$DW$T$4, DW_AT_byte_size(0x01)
     325              
     326              $C$DW$T$5       .dwtag  DW_TAG_base_type
     327                      .dwattr $C$DW$T$5, DW_AT_encoding(DW_ATE_signed_char)
     328                      .dwattr $C$DW$T$5, DW_AT_name("signed char")
     329                      .dwattr $C$DW$T$5, DW_AT_byte_size(0x01)
     330              
     331              $C$DW$T$6       .dwtag  DW_TAG_base_type
     332                      .dwattr $C$DW$T$6, DW_AT_encoding(DW_ATE_unsigned_char)
     333                      .dwattr $C$DW$T$6, DW_AT_name("unsigned char")
     334                      .dwattr $C$DW$T$6, DW_AT_byte_size(0x01)
     335              
     336              $C$DW$T$7       .dwtag  DW_TAG_base_type
     337                      .dwattr $C$DW$T$7, DW_AT_encoding(DW_ATE_signed_char)
     338                      .dwattr $C$DW$T$7, DW_AT_name("wchar_t")
     339                      .dwattr $C$DW$T$7, DW_AT_byte_size(0x01)
     340              
     341              $C$DW$T$8       .dwtag  DW_TAG_base_type
     342                      .dwattr $C$DW$T$8, DW_AT_encoding(DW_ATE_signed)
     343                      .dwattr $C$DW$T$8, DW_AT_name("short")
     344                      .dwattr $C$DW$T$8, DW_AT_byte_size(0x01)
     345              
     346              $C$DW$T$9       .dwtag  DW_TAG_base_type
     347                      .dwattr $C$DW$T$9, DW_AT_encoding(DW_ATE_unsigned)
     348                      .dwattr $C$DW$T$9, DW_AT_name("unsigned short")
     349                      .dwattr $C$DW$T$9, DW_AT_byte_size(0x01)
     350              
     351              $C$DW$T$19      .dwtag  DW_TAG_typedef
     352                      .dwattr $C$DW$T$19, DW_AT_name("CPU_INT16U")
     353                      .dwattr $C$DW$T$19, DW_AT_type(*$C$DW$T$9)
     354                      .dwattr $C$DW$T$19, DW_AT_language(DW_LANG_C)
     355              
     356              $C$DW$T$20      .dwtag  DW_TAG_typedef
     357                      .dwattr $C$DW$T$20, DW_AT_name("CPU_DATA")
     358                      .dwattr $C$DW$T$20, DW_AT_type(*$C$DW$T$19)
     359                      .dwattr $C$DW$T$20, DW_AT_language(DW_LANG_C)
     360              
     361              $C$DW$T$10      .dwtag  DW_TAG_base_type
TMS320C2000 Assembler PC v20.2.1 Wed Jan  6 17:53:21 2021

Copyright (c) 1996-2018 Texas Instruments Incorporated
bsp_led.asm                                                          PAGE    8

     362                      .dwattr $C$DW$T$10, DW_AT_encoding(DW_ATE_signed)
     363                      .dwattr $C$DW$T$10, DW_AT_name("int")
     364                      .dwattr $C$DW$T$10, DW_AT_byte_size(0x01)
     365              
     366              $C$DW$T$11      .dwtag  DW_TAG_base_type
     367                      .dwattr $C$DW$T$11, DW_AT_encoding(DW_ATE_unsigned)
     368                      .dwattr $C$DW$T$11, DW_AT_name("unsigned int")
     369                      .dwattr $C$DW$T$11, DW_AT_byte_size(0x01)
     370              
     371              $C$DW$T$12      .dwtag  DW_TAG_base_type
     372                      .dwattr $C$DW$T$12, DW_AT_encoding(DW_ATE_signed)
     373                      .dwattr $C$DW$T$12, DW_AT_name("long")
     374                      .dwattr $C$DW$T$12, DW_AT_byte_size(0x02)
     375              
     376              $C$DW$T$13      .dwtag  DW_TAG_base_type
     377                      .dwattr $C$DW$T$13, DW_AT_encoding(DW_ATE_unsigned)
     378                      .dwattr $C$DW$T$13, DW_AT_name("unsigned long")
     379                      .dwattr $C$DW$T$13, DW_AT_byte_size(0x02)
     380              
     381              $C$DW$T$22      .dwtag  DW_TAG_typedef
     382                      .dwattr $C$DW$T$22, DW_AT_name("CPU_INT32U")
     383                      .dwattr $C$DW$T$22, DW_AT_type(*$C$DW$T$13)
     384                      .dwattr $C$DW$T$22, DW_AT_language(DW_LANG_C)
     385              
     386              $C$DW$T$14      .dwtag  DW_TAG_base_type
     387                      .dwattr $C$DW$T$14, DW_AT_encoding(DW_ATE_signed)
     388                      .dwattr $C$DW$T$14, DW_AT_name("long long")
     389                      .dwattr $C$DW$T$14, DW_AT_byte_size(0x04)
     390              
     391              $C$DW$T$15      .dwtag  DW_TAG_base_type
     392                      .dwattr $C$DW$T$15, DW_AT_encoding(DW_ATE_unsigned)
     393                      .dwattr $C$DW$T$15, DW_AT_name("unsigned long long")
     394                      .dwattr $C$DW$T$15, DW_AT_byte_size(0x04)
     395              
     396              $C$DW$T$16      .dwtag  DW_TAG_base_type
     397                      .dwattr $C$DW$T$16, DW_AT_encoding(DW_ATE_float)
     398                      .dwattr $C$DW$T$16, DW_AT_name("float")
     399                      .dwattr $C$DW$T$16, DW_AT_byte_size(0x02)
     400              
     401              $C$DW$T$17      .dwtag  DW_TAG_base_type
     402                      .dwattr $C$DW$T$17, DW_AT_encoding(DW_ATE_float)
     403                      .dwattr $C$DW$T$17, DW_AT_name("double")
     404                      .dwattr $C$DW$T$17, DW_AT_byte_size(0x02)
     405              
     406              $C$DW$T$18      .dwtag  DW_TAG_base_type
     407                      .dwattr $C$DW$T$18, DW_AT_encoding(DW_ATE_float)
     408                      .dwattr $C$DW$T$18, DW_AT_name("long double")
     409                      .dwattr $C$DW$T$18, DW_AT_byte_size(0x04)
     410              
     411                      .dwattr $C$DW$CU, DW_AT_language(DW_LANG_C)
     412              
     413              ;***************************************************************
     414              ;* DWARF CIE ENTRIES                                           *
     415              ;***************************************************************
     416              
TMS320C2000 Assembler PC v20.2.1 Wed Jan  6 17:53:21 2021

Copyright (c) 1996-2018 Texas Instruments Incorporated
bsp_led.asm                                                          PAGE    9

     417              $C$DW$CIE       .dwcie 26
     418                      .dwcfi  cfa_register, 20
     419                      .dwcfi  cfa_offset, 0
     420                      .dwcfi  same_value, 28
     421                      .dwcfi  same_value, 6
     422                      .dwcfi  same_value, 7
     423                      .dwcfi  same_value, 8
     424                      .dwcfi  same_value, 9
     425                      .dwcfi  same_value, 10
     426                      .dwcfi  same_value, 11
     427                      .dwcfi  same_value, 59
     428                      .dwcfi  same_value, 63
     429                      .dwcfi  same_value, 67
     430                      .dwcfi  same_value, 71
     431                      .dwendentry
     432              
     433              ;***************************************************************
     434              ;* DWARF REGISTER MAP                                          *
     435              ;***************************************************************
     436              
     437              $C$DW$13        .dwtag  DW_TAG_TI_assign_register
     438                      .dwattr $C$DW$13, DW_AT_name("AL")
     439                      .dwattr $C$DW$13, DW_AT_location[DW_OP_reg0]
     440              
     441              $C$DW$14        .dwtag  DW_TAG_TI_assign_register
     442                      .dwattr $C$DW$14, DW_AT_name("AH")
     443                      .dwattr $C$DW$14, DW_AT_location[DW_OP_reg1]
     444              
     445              $C$DW$15        .dwtag  DW_TAG_TI_assign_register
     446                      .dwattr $C$DW$15, DW_AT_name("PL")
     447                      .dwattr $C$DW$15, DW_AT_location[DW_OP_reg2]
     448              
     449              $C$DW$16        .dwtag  DW_TAG_TI_assign_register
     450                      .dwattr $C$DW$16, DW_AT_name("PH")
     451                      .dwattr $C$DW$16, DW_AT_location[DW_OP_reg3]
     452              
     453              $C$DW$17        .dwtag  DW_TAG_TI_assign_register
     454                      .dwattr $C$DW$17, DW_AT_name("SP")
     455                      .dwattr $C$DW$17, DW_AT_location[DW_OP_reg20]
     456              
     457              $C$DW$18        .dwtag  DW_TAG_TI_assign_register
     458                      .dwattr $C$DW$18, DW_AT_name("XT")
     459                      .dwattr $C$DW$18, DW_AT_location[DW_OP_reg21]
     460              
     461              $C$DW$19        .dwtag  DW_TAG_TI_assign_register
     462                      .dwattr $C$DW$19, DW_AT_name("T")
     463                      .dwattr $C$DW$19, DW_AT_location[DW_OP_reg22]
     464              
     465              $C$DW$20        .dwtag  DW_TAG_TI_assign_register
     466                      .dwattr $C$DW$20, DW_AT_name("ST0")
     467                      .dwattr $C$DW$20, DW_AT_location[DW_OP_reg23]
     468              
     469              $C$DW$21        .dwtag  DW_TAG_TI_assign_register
     470                      .dwattr $C$DW$21, DW_AT_name("ST1")
     471                      .dwattr $C$DW$21, DW_AT_location[DW_OP_reg24]
TMS320C2000 Assembler PC v20.2.1 Wed Jan  6 17:53:21 2021

Copyright (c) 1996-2018 Texas Instruments Incorporated
bsp_led.asm                                                          PAGE   10

     472              
     473              $C$DW$22        .dwtag  DW_TAG_TI_assign_register
     474                      .dwattr $C$DW$22, DW_AT_name("PC")
     475                      .dwattr $C$DW$22, DW_AT_location[DW_OP_reg25]
     476              
     477              $C$DW$23        .dwtag  DW_TAG_TI_assign_register
     478                      .dwattr $C$DW$23, DW_AT_name("RPC")
     479                      .dwattr $C$DW$23, DW_AT_location[DW_OP_reg26]
     480              
     481              $C$DW$24        .dwtag  DW_TAG_TI_assign_register
     482                      .dwattr $C$DW$24, DW_AT_name("FP")
     483                      .dwattr $C$DW$24, DW_AT_location[DW_OP_reg28]
     484              
     485              $C$DW$25        .dwtag  DW_TAG_TI_assign_register
     486                      .dwattr $C$DW$25, DW_AT_name("DP")
     487                      .dwattr $C$DW$25, DW_AT_location[DW_OP_reg29]
     488              
     489              $C$DW$26        .dwtag  DW_TAG_TI_assign_register
     490                      .dwattr $C$DW$26, DW_AT_name("SXM")
     491                      .dwattr $C$DW$26, DW_AT_location[DW_OP_reg30]
     492              
     493              $C$DW$27        .dwtag  DW_TAG_TI_assign_register
     494                      .dwattr $C$DW$27, DW_AT_name("PM")
     495                      .dwattr $C$DW$27, DW_AT_location[DW_OP_reg31]
     496              
     497              $C$DW$28        .dwtag  DW_TAG_TI_assign_register
     498                      .dwattr $C$DW$28, DW_AT_name("OVM")
     499                      .dwattr $C$DW$28, DW_AT_location[DW_OP_regx 0x20]
     500              
     501              $C$DW$29        .dwtag  DW_TAG_TI_assign_register
     502                      .dwattr $C$DW$29, DW_AT_name("PAGE0")
     503                      .dwattr $C$DW$29, DW_AT_location[DW_OP_regx 0x21]
     504              
     505              $C$DW$30        .dwtag  DW_TAG_TI_assign_register
     506                      .dwattr $C$DW$30, DW_AT_name("AMODE")
     507                      .dwattr $C$DW$30, DW_AT_location[DW_OP_regx 0x22]
     508              
     509              $C$DW$31        .dwtag  DW_TAG_TI_assign_register
     510                      .dwattr $C$DW$31, DW_AT_name("EALLOW")
     511                      .dwattr $C$DW$31, DW_AT_location[DW_OP_regx 0x4e]
     512              
     513              $C$DW$32        .dwtag  DW_TAG_TI_assign_register
     514                      .dwattr $C$DW$32, DW_AT_name("INTM")
     515                      .dwattr $C$DW$32, DW_AT_location[DW_OP_regx 0x23]
     516              
     517              $C$DW$33        .dwtag  DW_TAG_TI_assign_register
     518                      .dwattr $C$DW$33, DW_AT_name("IFR")
     519                      .dwattr $C$DW$33, DW_AT_location[DW_OP_regx 0x24]
     520              
     521              $C$DW$34        .dwtag  DW_TAG_TI_assign_register
     522                      .dwattr $C$DW$34, DW_AT_name("IER")
     523                      .dwattr $C$DW$34, DW_AT_location[DW_OP_regx 0x25]
     524              
     525              $C$DW$35        .dwtag  DW_TAG_TI_assign_register
     526                      .dwattr $C$DW$35, DW_AT_name("V")
TMS320C2000 Assembler PC v20.2.1 Wed Jan  6 17:53:21 2021

Copyright (c) 1996-2018 Texas Instruments Incorporated
bsp_led.asm                                                          PAGE   11

     527                      .dwattr $C$DW$35, DW_AT_location[DW_OP_regx 0x26]
     528              
     529              $C$DW$36        .dwtag  DW_TAG_TI_assign_register
     530                      .dwattr $C$DW$36, DW_AT_name("PSEUDOH")
     531                      .dwattr $C$DW$36, DW_AT_location[DW_OP_regx 0x4c]
     532              
     533              $C$DW$37        .dwtag  DW_TAG_TI_assign_register
     534                      .dwattr $C$DW$37, DW_AT_name("VOL")
     535                      .dwattr $C$DW$37, DW_AT_location[DW_OP_regx 0x4d]
     536              
     537              $C$DW$38        .dwtag  DW_TAG_TI_assign_register
     538                      .dwattr $C$DW$38, DW_AT_name("AR0")
     539                      .dwattr $C$DW$38, DW_AT_location[DW_OP_reg4]
     540              
     541              $C$DW$39        .dwtag  DW_TAG_TI_assign_register
     542                      .dwattr $C$DW$39, DW_AT_name("XAR0")
     543                      .dwattr $C$DW$39, DW_AT_location[DW_OP_reg5]
     544              
     545              $C$DW$40        .dwtag  DW_TAG_TI_assign_register
     546                      .dwattr $C$DW$40, DW_AT_name("AR1")
     547                      .dwattr $C$DW$40, DW_AT_location[DW_OP_reg6]
     548              
     549              $C$DW$41        .dwtag  DW_TAG_TI_assign_register
     550                      .dwattr $C$DW$41, DW_AT_name("XAR1")
     551                      .dwattr $C$DW$41, DW_AT_location[DW_OP_reg7]
     552              
     553              $C$DW$42        .dwtag  DW_TAG_TI_assign_register
     554                      .dwattr $C$DW$42, DW_AT_name("AR2")
     555                      .dwattr $C$DW$42, DW_AT_location[DW_OP_reg8]
     556              
     557              $C$DW$43        .dwtag  DW_TAG_TI_assign_register
     558                      .dwattr $C$DW$43, DW_AT_name("XAR2")
     559                      .dwattr $C$DW$43, DW_AT_location[DW_OP_reg9]
     560              
     561              $C$DW$44        .dwtag  DW_TAG_TI_assign_register
     562                      .dwattr $C$DW$44, DW_AT_name("AR3")
     563                      .dwattr $C$DW$44, DW_AT_location[DW_OP_reg10]
     564              
     565              $C$DW$45        .dwtag  DW_TAG_TI_assign_register
     566                      .dwattr $C$DW$45, DW_AT_name("XAR3")
     567                      .dwattr $C$DW$45, DW_AT_location[DW_OP_reg11]
     568              
     569              $C$DW$46        .dwtag  DW_TAG_TI_assign_register
     570                      .dwattr $C$DW$46, DW_AT_name("AR4")
     571                      .dwattr $C$DW$46, DW_AT_location[DW_OP_reg12]
     572              
     573              $C$DW$47        .dwtag  DW_TAG_TI_assign_register
     574                      .dwattr $C$DW$47, DW_AT_name("XAR4")
     575                      .dwattr $C$DW$47, DW_AT_location[DW_OP_reg13]
     576              
     577              $C$DW$48        .dwtag  DW_TAG_TI_assign_register
     578                      .dwattr $C$DW$48, DW_AT_name("AR5")
     579                      .dwattr $C$DW$48, DW_AT_location[DW_OP_reg14]
     580              
     581              $C$DW$49        .dwtag  DW_TAG_TI_assign_register
TMS320C2000 Assembler PC v20.2.1 Wed Jan  6 17:53:21 2021

Copyright (c) 1996-2018 Texas Instruments Incorporated
bsp_led.asm                                                          PAGE   12

     582                      .dwattr $C$DW$49, DW_AT_name("XAR5")
     583                      .dwattr $C$DW$49, DW_AT_location[DW_OP_reg15]
     584              
     585              $C$DW$50        .dwtag  DW_TAG_TI_assign_register
     586                      .dwattr $C$DW$50, DW_AT_name("AR6")
     587                      .dwattr $C$DW$50, DW_AT_location[DW_OP_reg16]
     588              
     589              $C$DW$51        .dwtag  DW_TAG_TI_assign_register
     590                      .dwattr $C$DW$51, DW_AT_name("XAR6")
     591                      .dwattr $C$DW$51, DW_AT_location[DW_OP_reg17]
     592              
     593              $C$DW$52        .dwtag  DW_TAG_TI_assign_register
     594                      .dwattr $C$DW$52, DW_AT_name("AR7")
     595                      .dwattr $C$DW$52, DW_AT_location[DW_OP_reg18]
     596              
     597              $C$DW$53        .dwtag  DW_TAG_TI_assign_register
     598                      .dwattr $C$DW$53, DW_AT_name("XAR7")
     599                      .dwattr $C$DW$53, DW_AT_location[DW_OP_reg19]
     600              
     601              $C$DW$54        .dwtag  DW_TAG_TI_assign_register
     602                      .dwattr $C$DW$54, DW_AT_name("R0H")
     603                      .dwattr $C$DW$54, DW_AT_location[DW_OP_regx 0x2b]
     604              
     605              $C$DW$55        .dwtag  DW_TAG_TI_assign_register
     606                      .dwattr $C$DW$55, DW_AT_name("R1H")
     607                      .dwattr $C$DW$55, DW_AT_location[DW_OP_regx 0x2f]
     608              
     609              $C$DW$56        .dwtag  DW_TAG_TI_assign_register
     610                      .dwattr $C$DW$56, DW_AT_name("R2H")
     611                      .dwattr $C$DW$56, DW_AT_location[DW_OP_regx 0x33]
     612              
     613              $C$DW$57        .dwtag  DW_TAG_TI_assign_register
     614                      .dwattr $C$DW$57, DW_AT_name("R3H")
     615                      .dwattr $C$DW$57, DW_AT_location[DW_OP_regx 0x37]
     616              
     617              $C$DW$58        .dwtag  DW_TAG_TI_assign_register
     618                      .dwattr $C$DW$58, DW_AT_name("R4H")
     619                      .dwattr $C$DW$58, DW_AT_location[DW_OP_regx 0x3b]
     620              
     621              $C$DW$59        .dwtag  DW_TAG_TI_assign_register
     622                      .dwattr $C$DW$59, DW_AT_name("R5H")
     623                      .dwattr $C$DW$59, DW_AT_location[DW_OP_regx 0x3f]
     624              
     625              $C$DW$60        .dwtag  DW_TAG_TI_assign_register
     626                      .dwattr $C$DW$60, DW_AT_name("R6H")
     627                      .dwattr $C$DW$60, DW_AT_location[DW_OP_regx 0x43]
     628              
     629              $C$DW$61        .dwtag  DW_TAG_TI_assign_register
     630                      .dwattr $C$DW$61, DW_AT_name("R7H")
     631                      .dwattr $C$DW$61, DW_AT_location[DW_OP_regx 0x47]
     632              
     633              $C$DW$62        .dwtag  DW_TAG_TI_assign_register
     634                      .dwattr $C$DW$62, DW_AT_name("RB")
     635                      .dwattr $C$DW$62, DW_AT_location[DW_OP_regx 0x4a]
     636              
TMS320C2000 Assembler PC v20.2.1 Wed Jan  6 17:53:21 2021

Copyright (c) 1996-2018 Texas Instruments Incorporated
bsp_led.asm                                                          PAGE   13

     637              $C$DW$63        .dwtag  DW_TAG_TI_assign_register
     638                      .dwattr $C$DW$63, DW_AT_name("STF")
     639                      .dwattr $C$DW$63, DW_AT_location[DW_OP_regx 0x28]
     640              
     641              $C$DW$64        .dwtag  DW_TAG_TI_assign_register
     642                      .dwattr $C$DW$64, DW_AT_name("FPUHAZ")
     643                      .dwattr $C$DW$64, DW_AT_location[DW_OP_reg27]
     644              
     645              $C$DW$65        .dwtag  DW_TAG_TI_assign_register
     646                      .dwattr $C$DW$65, DW_AT_name("STF_HWDIV")
     647                      .dwattr $C$DW$65, DW_AT_location[DW_OP_regx 0x4f]
     648              
     649                      .dwendtag $C$DW$CU
     650              

No Assembly Errors, No Assembly Warnings
