TMS320C2000 Assembler PC v20.2.1 Wed Jan  6 17:53:21 2021

Copyright (c) 1996-2018 Texas Instruments Incorporated
cpu_bsp.asm                                                          PAGE    1

       1              ;***************************************************************
       2              ;* TMS320C2000 G3 C/C++ Codegen                               PC v20.2.1.LTS *
       3              ;* Date/Time created: Wed Jan  6 17:53:21 2021                 *
       4              ;***************************************************************
       5                      .compiler_opts --abi=coffabi --diag_wrap=off --float_support=fpu32 --hll_source=on --mem_model:code=f
       6                      .asg    XAR2, FP
       7              
       8              $C$DW$CU        .dwtag  DW_TAG_compile_unit
       9                      .dwattr $C$DW$CU, DW_AT_name("C:/ti/Workspace/PLC_certificate_backup/Examples/TI/TMDSDOCK28335/BSP/cp
      10                      .dwattr $C$DW$CU, DW_AT_producer("TI TMS320C2000 G3 C/C++ Codegen PC v20.2.1.LTS Copyright (c) 1996-2
      11                      .dwattr $C$DW$CU, DW_AT_TI_version(0x01)
      12                      .dwattr $C$DW$CU, DW_AT_comp_dir("C:\ti\Workspace\PLC_certificate_backup\Examples\TI\TMDSDOCK28335\OS
      13              ;       C:\ti\ccs1011\ccs\tools\compiler\ti-cgt-c2000_20.2.1.LTS\bin\ac2000.exe -@C:\\Users\\LEEKEO~1\\AppDat
      14              
      15              ;***************************************************************
      16              ;* TYPE INFORMATION                                            *
      17              ;***************************************************************
      18              $C$DW$T$2       .dwtag  DW_TAG_unspecified_type
      19                      .dwattr $C$DW$T$2, DW_AT_name("void")
      20              
      21              $C$DW$T$4       .dwtag  DW_TAG_base_type
      22                      .dwattr $C$DW$T$4, DW_AT_encoding(DW_ATE_boolean)
      23                      .dwattr $C$DW$T$4, DW_AT_name("bool")
      24                      .dwattr $C$DW$T$4, DW_AT_byte_size(0x01)
      25              
      26              $C$DW$T$5       .dwtag  DW_TAG_base_type
      27                      .dwattr $C$DW$T$5, DW_AT_encoding(DW_ATE_signed_char)
      28                      .dwattr $C$DW$T$5, DW_AT_name("signed char")
      29                      .dwattr $C$DW$T$5, DW_AT_byte_size(0x01)
      30              
      31              $C$DW$T$6       .dwtag  DW_TAG_base_type
      32                      .dwattr $C$DW$T$6, DW_AT_encoding(DW_ATE_unsigned_char)
      33                      .dwattr $C$DW$T$6, DW_AT_name("unsigned char")
      34                      .dwattr $C$DW$T$6, DW_AT_byte_size(0x01)
      35              
      36              $C$DW$T$7       .dwtag  DW_TAG_base_type
      37                      .dwattr $C$DW$T$7, DW_AT_encoding(DW_ATE_signed_char)
      38                      .dwattr $C$DW$T$7, DW_AT_name("wchar_t")
      39                      .dwattr $C$DW$T$7, DW_AT_byte_size(0x01)
      40              
      41              $C$DW$T$8       .dwtag  DW_TAG_base_type
      42                      .dwattr $C$DW$T$8, DW_AT_encoding(DW_ATE_signed)
      43                      .dwattr $C$DW$T$8, DW_AT_name("short")
      44                      .dwattr $C$DW$T$8, DW_AT_byte_size(0x01)
      45              
      46              $C$DW$T$9       .dwtag  DW_TAG_base_type
      47                      .dwattr $C$DW$T$9, DW_AT_encoding(DW_ATE_unsigned)
      48                      .dwattr $C$DW$T$9, DW_AT_name("unsigned short")
      49                      .dwattr $C$DW$T$9, DW_AT_byte_size(0x01)
      50              
      51              $C$DW$T$10      .dwtag  DW_TAG_base_type
      52                      .dwattr $C$DW$T$10, DW_AT_encoding(DW_ATE_signed)
      53                      .dwattr $C$DW$T$10, DW_AT_name("int")
      54                      .dwattr $C$DW$T$10, DW_AT_byte_size(0x01)
      55              
TMS320C2000 Assembler PC v20.2.1 Wed Jan  6 17:53:21 2021

Copyright (c) 1996-2018 Texas Instruments Incorporated
cpu_bsp.asm                                                          PAGE    2

      56              $C$DW$T$11      .dwtag  DW_TAG_base_type
      57                      .dwattr $C$DW$T$11, DW_AT_encoding(DW_ATE_unsigned)
      58                      .dwattr $C$DW$T$11, DW_AT_name("unsigned int")
      59                      .dwattr $C$DW$T$11, DW_AT_byte_size(0x01)
      60              
      61              $C$DW$T$12      .dwtag  DW_TAG_base_type
      62                      .dwattr $C$DW$T$12, DW_AT_encoding(DW_ATE_signed)
      63                      .dwattr $C$DW$T$12, DW_AT_name("long")
      64                      .dwattr $C$DW$T$12, DW_AT_byte_size(0x02)
      65              
      66              $C$DW$T$13      .dwtag  DW_TAG_base_type
      67                      .dwattr $C$DW$T$13, DW_AT_encoding(DW_ATE_unsigned)
      68                      .dwattr $C$DW$T$13, DW_AT_name("unsigned long")
      69                      .dwattr $C$DW$T$13, DW_AT_byte_size(0x02)
      70              
      71              $C$DW$T$14      .dwtag  DW_TAG_base_type
      72                      .dwattr $C$DW$T$14, DW_AT_encoding(DW_ATE_signed)
      73                      .dwattr $C$DW$T$14, DW_AT_name("long long")
      74                      .dwattr $C$DW$T$14, DW_AT_byte_size(0x04)
      75              
      76              $C$DW$T$15      .dwtag  DW_TAG_base_type
      77                      .dwattr $C$DW$T$15, DW_AT_encoding(DW_ATE_unsigned)
      78                      .dwattr $C$DW$T$15, DW_AT_name("unsigned long long")
      79                      .dwattr $C$DW$T$15, DW_AT_byte_size(0x04)
      80              
      81              $C$DW$T$16      .dwtag  DW_TAG_base_type
      82                      .dwattr $C$DW$T$16, DW_AT_encoding(DW_ATE_float)
      83                      .dwattr $C$DW$T$16, DW_AT_name("float")
      84                      .dwattr $C$DW$T$16, DW_AT_byte_size(0x02)
      85              
      86              $C$DW$T$17      .dwtag  DW_TAG_base_type
      87                      .dwattr $C$DW$T$17, DW_AT_encoding(DW_ATE_float)
      88                      .dwattr $C$DW$T$17, DW_AT_name("double")
      89                      .dwattr $C$DW$T$17, DW_AT_byte_size(0x02)
      90              
      91              $C$DW$T$18      .dwtag  DW_TAG_base_type
      92                      .dwattr $C$DW$T$18, DW_AT_encoding(DW_ATE_float)
      93                      .dwattr $C$DW$T$18, DW_AT_name("long double")
      94                      .dwattr $C$DW$T$18, DW_AT_byte_size(0x04)
      95              
      96                      .dwendtag $C$DW$CU
      97              

No Assembly Errors, No Assembly Warnings
